
> school-timetable@2.0.0 typecheck B:\Dev\school-timetable-senior-project
> tsc --noEmit

scripts/migrate-configid.ts(172,9): error TS2322: Type 'string | undefined' is not assignable to type 'string'.
  Type 'undefined' is not assignable to type 'string'.
scripts/migrate-configid.ts(177,11): error TS2322: Type 'string | undefined' is not assignable to type 'string'.
  Type 'undefined' is not assignable to type 'string'.
scripts/migrate-configid.ts(178,11): error TS2322: Type 'string | undefined' is not assignable to type 'string'.
  Type 'undefined' is not assignable to type 'string'.
scripts/verify-configid-migration.ts(71,43): error TS2345: Argument of type 'string | undefined' is not assignable to parameter of type 'string'.
  Type 'undefined' is not assignable to type 'string'.
scripts/verify-configid-migration.ts(71,71): error TS2345: Argument of type 'string | undefined' is not assignable to parameter of type 'string'.
  Type 'undefined' is not assignable to type 'string'.
scripts/verify-configid-migration.ts(78,5): error TS2322: Type 'string | undefined' is not assignable to type 'string'.
  Type 'undefined' is not assignable to type 'string'.
scripts/verify-configid-migration.ts(84,5): error TS2322: Type 'string | undefined' is not assignable to type 'string'.
  Type 'undefined' is not assignable to type 'string'.
scripts/verify-program-seed.ts(49,7): error TS2532: Object is possibly 'undefined'.
src/app/api/admin/seed-semesters/route.ts(53,43): error TS18048: 'period' is possibly 'undefined'.
src/app/api/admin/seed-semesters/route.ts(54,41): error TS18048: 'period' is possibly 'undefined'.
src/app/api/admin/seed-semesters/route.ts(55,20): error TS18048: 'period' is possibly 'undefined'.
src/app/dashboard/[semesterAndyear]/all-program/page.tsx(121,43): error TS2532: Object is possibly 'undefined'.
src/app/dashboard/[semesterAndyear]/all-program/page.tsx(174,17): error TS2345: Argument of type 'string | undefined' is not assignable to parameter of type 'string'.
  Type 'undefined' is not assignable to type 'string'.
src/app/dashboard/[semesterAndyear]/all-program/page.tsx(174,44): error TS2345: Argument of type 'string | undefined' is not assignable to parameter of type 'string'.
  Type 'undefined' is not assignable to type 'string'.
src/app/dashboard/[semesterAndyear]/all-program/page.tsx(177,17): error TS2345: Argument of type 'string | undefined' is not assignable to parameter of type 'string'.
  Type 'undefined' is not assignable to type 'string'.
src/app/dashboard/[semesterAndyear]/all-program/page.tsx(177,44): error TS2345: Argument of type 'string | undefined' is not assignable to parameter of type 'string'.
  Type 'undefined' is not assignable to type 'string'.
src/app/dashboard/[semesterAndyear]/all-program/page.tsx(197,15): error TS2322: Type '({ data }: { data: string; }) => JSX.Element' is not assignable to type 'ComponentType<{ data: unknown; }>'.
  Type '({ data }: { data: string; }) => JSX.Element' is not assignable to type 'FunctionComponent<{ data: unknown; }>'.
    Types of parameters '__0' and 'props' are incompatible.
      Type '{ data: unknown; }' is not assignable to type '{ data: string; }'.
        Types of property 'data' are incompatible.
          Type 'unknown' is not assignable to type 'string'.
src/app/dashboard/[semesterAndyear]/all-program/page.tsx(208,15): error TS2322: Type '(item: string) => void' is not assignable to type '(item: unknown, index: number) => void'.
  Types of parameters 'item' and 'item' are incompatible.
    Type 'unknown' is not assignable to type 'string'.
src/app/dashboard/[semesterAndyear]/all-program/page.tsx(235,122): error TS2532: Object is possibly 'undefined'.
src/app/dashboard/[semesterAndyear]/all-program/page.tsx(238,122): error TS2532: Object is possibly 'undefined'.
src/app/dashboard/[semesterAndyear]/all-timeslot/functions/ExportTeacherSummary.ts(3,38): error TS7006: Parameter 'timeSlotData' implicitly has an 'any' type.
src/app/dashboard/[semesterAndyear]/all-timeslot/functions/ExportTeacherSummary.ts(3,52): error TS7006: Parameter 'allTeacher' implicitly has an 'any' type.
src/app/dashboard/[semesterAndyear]/all-timeslot/functions/ExportTeacherSummary.ts(3,64): error TS7006: Parameter 'classData' implicitly has an 'any' type.
src/app/dashboard/[semesterAndyear]/all-timeslot/functions/ExportTeacherSummary.ts(3,75): error TS7006: Parameter 'semester' implicitly has an 'any' type.
src/app/dashboard/[semesterAndyear]/all-timeslot/functions/ExportTeacherSummary.ts(3,85): error TS7006: Parameter 'academicYear' implicitly has an 'any' type.
src/app/dashboard/[semesterAndyear]/all-timeslot/functions/ExportTeacherSummary.ts(15,42): error TS7006: Parameter 'item' implicitly has an 'any' type.
src/app/dashboard/[semesterAndyear]/all-timeslot/functions/ExportTeacherSummary.ts(16,38): error TS7006: Parameter 'num' implicitly has an 'any' type.
src/app/dashboard/[semesterAndyear]/all-timeslot/functions/ExportTeacherSummary.ts(57,42): error TS7006: Parameter 'item' implicitly has an 'any' type.
src/app/dashboard/[semesterAndyear]/all-timeslot/functions/ExportTeacherSummary.ts(58,38): error TS7006: Parameter 'num' implicitly has an 'any' type.
src/app/dashboard/[semesterAndyear]/all-timeslot/functions/ExportTeacherSummary.ts(66,27): error TS7006: Parameter 'obj' implicitly has an 'any' type.
src/app/dashboard/[semesterAndyear]/all-timeslot/functions/ExportTeacherSummary.ts(66,32): error TS7006: Parameter 'dataCount' implicitly has an 'any' type.
src/app/dashboard/[semesterAndyear]/all-timeslot/functions/ExportTeacherSummary.ts(74,25): error TS7006: Parameter 'tID' implicitly has an 'any' type.
src/app/dashboard/[semesterAndyear]/all-timeslot/functions/ExportTeacherSummary.ts(75,39): error TS7006: Parameter 'item' implicitly has an 'any' type.
src/app/dashboard/[semesterAndyear]/all-timeslot/functions/ExportTeacherSummary.ts(77,17): error TS7006: Parameter 'tid' implicitly has an 'any' type.
src/app/dashboard/[semesterAndyear]/all-timeslot/functions/ExportTeacherSummary.ts(80,37): error TS7006: Parameter 'cid' implicitly has an 'any' type.
src/app/dashboard/[semesterAndyear]/all-timeslot/functions/ExportTeacherSummary.ts(80,42): error TS7006: Parameter 'index' implicitly has an 'any' type.
src/app/dashboard/[semesterAndyear]/all-timeslot/functions/ExportTeacherSummary.ts(80,70): error TS7006: Parameter 'item' implicitly has an 'any' type.
src/app/dashboard/[semesterAndyear]/all-timeslot/functions/ExportTeacherSummary.ts(84,31): error TS7006: Parameter 'tch' implicitly has an 'any' type.
src/app/dashboard/[semesterAndyear]/all-timeslot/functions/ExportTeacherSummary.ts(84,36): error TS7006: Parameter 'index' implicitly has an 'any' type.
src/app/dashboard/[semesterAndyear]/all-timeslot/functions/ExportTeacherSummary.ts(85,54): error TS7006: Parameter 'day' implicitly has an 'any' type.
src/app/dashboard/[semesterAndyear]/all-timeslot/functions/ExportTeacherSummary.ts(86,44): error TS7006: Parameter 'num' implicitly has an 'any' type.
src/app/dashboard/[semesterAndyear]/all-timeslot/functions/ExportTeacherSummary.ts(88,16): error TS7006: Parameter 'item' implicitly has an 'any' type.
src/app/dashboard/[semesterAndyear]/all-timeslot/functions/ExportTeacherSummary.ts(90,25): error TS7006: Parameter 'tid' implicitly has an 'any' type.
src/app/dashboard/[semesterAndyear]/all-timeslot/functions/ExportTeacherSummary.ts(97,48): error TS7006: Parameter 'item' implicitly has an 'any' type.
src/app/dashboard/[semesterAndyear]/all-timeslot/functions/ExportTeacherSummary.ts(99,13): error TS7053: Element implicitly has an 'any' type because expression of type 'string' can't be used to index type '{}'.
  No index signature with a parameter of type 'string' was found on type '{}'.
src/app/dashboard/[semesterAndyear]/all-timeslot/functions/ExportTeacherTable.ts(5,3): error TS7006: Parameter 'timeSlotData' implicitly has an 'any' type.
src/app/dashboard/[semesterAndyear]/all-timeslot/functions/ExportTeacherTable.ts(12,23): error TS7006: Parameter 'time' implicitly has an 'any' type.
src/app/dashboard/[semesterAndyear]/all-timeslot/functions/ExportTeacherTable.ts(24,37): error TS7006: Parameter 'item' implicitly has an 'any' type.
src/app/dashboard/[semesterAndyear]/all-timeslot/functions/ExportTeacherTable.ts(49,12): error TS2339: Property 'teachers_responsibility' does not exist on type 'never'.
src/app/dashboard/[semesterAndyear]/all-timeslot/functions/ExportTeacherTable.ts(50,15): error TS7006: Parameter 'id' implicitly has an 'any' type.
src/app/dashboard/[semesterAndyear]/all-timeslot/functions/ExportTeacherTable.ts(51,19): error TS18048: 'tch' is possibly 'undefined'.
src/app/dashboard/[semesterAndyear]/all-timeslot/functions/ExportTeacherTable.ts(56,42): error TS7006: Parameter 'item' implicitly has an 'any' type.
src/app/dashboard/[semesterAndyear]/all-timeslot/functions/ExportTeacherTable.ts(58,31): error TS2339: Property 'TimeslotID' does not exist on type 'never'.
src/app/dashboard/[semesterAndyear]/all-timeslot/functions/ExportTeacherTable.ts(63,28): error TS2339: Property 'TimeslotID' does not exist on type 'never'.
src/app/dashboard/[semesterAndyear]/all-timeslot/functions/ExportTeacherTable.ts(76,39): error TS18048: 'tch' is possibly 'undefined'.
src/app/dashboard/[semesterAndyear]/all-timeslot/functions/ExportTeacherTable.ts(76,52): error TS18048: 'tch' is possibly 'undefined'.
src/app/dashboard/[semesterAndyear]/all-timeslot/functions/ExportTeacherTable.ts(76,69): error TS18048: 'tch' is possibly 'undefined'.
src/app/dashboard/[semesterAndyear]/all-timeslot/functions/ExportTeacherTable.ts(88,42): error TS7006: Parameter 'item' implicitly has an 'any' type.
src/app/dashboard/[semesterAndyear]/all-timeslot/functions/ExportTeacherTable.ts(88,80): error TS7006: Parameter 'item' implicitly has an 'any' type.
src/app/dashboard/[semesterAndyear]/all-timeslot/functions/ExportTeacherTable.ts(97,43): error TS7006: Parameter 'item' implicitly has an 'any' type.
src/app/dashboard/[semesterAndyear]/all-timeslot/functions/ExportTeacherTable.ts(98,14): error TS7006: Parameter 'item' implicitly has an 'any' type.
src/app/dashboard/[semesterAndyear]/all-timeslot/functions/ExportTeacherTable.ts(109,43): error TS7006: Parameter 'item' implicitly has an 'any' type.
src/app/dashboard/[semesterAndyear]/all-timeslot/functions/ExportTeacherTable.ts(110,14): error TS7006: Parameter 'item' implicitly has an 'any' type.
src/app/dashboard/[semesterAndyear]/all-timeslot/functions/ExportTeacherTable.ts(122,59): error TS7006: Parameter 'item' implicitly has an 'any' type.
src/app/dashboard/[semesterAndyear]/all-timeslot/functions/ExportTeacherTable.ts(123,12): error TS7006: Parameter 'item' implicitly has an 'any' type.
src/app/dashboard/[semesterAndyear]/all-timeslot/functions/ExportTeacherTable.ts(133,43): error TS7006: Parameter 'item' implicitly has an 'any' type.
src/app/dashboard/[semesterAndyear]/all-timeslot/functions/ExportTeacherTable.ts(134,14): error TS7006: Parameter 'item' implicitly has an 'any' type.
src/app/dashboard/[semesterAndyear]/all-timeslot/functions/ExportTeacherTable.ts(145,43): error TS7006: Parameter 'item' implicitly has an 'any' type.
src/app/dashboard/[semesterAndyear]/all-timeslot/functions/ExportTeacherTable.ts(146,14): error TS7006: Parameter 'item' implicitly has an 'any' type.
src/app/dashboard/[semesterAndyear]/all-timeslot/functions/ExportTeacherTable.ts(158,59): error TS7006: Parameter 'item' implicitly has an 'any' type.
src/app/dashboard/[semesterAndyear]/all-timeslot/functions/ExportTeacherTable.ts(159,12): error TS7006: Parameter 'item' implicitly has an 'any' type.
src/app/dashboard/[semesterAndyear]/all-timeslot/functions/ExportTeacherTable.ts(169,43): error TS7006: Parameter 'item' implicitly has an 'any' type.
src/app/dashboard/[semesterAndyear]/all-timeslot/functions/ExportTeacherTable.ts(170,14): error TS7006: Parameter 'item' implicitly has an 'any' type.
src/app/dashboard/[semesterAndyear]/all-timeslot/functions/ExportTeacherTable.ts(181,43): error TS7006: Parameter 'item' implicitly has an 'any' type.
src/app/dashboard/[semesterAndyear]/all-timeslot/functions/ExportTeacherTable.ts(182,14): error TS7006: Parameter 'item' implicitly has an 'any' type.
src/app/dashboard/[semesterAndyear]/all-timeslot/functions/ExportTeacherTable.ts(194,59): error TS7006: Parameter 'item' implicitly has an 'any' type.
src/app/dashboard/[semesterAndyear]/all-timeslot/functions/ExportTeacherTable.ts(195,12): error TS7006: Parameter 'item' implicitly has an 'any' type.
src/app/dashboard/[semesterAndyear]/all-timeslot/functions/ExportTeacherTable.ts(205,43): error TS7006: Parameter 'item' implicitly has an 'any' type.
src/app/dashboard/[semesterAndyear]/all-timeslot/functions/ExportTeacherTable.ts(206,14): error TS7006: Parameter 'item' implicitly has an 'any' type.
src/app/dashboard/[semesterAndyear]/all-timeslot/functions/ExportTeacherTable.ts(217,43): error TS7006: Parameter 'item' implicitly has an 'any' type.
src/app/dashboard/[semesterAndyear]/all-timeslot/functions/ExportTeacherTable.ts(218,14): error TS7006: Parameter 'item' implicitly has an 'any' type.
src/app/dashboard/[semesterAndyear]/all-timeslot/functions/ExportTeacherTable.ts(230,59): error TS7006: Parameter 'item' implicitly has an 'any' type.
src/app/dashboard/[semesterAndyear]/all-timeslot/functions/ExportTeacherTable.ts(231,12): error TS7006: Parameter 'item' implicitly has an 'any' type.
src/app/dashboard/[semesterAndyear]/all-timeslot/functions/ExportTeacherTable.ts(241,43): error TS7006: Parameter 'item' implicitly has an 'any' type.
src/app/dashboard/[semesterAndyear]/all-timeslot/functions/ExportTeacherTable.ts(242,14): error TS7006: Parameter 'item' implicitly has an 'any' type.
src/app/dashboard/[semesterAndyear]/all-timeslot/functions/ExportTeacherTable.ts(253,43): error TS7006: Parameter 'item' implicitly has an 'any' type.
src/app/dashboard/[semesterAndyear]/all-timeslot/functions/ExportTeacherTable.ts(254,14): error TS7006: Parameter 'item' implicitly has an 'any' type.
src/app/dashboard/[semesterAndyear]/all-timeslot/functions/ExportTeacherTable.ts(266,59): error TS7006: Parameter 'item' implicitly has an 'any' type.
src/app/dashboard/[semesterAndyear]/all-timeslot/functions/ExportTeacherTable.ts(267,12): error TS7006: Parameter 'item' implicitly has an 'any' type.
src/app/dashboard/[semesterAndyear]/all-timeslot/functions/ExportTeacherTable.ts(276,56): error TS7006: Parameter 'item' implicitly has an 'any' type.
src/app/dashboard/[semesterAndyear]/all-timeslot/page.tsx(88,25): error TS2532: Object is possibly 'undefined'.
src/app/dashboard/[semesterAndyear]/all-timeslot/page.tsx(89,27): error TS2532: Object is possibly 'undefined'.
src/app/dashboard/[semesterAndyear]/all-timeslot/page.tsx(92,18): error TS2532: Object is possibly 'undefined'.
src/app/dashboard/[semesterAndyear]/all-timeslot/page.tsx(93,20): error TS2532: Object is possibly 'undefined'.
src/app/dashboard/[semesterAndyear]/all-timeslot/page.tsx(95,23): error TS2345: Argument of type '() => { AllData: { subject: {}; Semester: $Enums.semester; AcademicYear: number; TimeslotID: string; StartTime: Date; EndTime: Date; Breaktime: $Enums.breaktime; DayOfWeek: $Enums.day_of_week; }[]; ... 4 more ...; BreakSlot: { ...; }[]; }' is not assignable to parameter of type 'SetStateAction<{ AllData: never[]; SlotAmount: never[]; DayOfWeek: never[]; }>'.
  Type '() => { AllData: { subject: {}; Semester: $Enums.semester; AcademicYear: number; TimeslotID: string; StartTime: Date; EndTime: Date; Breaktime: $Enums.breaktime; DayOfWeek: $Enums.day_of_week; }[]; ... 4 more ...; BreakSlot: { ...; }[]; }' is not assignable to type '(prevState: { AllData: never[]; SlotAmount: never[]; DayOfWeek: never[]; }) => { AllData: never[]; SlotAmount: never[]; DayOfWeek: never[]; }'.
    Call signature return types '{ AllData: { subject: {}; Semester: semester; AcademicYear: number; TimeslotID: string; StartTime: Date; EndTime: Date; Breaktime: breaktime; DayOfWeek: day_of_week; }[]; ... 4 more ...; BreakSlot: { ...; }[]; }' and '{ AllData: never[]; SlotAmount: never[]; DayOfWeek: never[]; }' are incompatible.
      The types of 'AllData' are incompatible between these types.
        Type '{ subject: {}; Semester: semester; AcademicYear: number; TimeslotID: string; StartTime: Date; EndTime: Date; Breaktime: breaktime; DayOfWeek: day_of_week; }[]' is not assignable to type 'never[]'.
          Type '{ subject: {}; Semester: $Enums.semester; AcademicYear: number; TimeslotID: string; StartTime: Date; EndTime: Date; Breaktime: $Enums.breaktime; DayOfWeek: $Enums.day_of_week; }' is not assignable to type 'never'.
src/app/dashboard/[semesterAndyear]/all-timeslot/page.tsx(114,20): error TS2345: Argument of type 'any[]' is not assignable to parameter of type 'SetStateAction<never[]>'.
  Type 'any[]' is not assignable to type 'never[]'.
    Type 'any' is not assignable to type 'never'.
src/app/dashboard/[semesterAndyear]/page.tsx(24,24): error TS2345: Argument of type 'string | undefined' is not assignable to parameter of type 'string'.
  Type 'undefined' is not assignable to type 'string'.
src/app/dashboard/[semesterAndyear]/page.tsx(25,20): error TS2345: Argument of type 'string | undefined' is not assignable to parameter of type 'string'.
  Type 'undefined' is not assignable to type 'string'.
src/app/dashboard/[semesterAndyear]/student-table/component/SelectClassroom.tsx(52,9): error TS2322: Type '({ data }: { data: gradelevel; }) => JSX.Element' is not assignable to type 'ComponentType<{ data: unknown; }>'.
  Type '({ data }: { data: gradelevel; }) => JSX.Element' is not assignable to type 'FunctionComponent<{ data: unknown; }>'.
    Types of parameters '__0' and 'props' are incompatible.
      Type '{ data: unknown; }' is not assignable to type '{ data: { ProgramID: number | null; GradeID: string; Year: number; Number: number; StudentCount: number; }; }'.
        Types of property 'data' are incompatible.
          Type 'unknown' is not assignable to type '{ ProgramID: number | null; GradeID: string; Year: number; Number: number; StudentCount: number; }'.
src/app/dashboard/[semesterAndyear]/student-table/component/SelectClassroom.tsx(58,9): error TS2322: Type '(data: gradelevel) => void' is not assignable to type '(item: unknown, index: number) => void'.
  Types of parameters 'data' and 'item' are incompatible.
    Type 'unknown' is not assignable to type '{ ProgramID: number | null; GradeID: string; Year: number; Number: number; StudentCount: number; }'.
src/app/dashboard/[semesterAndyear]/student-table/function/ExportStudentTable.ts(5,3): error TS7006: Parameter 'timeSlotData' implicitly has an 'any' type.
src/app/dashboard/[semesterAndyear]/student-table/function/ExportStudentTable.ts(12,23): error TS7006: Parameter 'time' implicitly has an 'any' type.
src/app/dashboard/[semesterAndyear]/student-table/function/ExportStudentTable.ts(24,37): error TS7006: Parameter 'item' implicitly has an 'any' type.
src/app/dashboard/[semesterAndyear]/student-table/function/ExportStudentTable.ts(49,12): error TS2339: Property 'GradeID' does not exist on type 'never'.
src/app/dashboard/[semesterAndyear]/student-table/function/ExportStudentTable.ts(49,29): error TS18048: 'grd' is possibly 'undefined'.
src/app/dashboard/[semesterAndyear]/student-table/function/ExportStudentTable.ts(54,42): error TS7006: Parameter 'item' implicitly has an 'any' type.
src/app/dashboard/[semesterAndyear]/student-table/function/ExportStudentTable.ts(56,31): error TS2339: Property 'TimeslotID' does not exist on type 'never'.
src/app/dashboard/[semesterAndyear]/student-table/function/ExportStudentTable.ts(61,28): error TS2339: Property 'TimeslotID' does not exist on type 'never'.
src/app/dashboard/[semesterAndyear]/student-table/function/ExportStudentTable.ts(74,61): error TS18048: 'grd' is possibly 'undefined'.
src/app/dashboard/[semesterAndyear]/student-table/function/ExportStudentTable.ts(74,73): error TS18048: 'grd' is possibly 'undefined'.
src/app/dashboard/[semesterAndyear]/student-table/function/ExportStudentTable.ts(86,42): error TS7006: Parameter 'item' implicitly has an 'any' type.
src/app/dashboard/[semesterAndyear]/student-table/function/ExportStudentTable.ts(86,80): error TS7006: Parameter 'item' implicitly has an 'any' type.
src/app/dashboard/[semesterAndyear]/student-table/function/ExportStudentTable.ts(95,43): error TS7006: Parameter 'item' implicitly has an 'any' type.
src/app/dashboard/[semesterAndyear]/student-table/function/ExportStudentTable.ts(96,14): error TS7006: Parameter 'item' implicitly has an 'any' type.
src/app/dashboard/[semesterAndyear]/student-table/function/ExportStudentTable.ts(107,43): error TS7006: Parameter 'item' implicitly has an 'any' type.
src/app/dashboard/[semesterAndyear]/student-table/function/ExportStudentTable.ts(108,14): error TS7006: Parameter 'item' implicitly has an 'any' type.
src/app/dashboard/[semesterAndyear]/student-table/function/ExportStudentTable.ts(120,59): error TS7006: Parameter 'item' implicitly has an 'any' type.
src/app/dashboard/[semesterAndyear]/student-table/function/ExportStudentTable.ts(121,12): error TS7006: Parameter 'item' implicitly has an 'any' type.
src/app/dashboard/[semesterAndyear]/student-table/function/ExportStudentTable.ts(131,43): error TS7006: Parameter 'item' implicitly has an 'any' type.
src/app/dashboard/[semesterAndyear]/student-table/function/ExportStudentTable.ts(132,14): error TS7006: Parameter 'item' implicitly has an 'any' type.
src/app/dashboard/[semesterAndyear]/student-table/function/ExportStudentTable.ts(143,43): error TS7006: Parameter 'item' implicitly has an 'any' type.
src/app/dashboard/[semesterAndyear]/student-table/function/ExportStudentTable.ts(144,14): error TS7006: Parameter 'item' implicitly has an 'any' type.
src/app/dashboard/[semesterAndyear]/student-table/function/ExportStudentTable.ts(156,59): error TS7006: Parameter 'item' implicitly has an 'any' type.
src/app/dashboard/[semesterAndyear]/student-table/function/ExportStudentTable.ts(157,12): error TS7006: Parameter 'item' implicitly has an 'any' type.
src/app/dashboard/[semesterAndyear]/student-table/function/ExportStudentTable.ts(167,43): error TS7006: Parameter 'item' implicitly has an 'any' type.
src/app/dashboard/[semesterAndyear]/student-table/function/ExportStudentTable.ts(168,14): error TS7006: Parameter 'item' implicitly has an 'any' type.
src/app/dashboard/[semesterAndyear]/student-table/function/ExportStudentTable.ts(179,43): error TS7006: Parameter 'item' implicitly has an 'any' type.
src/app/dashboard/[semesterAndyear]/student-table/function/ExportStudentTable.ts(180,14): error TS7006: Parameter 'item' implicitly has an 'any' type.
src/app/dashboard/[semesterAndyear]/student-table/function/ExportStudentTable.ts(192,59): error TS7006: Parameter 'item' implicitly has an 'any' type.
src/app/dashboard/[semesterAndyear]/student-table/function/ExportStudentTable.ts(193,12): error TS7006: Parameter 'item' implicitly has an 'any' type.
src/app/dashboard/[semesterAndyear]/student-table/function/ExportStudentTable.ts(203,43): error TS7006: Parameter 'item' implicitly has an 'any' type.
src/app/dashboard/[semesterAndyear]/student-table/function/ExportStudentTable.ts(204,14): error TS7006: Parameter 'item' implicitly has an 'any' type.
src/app/dashboard/[semesterAndyear]/student-table/function/ExportStudentTable.ts(215,43): error TS7006: Parameter 'item' implicitly has an 'any' type.
src/app/dashboard/[semesterAndyear]/student-table/function/ExportStudentTable.ts(216,14): error TS7006: Parameter 'item' implicitly has an 'any' type.
src/app/dashboard/[semesterAndyear]/student-table/function/ExportStudentTable.ts(228,59): error TS7006: Parameter 'item' implicitly has an 'any' type.
src/app/dashboard/[semesterAndyear]/student-table/function/ExportStudentTable.ts(229,12): error TS7006: Parameter 'item' implicitly has an 'any' type.
src/app/dashboard/[semesterAndyear]/student-table/function/ExportStudentTable.ts(239,43): error TS7006: Parameter 'item' implicitly has an 'any' type.
src/app/dashboard/[semesterAndyear]/student-table/function/ExportStudentTable.ts(240,14): error TS7006: Parameter 'item' implicitly has an 'any' type.
src/app/dashboard/[semesterAndyear]/student-table/function/ExportStudentTable.ts(251,43): error TS7006: Parameter 'item' implicitly has an 'any' type.
src/app/dashboard/[semesterAndyear]/student-table/function/ExportStudentTable.ts(252,14): error TS7006: Parameter 'item' implicitly has an 'any' type.
src/app/dashboard/[semesterAndyear]/student-table/function/ExportStudentTable.ts(264,59): error TS7006: Parameter 'item' implicitly has an 'any' type.
src/app/dashboard/[semesterAndyear]/student-table/function/ExportStudentTable.ts(265,12): error TS7006: Parameter 'item' implicitly has an 'any' type.
src/app/dashboard/[semesterAndyear]/student-table/function/ExportStudentTable.ts(274,56): error TS7006: Parameter 'item' implicitly has an 'any' type.
src/app/dashboard/[semesterAndyear]/student-table/page.tsx(162,23): error TS2345: Argument of type 'ScheduleEntry[]' is not assignable to parameter of type 'never[]'.
  Type 'ScheduleEntry' is not assignable to type 'never'.
src/app/dashboard/[semesterAndyear]/student-table/page.tsx(171,19): error TS2322: Type '{}' is not assignable to type 'boolean | undefined'.
src/app/dashboard/[semesterAndyear]/student-table/page.tsx(179,19): error TS2322: Type '{}' is not assignable to type 'boolean | undefined'.
src/app/dashboard/[semesterAndyear]/teacher-table/component/SelectTeacher.tsx(47,9): error TS2322: Type '({ data }: { data: Record<string, any>; }) => JSX.Element' is not assignable to type 'ComponentType<{ data: unknown; }>'.
  Type '({ data }: { data: Record<string, any>; }) => JSX.Element' is not assignable to type 'FunctionComponent<{ data: unknown; }>'.
    Types of parameters '__0' and 'props' are incompatible.
      Type '{ data: unknown; }' is not assignable to type '{ data: Record<string, any>; }'.
        Types of property 'data' are incompatible.
          Type 'unknown' is not assignable to type 'Record<string, any>'.
src/app/dashboard/[semesterAndyear]/teacher-table/component/SelectTeacher.tsx(53,9): error TS2322: Type '(data: Record<string, any>) => void' is not assignable to type '(item: unknown, index: number) => void'.
  Types of parameters 'data' and 'item' are incompatible.
    Type 'unknown' is not assignable to type 'Record<string, any>'.
src/app/dashboard/[semesterAndyear]/teacher-table/page.tsx(201,27): error TS2345: Argument of type 'ScheduleEntry[]' is not assignable to parameter of type 'never[]'.
  Type 'ScheduleEntry' is not assignable to type 'never'.
src/app/dashboard/[semesterAndyear]/teacher-table/page.tsx(211,21): error TS2322: Type '{} | undefined' is not assignable to type 'boolean'.
  Type 'undefined' is not assignable to type 'boolean'.
src/app/dashboard/[semesterAndyear]/teacher-table/page.tsx(219,21): error TS2322: Type '{} | undefined' is not assignable to type 'boolean'.
  Type 'undefined' is not assignable to type 'boolean'.
src/app/dashboard/select-semester/_components/TimeslotConfigurationStep.tsx(141,26): error TS18048: 'hours' is possibly 'undefined'.
src/app/dashboard/select-semester/_components/TimeslotConfigurationStep.tsx(141,39): error TS18048: 'minutes' is possibly 'undefined'.
src/app/dashboard/select-semester/_components/TimeslotConfigurationStep.tsx(466,38): error TS18048: 'start' is possibly 'undefined'.
src/app/dashboard/select-semester/_components/TimeslotConfigurationStep.tsx(467,34): error TS18048: 'end' is possibly 'undefined'.
src/app/dashboard/select-semester/_components/TimeslotConfigurationStep.tsx(468,31): error TS18048: 'endH' is possibly 'undefined'.
src/app/dashboard/select-semester/_components/TimeslotConfigurationStep.tsx(468,43): error TS18048: 'endM' is possibly 'undefined'.
src/app/dashboard/select-semester/_components/TimeslotConfigurationStep.tsx(468,52): error TS18048: 'startH' is possibly 'undefined'.
src/app/dashboard/select-semester/_components/TimeslotConfigurationStep.tsx(468,66): error TS18048: 'startM' is possibly 'undefined'.
src/app/management/gradelevel/component/AddModalForm.tsx(143,23): error TS2322: Type '({ data }: { data: number; }) => JSX.Element' is not assignable to type 'ComponentType<{ data: unknown; }>'.
  Type '({ data }: { data: number; }) => JSX.Element' is not assignable to type 'FunctionComponent<{ data: unknown; }>'.
    Types of parameters '__0' and 'props' are incompatible.
      Type '{ data: unknown; }' is not assignable to type '{ data: number; }'.
        Types of property 'data' are incompatible.
          Type 'unknown' is not assignable to type 'number'.
src/app/management/gradelevel/component/AddModalForm.tsx(150,23): error TS2322: Type '(value: number) => void' is not assignable to type '(item: unknown, index: number) => void'.
  Types of parameters 'value' and 'item' are incompatible.
    Type 'unknown' is not assignable to type 'number'.
src/app/management/gradelevel/component/AddModalForm.tsx(182,40): error TS2345: Argument of type '() => (Partial<{ ProgramID: number | null; GradeID: string; Year: number; Number: number; StudentCount: number; }> | { Number: number | null; ProgramID?: number | null | undefined; GradeID?: string | undefined; Year?: number | undefined; StudentCount?: number | undefined; })[]' is not assignable to parameter of type 'SetStateAction<Partial<{ ProgramID: number | null; GradeID: string; Year: number; Number: number; StudentCount: number; }>[]>'.
  Type '() => (Partial<{ ProgramID: number | null; GradeID: string; Year: number; Number: number; StudentCount: number; }> | { Number: number | null; ProgramID?: number | null | undefined; GradeID?: string | undefined; Year?: number | undefined; StudentCount?: number | undefined; })[]' is not assignable to type '(prevState: Partial<{ ProgramID: number | null; GradeID: string; Year: number; Number: number; StudentCount: number; }>[]) => Partial<{ ProgramID: number | null; GradeID: string; Year: number; Number: number; StudentCount: number; }>[]'.
    Type '(Partial<{ ProgramID: number | null; GradeID: string; Year: number; Number: number; StudentCount: number; }> | { Number: number | null; ProgramID?: number | null | undefined; GradeID?: string | undefined; Year?: number | undefined; StudentCount?: number | undefined; })[]' is not assignable to type 'Partial<{ ProgramID: number | null; GradeID: string; Year: number; Number: number; StudentCount: number; }>[]'.
      Type 'Partial<{ ProgramID: number | null; GradeID: string; Year: number; Number: number; StudentCount: number; }> | { Number: number | null; ProgramID?: number | null | undefined; GradeID?: string | undefined; Year?: number | undefined; StudentCount?: number | undefined; }' is not assignable to type 'Partial<{ ProgramID: number | null; GradeID: string; Year: number; Number: number; StudentCount: number; }>'.
        Type '{ Number: number | null; ProgramID?: number | null | undefined; GradeID?: string | undefined; Year?: number | undefined; StudentCount?: number | undefined; }' is not assignable to type 'Partial<{ ProgramID: number | null; GradeID: string; Year: number; Number: number; StudentCount: number; }>'.
          Types of property 'Number' are incompatible.
            Type 'number | null' is not assignable to type 'number | undefined'.
              Type 'null' is not assignable to type 'number | undefined'.
src/app/management/gradelevel/component/ConfirmDeleteModal.tsx(35,54): error TS7006: Parameter 'checkedList' implicitly has an 'any' type.
src/app/management/gradelevel/component/EditModalForm.tsx(158,21): error TS2322: Type '(value: number) => void' is not assignable to type '(item: unknown, index: number) => void'.
  Types of parameters 'value' and 'item' are incompatible.
    Type 'unknown' is not assignable to type 'number'.
src/app/management/gradelevel/component/TableRow.tsx(7,3): error TS7031: Binding element 'item' implicitly has an 'any' type.
src/app/management/gradelevel/component/TableRow.tsx(8,3): error TS7031: Binding element 'index' implicitly has an 'any' type.
src/app/management/gradelevel/component/TableRow.tsx(9,3): error TS7031: Binding element 'clickToSelect' implicitly has an 'any' type.
src/app/management/gradelevel/component/TableRow.tsx(10,3): error TS7031: Binding element 'checkedList' implicitly has an 'any' type.
src/app/management/gradelevel/component/TableRow.tsx(11,3): error TS7031: Binding element 'setEditModalActive' implicitly has an 'any' type.
src/app/management/gradelevel/component/TableRow.tsx(12,3): error TS7031: Binding element 'pageOfData' implicitly has an 'any' type.
src/app/management/gradelevel/component/TableRow.tsx(13,3): error TS7031: Binding element 'searchTerm' implicitly has an 'any' type.
src/app/management/program/[programId]/component/ProgramSubjectAssignmentPage.tsx(77,64): error TS2769: No overload matches this call.
  Overload 1 of 2, '(predicate: (value: { subject: { SubjectCode: string; SubjectName: string; Credit: subject_credit; Category: SubjectCategory; LearningArea: LearningArea | null; ActivityType: ActivityType | null; IsGraded: boolean; Description: string | null; }; } & { ...; }, index: number, obj: ({ ...; } & { ...; })[]) => value is { ...; } & { ...; }, thisArg?: any): ({ ...; } & { ...; }) | undefined', gave the following error.
    Argument of type '(ps: ProgramSubject) => boolean' is not assignable to parameter of type '(value: { subject: { SubjectCode: string; SubjectName: string; Credit: subject_credit; Category: SubjectCategory; LearningArea: LearningArea | null; ActivityType: ActivityType | null; IsGraded: boolean; Description: string | null; }; } & { ...; }, index: number, obj: ({ ...; } & { ...; })[]) => value is { ...; } & {...'.
      Types of parameters 'ps' and 'value' are incompatible.
        Type '{ subject: { SubjectCode: string; SubjectName: string; Credit: subject_credit; Category: SubjectCategory; LearningArea: LearningArea | null; ActivityType: ActivityType | null; IsGraded: boolean; Description: string | null; }; } & { ...; }' is not assignable to type 'ProgramSubject'.
          Types of property 'MaxCredits' are incompatible.
            Type 'number | null' is not assignable to type 'number | undefined'.
              Type 'null' is not assignable to type 'number | undefined'.
  Overload 2 of 2, '(predicate: (value: { subject: { SubjectCode: string; SubjectName: string; Credit: subject_credit; Category: SubjectCategory; LearningArea: LearningArea | null; ActivityType: ActivityType | null; IsGraded: boolean; Description: string | null; }; } & { ...; }, index: number, obj: ({ ...; } & { ...; })[]) => unknown, thisArg?: any): ({ ...; } & { ...; }) | undefined', gave the following error.
    Argument of type '(ps: ProgramSubject) => boolean' is not assignable to parameter of type '(value: { subject: { SubjectCode: string; SubjectName: string; Credit: subject_credit; Category: SubjectCategory; LearningArea: LearningArea | null; ActivityType: ActivityType | null; IsGraded: boolean; Description: string | null; }; } & { ...; }, index: number, obj: ({ ...; } & { ...; })[]) => unknown'.
      Types of parameters 'ps' and 'value' are incompatible.
        Type '{ subject: { SubjectCode: string; SubjectName: string; Credit: subject_credit; Category: SubjectCategory; LearningArea: LearningArea | null; ActivityType: ActivityType | null; IsGraded: boolean; Description: string | null; }; } & { ...; }' is not assignable to type 'ProgramSubject'.
          Types of property 'MaxCredits' are incompatible.
            Type 'number | null' is not assignable to type 'number | undefined'.
              Type 'null' is not assignable to type 'number | undefined'.
src/app/management/program/[programId]/component/ProgramSubjectAssignmentPage.tsx(99,23): error TS2345: Argument of type '(prev: Record<string, SubjectConfig>) => { [x: string]: SubjectConfig | { selected: boolean; SubjectCode?: string | undefined; minCredits?: number | undefined; maxCredits?: number | undefined; isMandatory?: boolean | undefined; }; }' is not assignable to parameter of type 'SetStateAction<Record<string, SubjectConfig>>'.
  Type '(prev: Record<string, SubjectConfig>) => { [x: string]: SubjectConfig | { selected: boolean; SubjectCode?: string | undefined; minCredits?: number | undefined; maxCredits?: number | undefined; isMandatory?: boolean | undefined; }; }' is not assignable to type '(prevState: Record<string, SubjectConfig>) => Record<string, SubjectConfig>'.
    Type '{ [x: string]: SubjectConfig | { selected: boolean; SubjectCode?: string | undefined; minCredits?: number | undefined; maxCredits?: number | undefined; isMandatory?: boolean | undefined; }; }' is not assignable to type 'Record<string, SubjectConfig>'.
      'string' index signatures are incompatible.
        Type 'SubjectConfig | { selected: boolean; SubjectCode?: string | undefined; minCredits?: number | undefined; maxCredits?: number | undefined; isMandatory?: boolean | undefined; }' is not assignable to type 'SubjectConfig'.
          Type '{ selected: boolean; SubjectCode?: string | undefined; minCredits?: number | undefined; maxCredits?: number | undefined; isMandatory?: boolean | undefined; }' is not assignable to type 'SubjectConfig'.
            Types of property 'SubjectCode' are incompatible.
              Type 'string | undefined' is not assignable to type 'string'.
                Type 'undefined' is not assignable to type 'string'.
src/app/management/program/[programId]/component/ProgramSubjectAssignmentPage.tsx(101,43): error TS2532: Object is possibly 'undefined'.
src/app/management/program/[programId]/component/ProgramSubjectAssignmentPage.tsx(106,23): error TS2345: Argument of type '(prev: Record<string, SubjectConfig>) => { [x: string]: SubjectConfig | { SubjectCode?: string | undefined; selected?: boolean | undefined; minCredits?: number | undefined; maxCredits?: number | undefined; isMandatory?: boolean | undefined; }; }' is not assignable to parameter of type 'SetStateAction<Record<string, SubjectConfig>>'.
  Type '(prev: Record<string, SubjectConfig>) => { [x: string]: SubjectConfig | { SubjectCode?: string | undefined; selected?: boolean | undefined; minCredits?: number | undefined; maxCredits?: number | undefined; isMandatory?: boolean | undefined; }; }' is not assignable to type '(prevState: Record<string, SubjectConfig>) => Record<string, SubjectConfig>'.
    Type '{ [x: string]: SubjectConfig | { SubjectCode?: string | undefined; selected?: boolean | undefined; minCredits?: number | undefined; maxCredits?: number | undefined; isMandatory?: boolean | undefined; }; }' is not assignable to type 'Record<string, SubjectConfig>'.
      'string' index signatures are incompatible.
        Type 'SubjectConfig | { SubjectCode?: string | undefined; selected?: boolean | undefined; minCredits?: number | undefined; maxCredits?: number | undefined; isMandatory?: boolean | undefined; }' is not assignable to type 'SubjectConfig'.
          Type '{ SubjectCode?: string | undefined; selected?: boolean | undefined; minCredits?: number | undefined; maxCredits?: number | undefined; isMandatory?: boolean | undefined; }' is not assignable to type 'SubjectConfig'.
            Types of property 'SubjectCode' are incompatible.
              Type 'string | undefined' is not assignable to type 'string'.
                Type 'undefined' is not assignable to type 'string'.
src/app/management/program/component/AddStudyProgramModal.tsx(36,29): error TS7006: Parameter 'program' implicitly has an 'any' type.
src/app/management/program/component/AddStudyProgramModal.tsx(113,17): error TS7053: Element implicitly has an 'any' type because expression of type 'any' can't be used to index type '{ SEMESTER_1: "SEMESTER_1"; SEMESTER_2: "SEMESTER_2"; }'.
src/app/management/program/component/EditStudyProgramModal.tsx(27,30): error TS7006: Parameter 'program' implicitly has an 'any' type.
src/app/management/program/component/EditStudyProgramModal.tsx(78,8): error TS7006: Parameter 'item' implicitly has an 'any' type.
src/app/management/program/component/EditStudyProgramModal.tsx(84,12): error TS7006: Parameter 'item' implicitly has an 'any' type.
src/app/management/program/component/EditStudyProgramModal.tsx(105,17): error TS7053: Element implicitly has an 'any' type because expression of type 'any' can't be used to index type '{ SEMESTER_1: "SEMESTER_1"; SEMESTER_2: "SEMESTER_2"; }'.
src/app/management/program/component/EditStudyProgramModal.tsx(118,51): error TS7006: Parameter 'item' implicitly has an 'any' type.
src/app/management/program/component/EditStudyProgramModal.tsx(118,57): error TS7006: Parameter 'ind' implicitly has an 'any' type.
src/app/management/program/component/EditStudyProgramModalLegacy.tsx(33,15): error TS2339: Property 'SubjectCode' does not exist on type 'never'.
src/app/management/program/component/EditStudyProgramModalLegacy.tsx(33,35): error TS2339: Property 'SubjectName' does not exist on type 'never'.
src/app/management/program/component/EditStudyProgramModalLegacy.tsx(46,15): error TS2339: Property 'SubjectCode' does not exist on type 'never'.
src/app/management/program/component/EditStudyProgramModalLegacy.tsx(46,37): error TS2339: Property 'SubjectName' does not exist on type 'never'.
src/app/management/program/component/EditStudyProgramModalLegacy.tsx(57,8): error TS7006: Parameter 'item' implicitly has an 'any' type.
src/app/management/program/component/EditStudyProgramModalLegacy.tsx(63,12): error TS7006: Parameter 'item' implicitly has an 'any' type.
src/app/management/program/component/EditStudyProgramModalLegacy.tsx(117,48): error TS7006: Parameter 'item' implicitly has an 'any' type.
src/app/management/program/component/EditStudyProgramModalLegacy.tsx(117,54): error TS7006: Parameter 'ind' implicitly has an 'any' type.
src/app/management/program/component/SelectedClassRoom.tsx(46,47): error TS7006: Parameter 'item' implicitly has an 'any' type.
src/app/management/program/component/SelectedClassRoom.tsx(51,47): error TS7006: Parameter 'item' implicitly has an 'any' type.
src/app/management/program/component/SelectedClassRoom.tsx(56,47): error TS7006: Parameter 'item' implicitly has an 'any' type.
src/app/management/program/component/SelectSubjects.tsx(43,8): error TS7006: Parameter 'item' implicitly has an 'any' type.
src/app/management/program/component/SelectSubjects.tsx(46,28): error TS18048: 'subjectData.data' is possibly 'undefined'.
src/app/management/program/component/SelectSubjects.tsx(105,41): error TS7006: Parameter 'item' implicitly has an 'any' type.
src/app/management/program/component/SelectSubjects.tsx(105,47): error TS7006: Parameter 'index' implicitly has an 'any' type.
src/app/management/rooms/component/AddModalForm.tsx(62,7): error TS2322: Type 'null' is not assignable to type 'number'.
src/app/management/rooms/component/AddModalForm.tsx(65,7): error TS2322: Type 'undefined' is not assignable to type 'string'.
src/app/management/rooms/component/AddModalForm.tsx(70,7): error TS2322: Type 'null' is not assignable to type 'number'.
src/app/management/rooms/component/AddModalForm.tsx(73,7): error TS2322: Type 'undefined' is not assignable to type 'string'.
src/app/management/rooms/component/ConfirmDeleteModal.tsx(37,48): error TS7006: Parameter 'checkedList' implicitly has an 'any' type.
src/app/management/rooms/component/RoomsTable.tsx(55,36): error TS18048: 'data.RoomName' is possibly 'undefined'.
src/app/management/rooms/component/TableRow.tsx(6,3): error TS7031: Binding element 'item' implicitly has an 'any' type.
src/app/management/rooms/component/TableRow.tsx(7,3): error TS7031: Binding element 'index' implicitly has an 'any' type.
src/app/management/rooms/component/TableRow.tsx(8,3): error TS7031: Binding element 'clickToSelect' implicitly has an 'any' type.
src/app/management/rooms/component/TableRow.tsx(9,3): error TS7031: Binding element 'checkedList' implicitly has an 'any' type.
src/app/management/rooms/component/TableRow.tsx(10,3): error TS7031: Binding element 'setEditModalActive' implicitly has an 'any' type.
src/app/management/rooms/component/TableRow.tsx(11,3): error TS7031: Binding element 'pageOfData' implicitly has an 'any' type.
src/app/management/rooms/component/TableRow.tsx(12,3): error TS7031: Binding element 'searchTerm' implicitly has an 'any' type.
src/app/management/subject/component/AddModalForm.tsx(236,23): error TS2322: Type '(value: string) => void' is not assignable to type '(item: unknown, index: number) => void'.
  Types of parameters 'value' and 'item' are incompatible.
    Type 'unknown' is not assignable to type 'string'.
src/app/management/subject/component/AddModalForm.tsx(246,37): error TS18048: 'subject.Credit' is possibly 'undefined'.
src/app/management/subject/component/AddModalForm.tsx(259,23): error TS2322: Type '({ data }: { data: SubjectCategory; }) => JSX.Element' is not assignable to type 'ComponentType<{ data: unknown; }>'.
  Type '({ data }: { data: SubjectCategory; }) => JSX.Element' is not assignable to type 'FunctionComponent<{ data: unknown; }>'.
    Types of parameters '__0' and 'props' are incompatible.
      Type '{ data: unknown; }' is not assignable to type '{ data: SubjectCategory; }'.
        Types of property 'data' are incompatible.
          Type 'unknown' is not assignable to type 'SubjectCategory'.
src/app/management/subject/component/AddModalForm.tsx(275,23): error TS2322: Type '(value: SubjectCategory) => void' is not assignable to type '(item: unknown, index: number) => void'.
  Types of parameters 'value' and 'item' are incompatible.
    Type 'unknown' is not assignable to type 'SubjectCategory'.
src/app/management/subject/component/ConfirmDeleteModal.tsx(38,51): error TS7006: Parameter 'checkedList' implicitly has an 'any' type.
src/app/management/subject/component/TableRow.tsx(7,3): error TS7031: Binding element 'item' implicitly has an 'any' type.
src/app/management/subject/component/TableRow.tsx(8,3): error TS7031: Binding element 'index' implicitly has an 'any' type.
src/app/management/subject/component/TableRow.tsx(9,3): error TS7031: Binding element 'clickToSelect' implicitly has an 'any' type.
src/app/management/subject/component/TableRow.tsx(10,3): error TS7031: Binding element 'checkedList' implicitly has an 'any' type.
src/app/management/subject/component/TableRow.tsx(11,3): error TS7031: Binding element 'setEditModalActive' implicitly has an 'any' type.
src/app/management/subject/component/TableRow.tsx(12,3): error TS7031: Binding element 'pageOfData' implicitly has an 'any' type.
src/app/management/subject/component/TableRow.tsx(13,3): error TS7031: Binding element 'searchTerm' implicitly has an 'any' type.
src/app/management/teacher/component/AddModalForm.tsx(27,7): error TS2322: Type 'null' is not assignable to type 'number'.
src/app/management/teacher/component/AddModalForm.tsx(75,7): error TS2322: Type 'null' is not assignable to type 'number'.
src/app/management/teacher/component/AddModalForm.tsx(181,23): error TS2322: Type '(value: string) => void' is not assignable to type '(item: unknown, index: number) => void'.
  Types of parameters 'value' and 'item' are incompatible.
    Type 'unknown' is not assignable to type 'string'.
src/app/management/teacher/component/AddModalForm.tsx(284,23): error TS2322: Type '(value: string) => void' is not assignable to type '(item: unknown, index: number) => void'.
  Types of parameters 'value' and 'item' are incompatible.
    Type 'unknown' is not assignable to type 'string'.
src/app/management/teacher/component/ConfirmDeleteModal.tsx(39,51): error TS7006: Parameter 'checkedList' implicitly has an 'any' type.
src/app/management/teacher/component/EditModalForm.tsx(145,21): error TS2322: Type '(value: string) => void' is not assignable to type '(item: unknown, index: number) => void'.
  Types of parameters 'value' and 'item' are incompatible.
    Type 'unknown' is not assignable to type 'string'.
src/app/management/teacher/component/EditModalForm.tsx(237,21): error TS2322: Type '(value: string) => void' is not assignable to type '(item: unknown, index: number) => void'.
  Types of parameters 'value' and 'item' are incompatible.
    Type 'unknown' is not assignable to type 'string'.
src/app/management/teacher/component/TableRow.tsx(7,3): error TS7031: Binding element 'item' implicitly has an 'any' type.
src/app/management/teacher/component/TableRow.tsx(8,3): error TS7031: Binding element 'index' implicitly has an 'any' type.
src/app/management/teacher/component/TableRow.tsx(9,3): error TS7031: Binding element 'clickToSelect' implicitly has an 'any' type.
src/app/management/teacher/component/TableRow.tsx(10,3): error TS7031: Binding element 'checkedList' implicitly has an 'any' type.
src/app/management/teacher/component/TableRow.tsx(11,3): error TS7031: Binding element 'setEditModalActive' implicitly has an 'any' type.
src/app/management/teacher/component/TableRow.tsx(12,3): error TS7031: Binding element 'pageOfData' implicitly has an 'any' type.
src/app/management/teacher/component/TableRow.tsx(13,3): error TS7031: Binding element 'searchTerm' implicitly has an 'any' type.
src/app/schedule/[semesterAndyear]/arrange/_components/GradeClassView.tsx(151,35): error TS2532: Object is possibly 'undefined'.
src/app/schedule/[semesterAndyear]/arrange/_components/GradeClassView.tsx(152,35): error TS2532: Object is possibly 'undefined'.
src/app/schedule/[semesterAndyear]/arrange/_components/SearchableSubjectPalette.tsx(96,31): error TS2345: Argument of type 'string | undefined' is not assignable to parameter of type 'string'.
  Type 'undefined' is not assignable to type 'string'.
src/app/schedule/[semesterAndyear]/arrange/_components/TimetableGrid.tsx(84,9): error TS2532: Object is possibly 'undefined'.
src/app/schedule/[semesterAndyear]/arrange/_components/TimetableGrid.tsx(90,7): error TS2532: Object is possibly 'undefined'.
src/app/schedule/[semesterAndyear]/arrange/component/SelectRoomToTimeslotModal.tsx(108,19): error TS2322: Type '({ data }: { data: string; }) => JSX.Element' is not assignable to type 'ComponentType<{ data: unknown; }>'.
  Type '({ data }: { data: string; }) => JSX.Element' is not assignable to type 'FunctionComponent<{ data: unknown; }>'.
    Types of parameters '__0' and 'props' are incompatible.
      Type '{ data: unknown; }' is not assignable to type '{ data: string; }'.
        Types of property 'data' are incompatible.
          Type 'unknown' is not assignable to type 'string'.
src/app/schedule/[semesterAndyear]/arrange/component/SelectRoomToTimeslotModal.tsx(114,19): error TS2322: Type '(data: string) => void' is not assignable to type '(item: unknown, index: number) => void'.
  Types of parameters 'data' and 'item' are incompatible.
    Type 'unknown' is not assignable to type 'string'.
src/app/schedule/[semesterAndyear]/arrange/component/TimeslotCell.tsx(128,39): error TS2345: Argument of type 'SubjectData | null | undefined' is not assignable to parameter of type 'SubjectData | null'.
  Type 'undefined' is not assignable to type 'SubjectData | null'.
src/app/schedule/[semesterAndyear]/arrange/component/TimeslotCell.tsx(156,29): error TS2769: No overload matches this call.
  Overload 1 of 2, '(o: {}): string[]', gave the following error.
    Argument of type 'SubjectData | null' is not assignable to parameter of type '{}'.
      Type 'null' is not assignable to type '{}'.
  Overload 2 of 2, '(o: object): string[]', gave the following error.
    Argument of type 'SubjectData | null' is not assignable to parameter of type 'object'.
      Type 'null' is not assignable to type 'object'.
src/app/schedule/[semesterAndyear]/arrange/component/TimeslotCell.tsx(169,29): error TS2769: No overload matches this call.
  Overload 1 of 2, '(o: {}): string[]', gave the following error.
    Argument of type 'SubjectData | null' is not assignable to parameter of type '{}'.
      Type 'null' is not assignable to type '{}'.
  Overload 2 of 2, '(o: object): string[]', gave the following error.
    Argument of type 'SubjectData | null' is not assignable to parameter of type 'object'.
      Type 'null' is not assignable to type 'object'.
src/app/schedule/[semesterAndyear]/arrange/component/TimeslotCell.tsx(188,35): error TS18049: 'item.subject' is possibly 'null' or 'undefined'.
src/app/schedule/[semesterAndyear]/arrange/component/TimeslotCell.tsx(190,14): error TS18049: 'item.subject' is possibly 'null' or 'undefined'.
src/app/schedule/[semesterAndyear]/arrange/component/TimeslotCell.tsx(199,21): error TS18049: 'item.subject' is possibly 'null' or 'undefined'.
src/app/schedule/[semesterAndyear]/arrange/component/TimeslotCell.tsx(201,22): error TS18049: 'item.subject' is possibly 'null' or 'undefined'.
src/app/schedule/[semesterAndyear]/arrange/component/TimeslotCell.tsx(202,19): error TS18049: 'item.subject' is possibly 'null' or 'undefined'.
src/app/schedule/[semesterAndyear]/arrange/component/TimeslotCell.tsx(206,15): error TS18049: 'item.subject' is possibly 'null' or 'undefined'.
src/app/schedule/[semesterAndyear]/arrange/component/TimeslotCell.tsx(207,20): error TS18049: 'item.subject' is possibly 'null' or 'undefined'.
src/app/schedule/[semesterAndyear]/arrange/component/TimeslotCell.tsx(207,20): error TS18049: 'item.subject.roomName' is possibly 'null' or 'undefined'.
src/app/schedule/[semesterAndyear]/arrange/component/TimeslotCell.tsx(208,17): error TS18049: 'item.subject' is possibly 'null' or 'undefined'.
src/app/schedule/[semesterAndyear]/arrange/component/TimeslotCell.tsx(225,26): error TS18049: 'item.subject' is possibly 'null' or 'undefined'.
src/app/schedule/[semesterAndyear]/arrange/component/TimeslotCell.tsx(235,21): error TS18049: 'item.subject' is possibly 'null' or 'undefined'.
src/app/schedule/[semesterAndyear]/arrange/component/TimeslotCell.tsx(268,32): error TS18049: 'item.subject' is possibly 'null' or 'undefined'.
src/app/schedule/[semesterAndyear]/arrange/component/TimeslotCell.tsx(269,21): error TS18049: 'item.subject' is possibly 'null' or 'undefined'.
src/app/schedule/[semesterAndyear]/arrange/component/TimeslotCell.tsx(270,21): error TS18049: 'item.subject' is possibly 'null' or 'undefined'.
src/app/schedule/[semesterAndyear]/arrange/component/TimetableHeader.tsx(15,23): error TS7006: Parameter 'time' implicitly has an 'any' type.
src/app/schedule/[semesterAndyear]/arrange/page.tsx(120,18): error TS2345: Argument of type 'string | undefined' is not assignable to parameter of type 'string'.
  Type 'undefined' is not assignable to type 'string'.
src/app/schedule/[semesterAndyear]/arrange/page.tsx(231,32): error TS2345: Argument of type 'string | undefined' is not assignable to parameter of type 'string'.
  Type 'undefined' is not assignable to type 'string'.
src/app/schedule/[semesterAndyear]/arrange/page.tsx(248,32): error TS2345: Argument of type 'string | undefined' is not assignable to parameter of type 'string'.
  Type 'undefined' is not assignable to type 'string'.
src/app/schedule/[semesterAndyear]/arrange/page.tsx(264,32): error TS2345: Argument of type 'string | undefined' is not assignable to parameter of type 'string'.
  Type 'undefined' is not assignable to type 'string'.
src/app/schedule/[semesterAndyear]/arrange/page.tsx(286,32): error TS2345: Argument of type 'string | undefined' is not assignable to parameter of type 'string'.
  Type 'undefined' is not assignable to type 'string'.
src/app/schedule/[semesterAndyear]/arrange/page.tsx(509,34): error TS2345: Argument of type 'string | undefined' is not assignable to parameter of type 'string'.
  Type 'undefined' is not assignable to type 'string'.
src/app/schedule/[semesterAndyear]/arrange/page.tsx(586,34): error TS2345: Argument of type 'string | undefined' is not assignable to parameter of type 'string'.
  Type 'undefined' is not assignable to type 'string'.
src/app/schedule/[semesterAndyear]/arrange/page.tsx(719,34): error TS2345: Argument of type 'string | undefined' is not assignable to parameter of type 'string'.
  Type 'undefined' is not assignable to type 'string'.
src/app/schedule/[semesterAndyear]/arrange/page.tsx(988,13): error TS2322: Type 'string | undefined' is not assignable to type 'string'.
  Type 'undefined' is not assignable to type 'string'.
src/app/schedule/[semesterAndyear]/arrange/page.tsx(989,13): error TS2322: Type 'string | undefined' is not assignable to type 'string'.
  Type 'undefined' is not assignable to type 'string'.
src/app/schedule/[semesterAndyear]/arrange/teacher-arrange/page.tsx(203,32): error TS2345: Argument of type 'string | undefined' is not assignable to parameter of type 'string'.
  Type 'undefined' is not assignable to type 'string'.
src/app/schedule/[semesterAndyear]/arrange/teacher-arrange/page.tsx(257,32): error TS2345: Argument of type 'string | undefined' is not assignable to parameter of type 'string'.
  Type 'undefined' is not assignable to type 'string'.
src/app/schedule/[semesterAndyear]/arrange/teacher-arrange/page.tsx(267,25): error TS2769: No overload matches this call.
  Overload 1 of 12, '(key: StrictKey, fetcher: ((arg: ArgumentsTuple) => FetcherResponse<TimeslotData | null>) | ((arg: ArgumentsTuple) => FetcherResponse<...>) | null, config: SWRConfiguration<...> | undefined): SWRResponse<...>', gave the following error.
    Argument of type '() => string | null' is not assignable to parameter of type 'StrictKey'.
      Type '() => string | null' is not assignable to type '() => StrictTupleKey'.
        Type 'string | null' is not assignable to type 'StrictTupleKey'.
          Type 'string' is not assignable to type 'StrictTupleKey'.
  Overload 2 of 12, '(key: Key, fetcher: BareFetcher<TimeslotData | null> | null, config: SWRConfiguration<TimeslotData | null, any, BareFetcher<TimeslotData | null>> | undefined): SWRResponse<...>', gave the following error.
    Argument of type '() => Promise<{ TimeslotID: string; AcademicYear: number; Semester: $Enums.semester; StartTime: Date; EndTime: Date; Breaktime: $Enums.breaktime; DayOfWeek: $Enums.day_of_week; }[] | null | undefined>' is not assignable to parameter of type 'BareFetcher<TimeslotData | null>'.
      Type 'Promise<{ TimeslotID: string; AcademicYear: number; Semester: semester; StartTime: Date; EndTime: Date; Breaktime: breaktime; DayOfWeek: day_of_week; }[] | null | undefined>' is not assignable to type 'FetcherResponse<TimeslotData | null>'.
        Type 'Promise<{ TimeslotID: string; AcademicYear: number; Semester: semester; StartTime: Date; EndTime: Date; Breaktime: breaktime; DayOfWeek: day_of_week; }[] | null | undefined>' is not assignable to type 'Promise<TimeslotData | null>'.
          Type '{ TimeslotID: string; AcademicYear: number; Semester: semester; StartTime: Date; EndTime: Date; Breaktime: breaktime; DayOfWeek: day_of_week; }[] | null | undefined' is not assignable to type 'TimeslotData | null'.
            Type 'undefined' is not assignable to type 'TimeslotData | null'.
src/app/schedule/[semesterAndyear]/arrange/teacher-arrange/page.tsx(272,32): error TS2345: Argument of type 'string | undefined' is not assignable to parameter of type 'string'.
  Type 'undefined' is not assignable to type 'string'.
src/app/schedule/[semesterAndyear]/arrange/teacher-arrange/page.tsx(406,11): error TS2322: Type '{ day_of_week: day_of_week; textColor: string | undefined; bgColor: string | undefined; }[]' is not assignable to type 'DayOfWeekDisplay[]'.
  Type '{ day_of_week: day_of_week; textColor: string | undefined; bgColor: string | undefined; }' is not assignable to type 'DayOfWeekDisplay'.
    Types of property 'textColor' are incompatible.
      Type 'string | undefined' is not assignable to type 'string'.
        Type 'undefined' is not assignable to type 'string'.
src/app/schedule/[semesterAndyear]/arrange/teacher-arrange/page.tsx(498,51): error TS2532: Object is possibly 'undefined'.
src/app/schedule/[semesterAndyear]/arrange/teacher-arrange/page.tsx(499,21): error TS2532: Object is possibly 'undefined'.
src/app/schedule/[semesterAndyear]/arrange/teacher-arrange/page.tsx(500,25): error TS2532: Object is possibly 'undefined'.
src/app/schedule/[semesterAndyear]/arrange/teacher-arrange/page.tsx(506,21): error TS2532: Object is possibly 'undefined'.
src/app/schedule/[semesterAndyear]/arrange/teacher-arrange/page.tsx(515,17): error TS2532: Object is possibly 'undefined'.
src/app/schedule/[semesterAndyear]/arrange/teacher-arrange/page.tsx(527,11): error TS2322: Type '{ itemID: number; subjectCode: string; subjectName: string; gradeID: string | undefined; teacherID: number; category: SubjectCategory; credit: number; teachHour: number; ... 4 more ...; scheduled: true; }[]' is not assignable to type 'SubjectData[]'.
  Type '{ itemID: number; subjectCode: string; subjectName: string; gradeID: string | undefined; teacherID: number; category: SubjectCategory; credit: number; teachHour: number; roomID: number | null; roomName: string; room: { ...; } | null; classID: string; scheduled: true; }' is not assignable to type 'SubjectData'.
    Types of property 'gradeID' are incompatible.
      Type 'string | undefined' is not assignable to type 'string'.
        Type 'undefined' is not assignable to type 'string'.
src/app/schedule/[semesterAndyear]/arrange/teacher-arrange/page.tsx(543,11): error TS2322: Type '{ ClassID: string; TimeslotID: string; SubjectCode: string; RoomID: number | null; GradeID: string | undefined; IsLocked: boolean; }[]' is not assignable to type '{ ClassID: string; TimeslotID: string; SubjectCode: string; RoomID: number | null; GradeID: string; IsLocked: boolean; }[]'.
  Type '{ ClassID: string; TimeslotID: string; SubjectCode: string; RoomID: number | null; GradeID: string | undefined; IsLocked: boolean; }' is not assignable to type '{ ClassID: string; TimeslotID: string; SubjectCode: string; RoomID: number | null; GradeID: string; IsLocked: boolean; }'.
    Types of property 'GradeID' are incompatible.
      Type 'string | undefined' is not assignable to type 'string'.
        Type 'undefined' is not assignable to type 'string'.
src/app/schedule/[semesterAndyear]/arrange/teacher-arrange/page.tsx(560,11): error TS2769: No overload matches this call.
  Overload 1 of 2, '(predicate: (value: LockedScheduleItem, index: number, obj: LockedScheduleItem[]) => value is LockedScheduleItem, thisArg?: any): LockedScheduleItem | undefined', gave the following error.
    Argument of type '(item: EnrichedClassSchedule) => boolean' is not assignable to parameter of type '(value: LockedScheduleItem, index: number, obj: LockedScheduleItem[]) => value is LockedScheduleItem'.
      Types of parameters 'item' and 'value' are incompatible.
        Type 'LockedScheduleItem' is not assignable to type 'EnrichedClassSchedule'.
          Type 'LockedScheduleItem' is not assignable to type '{ ClassID: string; TimeslotID: string; SubjectCode: string; RoomID: number | null; GradeID: string; IsLocked: boolean; }'.
            Types of property 'GradeID' are incompatible.
              Type 'string | string[]' is not assignable to type 'string'.
                Type 'string[]' is not assignable to type 'string'.
  Overload 2 of 2, '(predicate: (value: LockedScheduleItem, index: number, obj: LockedScheduleItem[]) => unknown, thisArg?: any): LockedScheduleItem | undefined', gave the following error.
    Argument of type '(item: EnrichedClassSchedule) => boolean' is not assignable to parameter of type '(value: LockedScheduleItem, index: number, obj: LockedScheduleItem[]) => unknown'.
      Types of parameters 'item' and 'value' are incompatible.
        Type 'LockedScheduleItem' is not assignable to type 'EnrichedClassSchedule'.
          Type 'LockedScheduleItem' is not assignable to type '{ ClassID: string; TimeslotID: string; SubjectCode: string; RoomID: number | null; GradeID: string; IsLocked: boolean; }'.
            Types of property 'GradeID' are incompatible.
              Type 'string | string[]' is not assignable to type 'string'.
                Type 'string[]' is not assignable to type 'string'.
src/app/schedule/[semesterAndyear]/arrange/teacher-arrange/page.tsx(570,13): error TS2322: Type 'string | undefined' is not assignable to type 'string'.
  Type 'undefined' is not assignable to type 'string'.
src/app/schedule/[semesterAndyear]/arrange/teacher-arrange/page.tsx(606,32): error TS2345: Argument of type 'string | undefined' is not assignable to parameter of type 'string'.
  Type 'undefined' is not assignable to type 'string'.
src/app/schedule/[semesterAndyear]/arrange/teacher-arrange/page.tsx(647,11): error TS2345: Argument of type '(item: timeslot & { subject?: SubjectData; }) => { TimeslotID: string; AcademicYear: number; Semester: $Enums.semester; StartTime: Date; EndTime: Date; Breaktime: $Enums.breaktime; DayOfWeek: $Enums.day_of_week; } & { ...; }' is not assignable to parameter of type '(value: TimeslotData, index: number, array: TimeslotData[]) => { TimeslotID: string; AcademicYear: number; Semester: semester; StartTime: Date; EndTime: Date; Breaktime: breaktime; DayOfWeek: day_of_week; } & { ...; }'.
  Types of parameters 'item' and 'value' are incompatible.
    Type 'TimeslotData' is not assignable to type '{ TimeslotID: string; AcademicYear: number; Semester: semester; StartTime: Date; EndTime: Date; Breaktime: breaktime; DayOfWeek: day_of_week; } & { ...; }'.
      Type 'TimeslotData' is not assignable to type '{ subject?: SubjectData | undefined; }'.
        Types of property 'subject' are incompatible.
          Type 'SubjectData | null | undefined' is not assignable to type 'SubjectData | undefined'.
            Type 'null' is not assignable to type 'SubjectData | undefined'.
src/app/schedule/[semesterAndyear]/arrange/teacher-arrange/page.tsx(693,11): error TS2345: Argument of type '(item: timeslot & { subject?: SubjectData; }) => ({ TimeslotID: string; AcademicYear: number; Semester: $Enums.semester; StartTime: Date; EndTime: Date; Breaktime: $Enums.breaktime; DayOfWeek: $Enums.day_of_week; } & { ...; }) | { ...; }' is not assignable to parameter of type '(value: TimeslotData, index: number, array: TimeslotData[]) => ({ TimeslotID: string; AcademicYear: number; Semester: semester; StartTime: Date; EndTime: Date; Breaktime: breaktime; DayOfWeek: day_of_week; } & { ...; }) | { ...; }'.
  Types of parameters 'item' and 'value' are incompatible.
    Type 'TimeslotData' is not assignable to type '{ TimeslotID: string; AcademicYear: number; Semester: semester; StartTime: Date; EndTime: Date; Breaktime: breaktime; DayOfWeek: day_of_week; } & { ...; }'.
      Type 'TimeslotData' is not assignable to type '{ subject?: SubjectData | undefined; }'.
        Types of property 'subject' are incompatible.
          Type 'SubjectData | null | undefined' is not assignable to type 'SubjectData | undefined'.
            Type 'null' is not assignable to type 'SubjectData | undefined'.
src/app/schedule/[semesterAndyear]/arrange/teacher-arrange/page.tsx(719,9): error TS2345: Argument of type '(item: timeslot & { subject?: SubjectData & { scheduled?: boolean; }; }) => ({ TimeslotID: string; AcademicYear: number; Semester: $Enums.semester; StartTime: Date; EndTime: Date; Breaktime: $Enums.breaktime; DayOfWeek: $Enums.day_of_week; } & { ...; }) | { ...; }' is not assignable to parameter of type '(value: TimeslotData, index: number, array: TimeslotData[]) => ({ TimeslotID: string; AcademicYear: number; Semester: semester; StartTime: Date; EndTime: Date; Breaktime: breaktime; DayOfWeek: day_of_week; } & { ...; }) | { ...; }'.
  Types of parameters 'item' and 'value' are incompatible.
    Type 'TimeslotData' is not assignable to type '{ TimeslotID: string; AcademicYear: number; Semester: semester; StartTime: Date; EndTime: Date; Breaktime: breaktime; DayOfWeek: day_of_week; } & { ...; }'.
      Type 'TimeslotData' is not assignable to type '{ subject?: (SubjectData & { scheduled?: boolean | undefined; }) | undefined; }'.
        Types of property 'subject' are incompatible.
          Type 'SubjectData | null | undefined' is not assignable to type '(SubjectData & { scheduled?: boolean | undefined; }) | undefined'.
            Type 'null' is not assignable to type '(SubjectData & { scheduled?: boolean | undefined; }) | undefined'.
src/app/schedule/[semesterAndyear]/arrange/teacher-arrange/page.tsx(727,41): error TS2769: No overload matches this call.
  Overload 1 of 2, '(o: {}): string[]', gave the following error.
    Argument of type 'SubjectData | null' is not assignable to parameter of type '{}'.
      Type 'null' is not assignable to type '{}'.
  Overload 2 of 2, '(o: object): string[]', gave the following error.
    Argument of type 'SubjectData | null' is not assignable to parameter of type 'object'.
      Type 'null' is not assignable to type 'object'.
src/app/schedule/[semesterAndyear]/arrange/teacher-arrange/page.tsx(728,44): error TS2769: No overload matches this call.
  Overload 1 of 2, '(o: {}): string[]', gave the following error.
    Argument of type 'SubjectData | null' is not assignable to parameter of type '{}'.
      Type 'null' is not assignable to type '{}'.
  Overload 2 of 2, '(o: object): string[]', gave the following error.
    Argument of type 'SubjectData | null' is not assignable to parameter of type 'object'.
      Type 'null' is not assignable to type 'object'.
src/app/schedule/[semesterAndyear]/arrange/teacher-arrange/page.tsx(736,9): error TS18047: 'storeSelectedSubject' is possibly 'null'.
src/app/schedule/[semesterAndyear]/arrange/teacher-arrange/page.tsx(737,9): error TS18047: 'changeTimeSlotSubject' is possibly 'null'.
src/app/schedule/[semesterAndyear]/arrange/teacher-arrange/page.tsx(751,12): error TS2345: Argument of type '(slot: class_schedule & { subject: subject; room: room; }) => { Scheduled: true; SubjectName: string; RoomName: string; ClassID: string; TimeslotID: string; SubjectCode: string; RoomID: number | null; GradeID: string; IsLocked: boolean; subject: subject; room: room; }' is not assignable to parameter of type '(value: ClassScheduleWithRelations, index: number, array: ClassScheduleWithRelations[]) => { Scheduled: true; SubjectName: string; ... 8 more ...; room: { ...; }; }'.
  Types of parameters 'slot' and 'value' are incompatible.
    Type 'ClassScheduleWithRelations' is not assignable to type '{ ClassID: string; TimeslotID: string; SubjectCode: string; RoomID: number | null; GradeID: string; IsLocked: boolean; } & { subject: { SubjectCode: string; SubjectName: string; Credit: subject_credit; ... 4 more ...; Description: string | null; }; room: { ...; }; }'.
      Type 'ClassScheduleWithRelations' is not assignable to type '{ subject: { SubjectCode: string; SubjectName: string; Credit: subject_credit; Category: SubjectCategory; LearningArea: LearningArea | null; ActivityType: ActivityType | null; IsGraded: boolean; Description: string | null; }; room: { ...; }; }'.
        Types of property 'room' are incompatible.
          Type '{ RoomID: number; RoomName: string; Building: string; Floor: string; } | null' is not assignable to type '{ RoomID: number; RoomName: string; Building: string; Floor: string; }'.
            Type 'null' is not assignable to type '{ RoomID: number; RoomName: string; Building: string; Floor: string; }'.
src/app/schedule/[semesterAndyear]/arrange/teacher-arrange/page.tsx(763,11): error TS2345: Argument of type '(item: EnrichedTimeslot) => EnrichedTimeslot' is not assignable to parameter of type '(value: TimeslotData, index: number, array: TimeslotData[]) => EnrichedTimeslot'.
  Types of parameters 'item' and 'value' are incompatible.
    Type 'TimeslotData' is not assignable to type 'EnrichedTimeslot'.
      Type 'TimeslotData' is not assignable to type '{ subject: SubjectData | null; }'.
        Types of property 'subject' are incompatible.
          Type 'SubjectData | null | undefined' is not assignable to type 'SubjectData | null'.
            Type 'undefined' is not assignable to type 'SubjectData | null'.
src/app/schedule/[semesterAndyear]/arrange/teacher-arrange/page.tsx(822,25): error TS2769: No overload matches this call.
  Overload 1 of 2, '(o: {}): string[]', gave the following error.
    Argument of type 'SubjectData | null' is not assignable to parameter of type '{}'.
      Type 'null' is not assignable to type '{}'.
  Overload 2 of 2, '(o: object): string[]', gave the following error.
    Argument of type 'SubjectData | null' is not assignable to parameter of type 'object'.
      Type 'null' is not assignable to type 'object'.
src/app/schedule/[semesterAndyear]/arrange/teacher-arrange/page.tsx(823,38): error TS2345: Argument of type 'SubjectData | undefined' is not assignable to parameter of type 'SubjectData'.
  Type 'undefined' is not assignable to type 'SubjectData'.
src/app/schedule/[semesterAndyear]/arrange/teacher-arrange/page.tsx(829,11): error TS2769: No overload matches this call.
  Overload 1 of 2, '(predicate: (value: TimeslotData, index: number, obj: TimeslotData[]) => value is TimeslotData, thisArg?: any): TimeslotData | undefined', gave the following error.
    Argument of type '(item: timeslot & { subject?: SubjectData; }) => boolean' is not assignable to parameter of type '(value: TimeslotData, index: number, obj: TimeslotData[]) => value is TimeslotData'.
      Types of parameters 'item' and 'value' are incompatible.
        Type 'TimeslotData' is not assignable to type '{ TimeslotID: string; AcademicYear: number; Semester: semester; StartTime: Date; EndTime: Date; Breaktime: breaktime; DayOfWeek: day_of_week; } & { ...; }'.
          Type 'TimeslotData' is not assignable to type '{ subject?: SubjectData | undefined; }'.
            Types of property 'subject' are incompatible.
              Type 'SubjectData | null | undefined' is not assignable to type 'SubjectData | undefined'.
                Type 'null' is not assignable to type 'SubjectData | undefined'.
  Overload 2 of 2, '(predicate: (value: TimeslotData, index: number, obj: TimeslotData[]) => unknown, thisArg?: any): TimeslotData | undefined', gave the following error.
    Argument of type '(item: timeslot & { subject?: SubjectData; }) => boolean' is not assignable to parameter of type '(value: TimeslotData, index: number, obj: TimeslotData[]) => unknown'.
      Types of parameters 'item' and 'value' are incompatible.
        Type 'TimeslotData' is not assignable to type '{ TimeslotID: string; AcademicYear: number; Semester: semester; StartTime: Date; EndTime: Date; Breaktime: breaktime; DayOfWeek: day_of_week; } & { ...; }'.
          Type 'TimeslotData' is not assignable to type '{ subject?: SubjectData | undefined; }'.
            Types of property 'subject' are incompatible.
              Type 'SubjectData | null | undefined' is not assignable to type 'SubjectData | undefined'.
                Type 'null' is not assignable to type 'SubjectData | undefined'.
src/app/schedule/[semesterAndyear]/arrange/teacher-arrange/page.tsx(835,23): error TS2769: No overload matches this call.
  Overload 1 of 2, '(o: {}): string[]', gave the following error.
    Argument of type 'SubjectData | null' is not assignable to parameter of type '{}'.
      Type 'null' is not assignable to type '{}'.
  Overload 2 of 2, '(o: object): string[]', gave the following error.
    Argument of type 'SubjectData | null' is not assignable to parameter of type 'object'.
      Type 'null' is not assignable to type 'object'.
src/app/schedule/[semesterAndyear]/arrange/teacher-arrange/page.tsx(852,27): error TS2769: No overload matches this call.
  Overload 1 of 2, '(o: {}): string[]', gave the following error.
    Argument of type 'SubjectData | null' is not assignable to parameter of type '{}'.
      Type 'null' is not assignable to type '{}'.
  Overload 2 of 2, '(o: object): string[]', gave the following error.
    Argument of type 'SubjectData | null' is not assignable to parameter of type 'object'.
      Type 'null' is not assignable to type 'object'.
src/app/schedule/[semesterAndyear]/arrange/teacher-arrange/page.tsx(853,40): error TS2345: Argument of type 'SubjectData | null' is not assignable to parameter of type 'SubjectData'.
  Type 'null' is not assignable to type 'SubjectData'.
src/app/schedule/[semesterAndyear]/arrange/teacher-arrange/page.tsx(874,11): error TS2322: Type 'SubjectData | null' is not assignable to type 'SubjectData'.
  Type 'null' is not assignable to type 'SubjectData'.
src/app/schedule/[semesterAndyear]/arrange/teacher-arrange/page.tsx(877,36): error TS2345: Argument of type 'SubjectData | undefined' is not assignable to parameter of type 'SubjectData'.
  Type 'undefined' is not assignable to type 'SubjectData'.
src/app/schedule/[semesterAndyear]/arrange/teacher-arrange/page.tsx(903,21): error TS2769: No overload matches this call.
  Overload 1 of 2, '(o: {}): string[]', gave the following error.
    Argument of type 'SubjectData | null' is not assignable to parameter of type '{}'.
      Type 'null' is not assignable to type '{}'.
  Overload 2 of 2, '(o: object): string[]', gave the following error.
    Argument of type 'SubjectData | null' is not assignable to parameter of type 'object'.
      Type 'null' is not assignable to type 'object'.
src/app/schedule/[semesterAndyear]/arrange/teacher-arrange/page.tsx(927,23): error TS2769: No overload matches this call.
  Overload 1 of 2, '(o: {}): string[]', gave the following error.
    Argument of type 'SubjectData | null' is not assignable to parameter of type '{}'.
      Type 'null' is not assignable to type '{}'.
  Overload 2 of 2, '(o: object): string[]', gave the following error.
    Argument of type 'SubjectData | null' is not assignable to parameter of type 'object'.
      Type 'null' is not assignable to type 'object'.
src/app/schedule/[semesterAndyear]/arrange/teacher-arrange/page.tsx(930,24): error TS2345: Argument of type 'SubjectData | null' is not assignable to parameter of type 'SubjectData'.
  Type 'null' is not assignable to type 'SubjectData'.
src/app/schedule/[semesterAndyear]/arrange/teacher-arrange/page.tsx(931,37): error TS2322: Type 'SubjectData | null' is not assignable to type 'SubjectData'.
  Type 'null' is not assignable to type 'SubjectData'.
src/app/schedule/[semesterAndyear]/arrange/teacher-arrange/page.tsx(931,59): error TS2322: Type 'SubjectData | null' is not assignable to type 'SubjectData'.
  Type 'null' is not assignable to type 'SubjectData'.
src/app/schedule/[semesterAndyear]/arrange/teacher-arrange/page.tsx(950,9): error TS2769: No overload matches this call.
  Overload 1 of 2, '(predicate: (value: TimeslotData, index: number, obj: TimeslotData[]) => value is TimeslotData, thisArg?: any): TimeslotData | undefined', gave the following error.
    Argument of type '(item: timeslot & { subject?: SubjectData; }) => boolean' is not assignable to parameter of type '(value: TimeslotData, index: number, obj: TimeslotData[]) => value is TimeslotData'.
      Types of parameters 'item' and 'value' are incompatible.
        Type 'TimeslotData' is not assignable to type '{ TimeslotID: string; AcademicYear: number; Semester: semester; StartTime: Date; EndTime: Date; Breaktime: breaktime; DayOfWeek: day_of_week; } & { ...; }'.
          Type 'TimeslotData' is not assignable to type '{ subject?: SubjectData | undefined; }'.
            Types of property 'subject' are incompatible.
              Type 'SubjectData | null | undefined' is not assignable to type 'SubjectData | undefined'.
                Type 'null' is not assignable to type 'SubjectData | undefined'.
  Overload 2 of 2, '(predicate: (value: TimeslotData, index: number, obj: TimeslotData[]) => unknown, thisArg?: any): TimeslotData | undefined', gave the following error.
    Argument of type '(item: timeslot & { subject?: SubjectData; }) => boolean' is not assignable to parameter of type '(value: TimeslotData, index: number, obj: TimeslotData[]) => unknown'.
      Types of parameters 'item' and 'value' are incompatible.
        Type 'TimeslotData' is not assignable to type '{ TimeslotID: string; AcademicYear: number; Semester: semester; StartTime: Date; EndTime: Date; Breaktime: breaktime; DayOfWeek: day_of_week; } & { ...; }'.
          Type 'TimeslotData' is not assignable to type '{ subject?: SubjectData | undefined; }'.
            Types of property 'subject' are incompatible.
              Type 'SubjectData | null | undefined' is not assignable to type 'SubjectData | undefined'.
                Type 'null' is not assignable to type 'SubjectData | undefined'.
src/app/schedule/[semesterAndyear]/arrange/teacher-arrange/page.tsx(964,21): error TS2769: No overload matches this call.
  Overload 1 of 2, '(o: {}): string[]', gave the following error.
    Argument of type 'SubjectData | null' is not assignable to parameter of type '{}'.
      Type 'null' is not assignable to type '{}'.
  Overload 2 of 2, '(o: object): string[]', gave the following error.
    Argument of type 'SubjectData | null' is not assignable to parameter of type 'object'.
      Type 'null' is not assignable to type 'object'.
src/app/schedule/[semesterAndyear]/arrange/teacher-arrange/page.tsx(982,11): error TS2769: No overload matches this call.
  Overload 1 of 2, '(predicate: (value: TimeslotData, index: number, obj: TimeslotData[]) => value is TimeslotData, thisArg?: any): TimeslotData | undefined', gave the following error.
    Argument of type '(item: timeslot & { subject?: SubjectData; }) => boolean' is not assignable to parameter of type '(value: TimeslotData, index: number, obj: TimeslotData[]) => value is TimeslotData'.
      Types of parameters 'item' and 'value' are incompatible.
        Type 'TimeslotData' is not assignable to type '{ TimeslotID: string; AcademicYear: number; Semester: semester; StartTime: Date; EndTime: Date; Breaktime: breaktime; DayOfWeek: day_of_week; } & { ...; }'.
          Type 'TimeslotData' is not assignable to type '{ subject?: SubjectData | undefined; }'.
            Types of property 'subject' are incompatible.
              Type 'SubjectData | null | undefined' is not assignable to type 'SubjectData | undefined'.
                Type 'null' is not assignable to type 'SubjectData | undefined'.
  Overload 2 of 2, '(predicate: (value: TimeslotData, index: number, obj: TimeslotData[]) => unknown, thisArg?: any): TimeslotData | undefined', gave the following error.
    Argument of type '(item: timeslot & { subject?: SubjectData; }) => boolean' is not assignable to parameter of type '(value: TimeslotData, index: number, obj: TimeslotData[]) => unknown'.
      Types of parameters 'item' and 'value' are incompatible.
        Type 'TimeslotData' is not assignable to type '{ TimeslotID: string; AcademicYear: number; Semester: semester; StartTime: Date; EndTime: Date; Breaktime: breaktime; DayOfWeek: day_of_week; } & { ...; }'.
          Type 'TimeslotData' is not assignable to type '{ subject?: SubjectData | undefined; }'.
            Types of property 'subject' are incompatible.
              Type 'SubjectData | null | undefined' is not assignable to type 'SubjectData | undefined'.
                Type 'null' is not assignable to type 'SubjectData | undefined'.
src/app/schedule/[semesterAndyear]/arrange/teacher-arrange/page.tsx(1012,9): error TS2345: Argument of type '(item: timeslot & { subject?: SubjectData; }) => ({ TimeslotID: string; AcademicYear: number; Semester: $Enums.semester; StartTime: Date; EndTime: Date; Breaktime: $Enums.breaktime; DayOfWeek: $Enums.day_of_week; } & { ...; }) | { ...; }' is not assignable to parameter of type '(value: TimeslotData, index: number, array: TimeslotData[]) => ({ TimeslotID: string; AcademicYear: number; Semester: semester; StartTime: Date; EndTime: Date; Breaktime: breaktime; DayOfWeek: day_of_week; } & { ...; }) | { ...; }'.
  Types of parameters 'item' and 'value' are incompatible.
    Type 'TimeslotData' is not assignable to type '{ TimeslotID: string; AcademicYear: number; Semester: semester; StartTime: Date; EndTime: Date; Breaktime: breaktime; DayOfWeek: day_of_week; } & { ...; }'.
      Type 'TimeslotData' is not assignable to type '{ subject?: SubjectData | undefined; }'.
        Types of property 'subject' are incompatible.
          Type 'SubjectData | null | undefined' is not assignable to type 'SubjectData | undefined'.
            Type 'null' is not assignable to type 'SubjectData | undefined'.
src/app/schedule/[semesterAndyear]/arrange/teacher-arrange/page.tsx(1034,43): error TS2769: No overload matches this call.
  Overload 1 of 2, '(o: {}): string[]', gave the following error.
    Argument of type 'SubjectData | null' is not assignable to parameter of type '{}'.
      Type 'null' is not assignable to type '{}'.
  Overload 2 of 2, '(o: object): string[]', gave the following error.
    Argument of type 'SubjectData | null' is not assignable to parameter of type 'object'.
      Type 'null' is not assignable to type 'object'.
src/app/schedule/[semesterAndyear]/arrange/teacher-arrange/page.tsx(1036,21): error TS2769: No overload matches this call.
  Overload 1 of 2, '(o: {}): string[]', gave the following error.
    Argument of type 'SubjectData | null' is not assignable to parameter of type '{}'.
      Type 'null' is not assignable to type '{}'.
  Overload 2 of 2, '(o: object): string[]', gave the following error.
    Argument of type 'SubjectData | null' is not assignable to parameter of type 'object'.
      Type 'null' is not assignable to type 'object'.
src/app/schedule/[semesterAndyear]/arrange/teacher-arrange/page.tsx(1055,11): error TS2769: No overload matches this call.
  Overload 1 of 2, '(predicate: (value: TimeslotData, index: number, obj: TimeslotData[]) => value is TimeslotData, thisArg?: any): TimeslotData | undefined', gave the following error.
    Argument of type '(item: timeslot & { subject?: SubjectData; }) => boolean' is not assignable to parameter of type '(value: TimeslotData, index: number, obj: TimeslotData[]) => value is TimeslotData'.
      Types of parameters 'item' and 'value' are incompatible.
        Type 'TimeslotData' is not assignable to type '{ TimeslotID: string; AcademicYear: number; Semester: semester; StartTime: Date; EndTime: Date; Breaktime: breaktime; DayOfWeek: day_of_week; } & { ...; }'.
          Type 'TimeslotData' is not assignable to type '{ subject?: SubjectData | undefined; }'.
            Types of property 'subject' are incompatible.
              Type 'SubjectData | null | undefined' is not assignable to type 'SubjectData | undefined'.
                Type 'null' is not assignable to type 'SubjectData | undefined'.
  Overload 2 of 2, '(predicate: (value: TimeslotData, index: number, obj: TimeslotData[]) => unknown, thisArg?: any): TimeslotData | undefined', gave the following error.
    Argument of type '(item: timeslot & { subject?: SubjectData; }) => boolean' is not assignable to parameter of type '(value: TimeslotData, index: number, obj: TimeslotData[]) => unknown'.
      Types of parameters 'item' and 'value' are incompatible.
        Type 'TimeslotData' is not assignable to type '{ TimeslotID: string; AcademicYear: number; Semester: semester; StartTime: Date; EndTime: Date; Breaktime: breaktime; DayOfWeek: day_of_week; } & { ...; }'.
          Type 'TimeslotData' is not assignable to type '{ subject?: SubjectData | undefined; }'.
            Types of property 'subject' are incompatible.
              Type 'SubjectData | null | undefined' is not assignable to type 'SubjectData | undefined'.
                Type 'null' is not assignable to type 'SubjectData | undefined'.
src/app/schedule/[semesterAndyear]/arrange/teacher-arrange/page.tsx(1076,11): error TS2769: No overload matches this call.
  Overload 1 of 2, '(predicate: (value: TimeslotData, index: number, obj: TimeslotData[]) => value is TimeslotData, thisArg?: any): TimeslotData | undefined', gave the following error.
    Argument of type '(item: timeslot & { subject?: SubjectData; }) => boolean' is not assignable to parameter of type '(value: TimeslotData, index: number, obj: TimeslotData[]) => value is TimeslotData'.
      Types of parameters 'item' and 'value' are incompatible.
        Type 'TimeslotData' is not assignable to type '{ TimeslotID: string; AcademicYear: number; Semester: semester; StartTime: Date; EndTime: Date; Breaktime: breaktime; DayOfWeek: day_of_week; } & { ...; }'.
          Type 'TimeslotData' is not assignable to type '{ subject?: SubjectData | undefined; }'.
            Types of property 'subject' are incompatible.
              Type 'SubjectData | null | undefined' is not assignable to type 'SubjectData | undefined'.
                Type 'null' is not assignable to type 'SubjectData | undefined'.
  Overload 2 of 2, '(predicate: (value: TimeslotData, index: number, obj: TimeslotData[]) => unknown, thisArg?: any): TimeslotData | undefined', gave the following error.
    Argument of type '(item: timeslot & { subject?: SubjectData; }) => boolean' is not assignable to parameter of type '(value: TimeslotData, index: number, obj: TimeslotData[]) => unknown'.
      Types of parameters 'item' and 'value' are incompatible.
        Type 'TimeslotData' is not assignable to type '{ TimeslotID: string; AcademicYear: number; Semester: semester; StartTime: Date; EndTime: Date; Breaktime: breaktime; DayOfWeek: day_of_week; } & { ...; }'.
          Type 'TimeslotData' is not assignable to type '{ subject?: SubjectData | undefined; }'.
            Types of property 'subject' are incompatible.
              Type 'SubjectData | null | undefined' is not assignable to type 'SubjectData | undefined'.
                Type 'null' is not assignable to type 'SubjectData | undefined'.
src/app/schedule/[semesterAndyear]/arrange/teacher-arrange/page.tsx(1096,43): error TS2769: No overload matches this call.
  Overload 1 of 2, '(o: {}): string[]', gave the following error.
    Argument of type 'SubjectData | null' is not assignable to parameter of type '{}'.
      Type 'null' is not assignable to type '{}'.
  Overload 2 of 2, '(o: object): string[]', gave the following error.
    Argument of type 'SubjectData | null' is not assignable to parameter of type 'object'.
      Type 'null' is not assignable to type 'object'.
src/app/schedule/[semesterAndyear]/arrange/teacher-arrange/page.tsx(1098,21): error TS2769: No overload matches this call.
  Overload 1 of 2, '(o: {}): string[]', gave the following error.
    Argument of type 'SubjectData | null' is not assignable to parameter of type '{}'.
      Type 'null' is not assignable to type '{}'.
  Overload 2 of 2, '(o: object): string[]', gave the following error.
    Argument of type 'SubjectData | null' is not assignable to parameter of type 'object'.
      Type 'null' is not assignable to type 'object'.
src/app/schedule/[semesterAndyear]/arrange/teacher-arrange/page.tsx(1188,9): error TS2769: No overload matches this call.
  Overload 1 of 2, '(predicate: (value: TimeslotData, index: number, obj: TimeslotData[]) => value is TimeslotData, thisArg?: any): TimeslotData | undefined', gave the following error.
    Argument of type '(item: timeslot & { subject?: SubjectData; }) => boolean' is not assignable to parameter of type '(value: TimeslotData, index: number, obj: TimeslotData[]) => value is TimeslotData'.
      Types of parameters 'item' and 'value' are incompatible.
        Type 'TimeslotData' is not assignable to type '{ TimeslotID: string; AcademicYear: number; Semester: semester; StartTime: Date; EndTime: Date; Breaktime: breaktime; DayOfWeek: day_of_week; } & { ...; }'.
          Type 'TimeslotData' is not assignable to type '{ subject?: SubjectData | undefined; }'.
            Types of property 'subject' are incompatible.
              Type 'SubjectData | null | undefined' is not assignable to type 'SubjectData | undefined'.
                Type 'null' is not assignable to type 'SubjectData | undefined'.
  Overload 2 of 2, '(predicate: (value: TimeslotData, index: number, obj: TimeslotData[]) => unknown, thisArg?: any): TimeslotData | undefined', gave the following error.
    Argument of type '(item: timeslot & { subject?: SubjectData; }) => boolean' is not assignable to parameter of type '(value: TimeslotData, index: number, obj: TimeslotData[]) => unknown'.
      Types of parameters 'item' and 'value' are incompatible.
        Type 'TimeslotData' is not assignable to type '{ TimeslotID: string; AcademicYear: number; Semester: semester; StartTime: Date; EndTime: Date; Breaktime: breaktime; DayOfWeek: day_of_week; } & { ...; }'.
          Type 'TimeslotData' is not assignable to type '{ subject?: SubjectData | undefined; }'.
            Types of property 'subject' are incompatible.
              Type 'SubjectData | null | undefined' is not assignable to type 'SubjectData | undefined'.
                Type 'null' is not assignable to type 'SubjectData | undefined'.
src/app/schedule/[semesterAndyear]/arrange/teacher-arrange/page.tsx(1203,24): error TS2769: No overload matches this call.
  Overload 1 of 2, '(o: {}): string[]', gave the following error.
    Argument of type 'SubjectData | null' is not assignable to parameter of type '{}'.
      Type 'null' is not assignable to type '{}'.
  Overload 2 of 2, '(o: object): string[]', gave the following error.
    Argument of type 'SubjectData | null' is not assignable to parameter of type 'object'.
      Type 'null' is not assignable to type 'object'.
src/app/schedule/[semesterAndyear]/arrange/teacher-arrange/page.tsx(1207,24): error TS2769: No overload matches this call.
  Overload 1 of 2, '(o: {}): string[]', gave the following error.
    Argument of type 'SubjectData | null' is not assignable to parameter of type '{}'.
      Type 'null' is not assignable to type '{}'.
  Overload 2 of 2, '(o: object): string[]', gave the following error.
    Argument of type 'SubjectData | null' is not assignable to parameter of type 'object'.
      Type 'null' is not assignable to type 'object'.
src/app/schedule/[semesterAndyear]/arrange/teacher-arrange/page.tsx(1216,25): error TS2769: No overload matches this call.
  Overload 1 of 2, '(o: {}): string[]', gave the following error.
    Argument of type 'SubjectData | null' is not assignable to parameter of type '{}'.
      Type 'null' is not assignable to type '{}'.
  Overload 2 of 2, '(o: object): string[]', gave the following error.
    Argument of type 'SubjectData | null' is not assignable to parameter of type 'object'.
      Type 'null' is not assignable to type 'object'.
src/app/schedule/[semesterAndyear]/arrange/teacher-arrange/page.tsx(1324,42): error TS2322: Type '{ TeacherID: number; Prefix: string; Firstname: string; Lastname: string; Department: string; Email: string; Role: string; } | null' is not assignable to type '{ TeacherID: number; Prefix: string; Firstname: string; Lastname: string; Department: string; Email: string; Role: string; }'.
  Type 'null' is not assignable to type '{ TeacherID: number; Prefix: string; Firstname: string; Lastname: string; Department: string; Email: string; Role: string; }'.
src/app/schedule/[semesterAndyear]/arrange/teacher-arrange/page.tsx(1345,13): error TS2322: Type 'SubjectData | null' is not assignable to type 'SubjectData | Record<string, never>'.
  Type 'null' is not assignable to type 'SubjectData | Record<string, never>'.
src/app/schedule/[semesterAndyear]/arrange/teacher-arrange/page.tsx(1346,13): error TS2322: Type '{ TeacherID: number; Prefix: string; Firstname: string; Lastname: string; Department: string; Email: string; Role: string; } | null' is not assignable to type '{ TeacherID: number; Prefix: string; Firstname: string; Lastname: string; Department: string; Email: string; Role: string; }'.
  Type 'null' is not assignable to type '{ TeacherID: number; Prefix: string; Firstname: string; Lastname: string; Department: string; Email: string; Role: string; }'.
src/app/schedule/[semesterAndyear]/arrange/teacher-arrange/page.tsx(1381,17): error TS2769: No overload matches this call.
  Overload 1 of 2, '(predicate: (value: TimeslotData, index: number, array: TimeslotData[]) => value is TimeslotData, thisArg?: any): TimeslotData[]', gave the following error.
    Argument of type '(slot: timeslot & { subject?: SubjectData; }) => boolean' is not assignable to parameter of type '(value: TimeslotData, index: number, array: TimeslotData[]) => value is TimeslotData'.
      Types of parameters 'slot' and 'value' are incompatible.
        Type 'TimeslotData' is not assignable to type '{ TimeslotID: string; AcademicYear: number; Semester: semester; StartTime: Date; EndTime: Date; Breaktime: breaktime; DayOfWeek: day_of_week; } & { ...; }'.
          Type 'TimeslotData' is not assignable to type '{ subject?: SubjectData | undefined; }'.
            Types of property 'subject' are incompatible.
              Type 'SubjectData | null | undefined' is not assignable to type 'SubjectData | undefined'.
                Type 'null' is not assignable to type 'SubjectData | undefined'.
  Overload 2 of 2, '(predicate: (value: TimeslotData, index: number, array: TimeslotData[]) => unknown, thisArg?: any): TimeslotData[]', gave the following error.
    Argument of type '(slot: timeslot & { subject?: SubjectData; }) => boolean' is not assignable to parameter of type '(value: TimeslotData, index: number, array: TimeslotData[]) => unknown'.
      Types of parameters 'slot' and 'value' are incompatible.
        Type 'TimeslotData' is not assignable to type '{ TimeslotID: string; AcademicYear: number; Semester: semester; StartTime: Date; EndTime: Date; Breaktime: breaktime; DayOfWeek: day_of_week; } & { ...; }'.
          Type 'TimeslotData' is not assignable to type '{ subject?: SubjectData | undefined; }'.
            Types of property 'subject' are incompatible.
              Type 'SubjectData | null | undefined' is not assignable to type 'SubjectData | undefined'.
                Type 'null' is not assignable to type 'SubjectData | undefined'.
src/app/schedule/[semesterAndyear]/arrange/teacher-arrange/page.tsx(1402,13): error TS2322: Type '(breakTimeState: string) => boolean' is not assignable to type 'CheckBreakTimeCallback'.
  Types of parameters 'breakTimeState' and 'breaktime' are incompatible.
    Type 'string | null' is not assignable to type 'string'.
      Type 'null' is not assignable to type 'string'.
src/app/schedule/[semesterAndyear]/assign/component/AddSubjectModal.tsx(187,43): error TS2345: Argument of type 'string | null' is not assignable to parameter of type 'string'.
  Type 'null' is not assignable to type 'string'.
src/app/schedule/[semesterAndyear]/assign/component/AddSubjectModal.tsx(213,32): error TS2532: Object is possibly 'undefined'.
src/app/schedule/[semesterAndyear]/assign/component/AddSubjectModal.tsx(230,23): error TS2322: Type '({ data }: { data: subject; }) => JSX.Element' is not assignable to type 'ComponentType<{ data: unknown; }>'.
  Type '({ data }: { data: subject; }) => JSX.Element' is not assignable to type 'FunctionComponent<{ data: unknown; }>'.
    Types of parameters '__0' and 'props' are incompatible.
      Type '{ data: unknown; }' is not assignable to type '{ data: { SubjectCode: string; SubjectName: string; Credit: subject_credit; Category: SubjectCategory; LearningArea: LearningArea | null; ActivityType: ActivityType | null; IsGraded: boolean; Description: string | null; }; }'.
        Types of property 'data' are incompatible.
          Type 'unknown' is not assignable to type '{ SubjectCode: string; SubjectName: string; Credit: subject_credit; Category: SubjectCategory; LearningArea: LearningArea | null; ActivityType: ActivityType | null; IsGraded: boolean; Description: string | null; }'.
src/app/schedule/[semesterAndyear]/assign/component/AddSubjectModal.tsx(243,23): error TS2322: Type '(item: subject) => void' is not assignable to type '(item: unknown, index: number) => void'.
  Types of parameters 'item' and 'item' are incompatible.
    Type 'unknown' is not assignable to type '{ SubjectCode: string; SubjectName: string; Credit: subject_credit; Category: SubjectCategory; LearningArea: LearningArea | null; ActivityType: ActivityType | null; IsGraded: boolean; Description: string | null; }'.
src/app/schedule/[semesterAndyear]/assign/component/AddSubjectModal.tsx(250,40): error TS2345: Argument of type '() => { SubjectCode: string; SubjectName: string; Credit: $Enums.subject_credit; Category?: $Enums.SubjectCategory | undefined; LearningArea?: $Enums.LearningArea | null | undefined; ... 7 more ...; TeacherID?: number; }[]' is not assignable to parameter of type 'SetStateAction<SubjectAssignment[]>'.
  Type '() => { SubjectCode: string; SubjectName: string; Credit: $Enums.subject_credit; Category?: $Enums.SubjectCategory | undefined; LearningArea?: $Enums.LearningArea | null | undefined; ... 7 more ...; TeacherID?: number; }[]' is not assignable to type '(prevState: SubjectAssignment[]) => SubjectAssignment[]'.
    Type '{ SubjectCode: string; SubjectName: string; Credit: subject_credit; Category?: SubjectCategory | undefined; LearningArea?: LearningArea | null | undefined; ... 7 more ...; TeacherID?: number | undefined; }[]' is not assignable to type 'SubjectAssignment[]'.
      Type '{ SubjectCode: string; SubjectName: string; Credit: $Enums.subject_credit; Category?: $Enums.SubjectCategory | undefined; LearningArea?: $Enums.LearningArea | null | undefined; ... 7 more ...; TeacherID?: number; }' is not assignable to type 'SubjectAssignment'.
        Type '{ SubjectCode: string; SubjectName: string; Credit: $Enums.subject_credit; Category?: $Enums.SubjectCategory | undefined; LearningArea?: $Enums.LearningArea | null | undefined; ... 7 more ...; TeacherID?: number; }' is not assignable to type '{ SubjectCode: string; SubjectName: string; Credit: subject_credit; Category: SubjectCategory; LearningArea: LearningArea | null; ActivityType: ActivityType | null; IsGraded: boolean; Description: string | null; }'.
          Types of property 'Category' are incompatible.
            Type 'SubjectCategory | undefined' is not assignable to type 'SubjectCategory'.
              Type 'undefined' is not assignable to type 'SubjectCategory'.
src/app/schedule/[semesterAndyear]/assign/component/AddSubjectModal.tsx(262,34): error TS2532: Object is possibly 'undefined'.
src/app/schedule/[semesterAndyear]/assign/component/SelectClassRoomModal.tsx(50,22): error TS2345: Argument of type '() => { isSelected: boolean; GradeID?: string | undefined; SubjectCode?: string; SubjectName?: string; TeachHour?: number; }[]' is not assignable to parameter of type 'SetStateAction<ClassRoomItem[]>'.
  Type '() => { isSelected: boolean; GradeID?: string | undefined; SubjectCode?: string; SubjectName?: string; TeachHour?: number; }[]' is not assignable to type '(prevState: ClassRoomItem[]) => ClassRoomItem[]'.
    Type '{ isSelected: boolean; GradeID?: string | undefined; SubjectCode?: string | undefined; SubjectName?: string | undefined; TeachHour?: number | undefined; }[]' is not assignable to type 'ClassRoomItem[]'.
      Type '{ isSelected: boolean; GradeID?: string | undefined; SubjectCode?: string; SubjectName?: string; TeachHour?: number; }' is not assignable to type 'ClassRoomItem'.
        Types of property 'GradeID' are incompatible.
          Type 'string | undefined' is not assignable to type 'string'.
            Type 'undefined' is not assignable to type 'string'.
src/app/schedule/[semesterAndyear]/assign/component/ShowTeacherData.tsx(122,7): error TS2769: No overload matches this call.
  Overload 1 of 2, '(props: { component: ElementType<any, keyof IntrinsicElements>; } & BoxOwnProps<Theme> & Omit<any, keyof BoxOwnProps<Theme>>): Element | null', gave the following error.
    Type 'unknown' is not assignable to type 'ReactNode'.
  Overload 2 of 2, '(props: DefaultComponentProps<BoxTypeMap<{}, "div", Theme>>): Element | null', gave the following error.
    Type 'unknown' is not assignable to type 'ReactNode'.
src/app/schedule/[semesterAndyear]/assign/teacher_responsibility/page.tsx(38,34): error TS2345: Argument of type 'string | undefined' is not assignable to parameter of type 'string'.
  Type 'undefined' is not assignable to type 'string'.
src/app/schedule/[semesterAndyear]/assign/teacher_responsibility/page.tsx(97,10): error TS7006: Parameter 'data' implicitly has an 'any' type.
src/app/schedule/[semesterAndyear]/assign/teacher_responsibility/page.tsx(99,49): error TS7006: Parameter 'data' implicitly has an 'any' type.
src/app/schedule/[semesterAndyear]/assign/teacher_responsibility/page.tsx(104,10): error TS7006: Parameter 'obj' implicitly has an 'any' type.
src/app/schedule/[semesterAndyear]/assign/teacher_responsibility/page.tsx(104,15): error TS7006: Parameter 'index' implicitly has an 'any' type.
src/app/schedule/[semesterAndyear]/assign/teacher_responsibility/page.tsx(105,37): error TS7006: Parameter 'item' implicitly has an 'any' type.
src/app/schedule/[semesterAndyear]/assign/teacher_responsibility/page.tsx(112,15): error TS2345: Argument of type '() => { Subjects: any; Grade: { Year: number; ClassRooms: String[]; }[]; Teacher: { TeacherID: null; Prefix: string; Firstname: string; Lastname: string; Department: string; }; }' is not assignable to parameter of type 'SetStateAction<{ Teacher: { TeacherID: null; Prefix: string; Firstname: string; Lastname: string; Department: string; }; Grade: { Year: number; ClassRooms: never[]; }[]; Subjects: never[]; }>'.
  Type '() => { Subjects: any; Grade: { Year: number; ClassRooms: String[]; }[]; Teacher: { TeacherID: null; Prefix: string; Firstname: string; Lastname: string; Department: string; }; }' is not assignable to type '(prevState: { Teacher: { TeacherID: null; Prefix: string; Firstname: string; Lastname: string; Department: string; }; Grade: { Year: number; ClassRooms: never[]; }[]; Subjects: never[]; }) => { Teacher: { TeacherID: null; Prefix: string; Firstname: string; Lastname: string; Department: string; }; Grade: { ...; }[]; ...'.
    Call signature return types '{ Subjects: any; Grade: { Year: number; ClassRooms: String[]; }[]; Teacher: { TeacherID: null; Prefix: string; Firstname: string; Lastname: string; Department: string; }; }' and '{ Teacher: { TeacherID: null; Prefix: string; Firstname: string; Lastname: string; Department: string; }; Grade: { Year: number; ClassRooms: never[]; }[]; Subjects: never[]; }' are incompatible.
      The types of 'Grade' are incompatible between these types.
        Type '{ Year: number; ClassRooms: String[]; }[]' is not assignable to type '{ Year: number; ClassRooms: never[]; }[]'.
          Type '{ Year: number; ClassRooms: String[]; }' is not assignable to type '{ Year: number; ClassRooms: never[]; }'.
            Types of property 'ClassRooms' are incompatible.
              Type 'String[]' is not assignable to type 'never[]'.
                Type 'String' is not assignable to type 'never'.
src/app/schedule/[semesterAndyear]/assign/teacher_responsibility/page.tsx(143,9): error TS2532: Object is possibly 'undefined'.
src/app/schedule/[semesterAndyear]/assign/teacher_responsibility/page.tsx(146,9): error TS2532: Object is possibly 'undefined'.
src/app/schedule/[semesterAndyear]/assign/teacher_responsibility/page.tsx(166,32): error TS7006: Parameter 'Year' implicitly has an 'any' type.
src/app/schedule/[semesterAndyear]/assign/teacher_responsibility/page.tsx(166,38): error TS7006: Parameter 'Classrooms' implicitly has an 'any' type.
src/app/schedule/[semesterAndyear]/assign/teacher_responsibility/page.tsx(180,30): error TS7006: Parameter 'subj' implicitly has an 'any' type.
src/app/schedule/[semesterAndyear]/assign/teacher_responsibility/page.tsx(184,44): error TS2345: Argument of type 'null' is not assignable to parameter of type 'number | (() => number)'.
src/app/schedule/[semesterAndyear]/assign/teacher_responsibility/page.tsx(187,31): error TS2339: Property 'GradeID' does not exist on type 'never'.
src/app/schedule/[semesterAndyear]/assign/teacher_responsibility/page.tsx(190,17): error TS2532: Object is possibly 'undefined'.
src/app/schedule/[semesterAndyear]/assign/teacher_responsibility/page.tsx(190,42): error TS2339: Property 'Credit' does not exist on type 'never'.
src/app/schedule/[semesterAndyear]/assign/teacher_responsibility/page.tsx(204,48): error TS2339: Property 'GradeID' does not exist on type 'never'.
src/app/schedule/[semesterAndyear]/assign/teacher_responsibility/page.tsx(208,57): error TS2339: Property 'GradeID' does not exist on type 'never'.
src/app/schedule/[semesterAndyear]/assign/teacher_responsibility/page.tsx(217,11): error TS7034: Variable 'spreadClassRoom' implicitly has type 'any[]' in some locations where its type cannot be determined.
src/app/schedule/[semesterAndyear]/assign/teacher_responsibility/page.tsx(219,31): error TS2548: Type 'never[] | undefined' is not an array type or does not have a '[Symbol.iterator]()' method that returns an iterator.
src/app/schedule/[semesterAndyear]/assign/teacher_responsibility/page.tsx(224,7): error TS7005: Variable 'spreadClassRoom' implicitly has an 'any[]' type.
src/app/schedule/[semesterAndyear]/assign/teacher_responsibility/page.tsx(224,65): error TS2339: Property 'GradeID' does not exist on type 'never'.
src/app/schedule/[semesterAndyear]/assign/teacher_responsibility/page.tsx(229,30): error TS2345: Argument of type 'string | undefined' is not assignable to parameter of type 'string'.
  Type 'undefined' is not assignable to type 'string'.
src/app/schedule/[semesterAndyear]/assign/teacher_responsibility/page.tsx(274,11): error TS2322: Type '(rooms: [], year: number) => void' is not assignable to type '(selectedClasses: ClassRoomItem[], year: number) => void'.
  Types of parameters 'rooms' and 'selectedClasses' are incompatible.
    Type 'ClassRoomItem[]' is not assignable to type '[]'.
      Target allows only 0 element(s) but source may have more.
src/app/schedule/[semesterAndyear]/assign/teacher_responsibility/page.tsx(454,38): error TS2532: Object is possibly 'undefined'.
src/app/schedule/[semesterAndyear]/config/_components/BreakSlotSelect.tsx(63,9): error TS2322: Type '(event: SelectChangeEvent<unknown>) => void' is not assignable to type '(event: ChangeEvent<Omit<HTMLInputElement, "value"> & { value: number; }> | (Event & { target: { value: number; name: string; }; }), child: ReactNode) => void'.
  Types of parameters 'event' and 'event' are incompatible.
    Type 'ChangeEvent<Omit<HTMLInputElement, "value"> & { value: number; }> | (Event & { target: { value: number; name: string; }; })' is not assignable to type 'ChangeEvent<HTMLInputElement> | (Event & { target: { value: unknown; name: string; }; })'.
      Type 'ChangeEvent<Omit<HTMLInputElement, "value"> & { value: number; }>' is not assignable to type 'ChangeEvent<HTMLInputElement> | (Event & { target: { value: unknown; name: string; }; })'.
        Type 'ChangeEvent<Omit<HTMLInputElement, "value"> & { value: number; }>' is not assignable to type 'ChangeEvent<HTMLInputElement>'.
          Type 'Omit<HTMLInputElement, "value"> & { value: number; }' is not assignable to type 'HTMLInputElement'.
            Types of property 'value' are incompatible.
              Type 'number' is not assignable to type 'string'.
src/app/schedule/[semesterAndyear]/config/_components/TimeslotPreview.tsx(48,23): error TS18048: 'hours' is possibly 'undefined'.
src/app/schedule/[semesterAndyear]/config/_components/TimeslotPreview.tsx(48,36): error TS18048: 'minutes' is possibly 'undefined'.
src/app/schedule/[semesterAndyear]/config/_components/TimeslotPreviewGrid.tsx(48,23): error TS18048: 'startHour' is possibly 'undefined'.
src/app/schedule/[semesterAndyear]/config/_components/TimeslotPreviewGrid.tsx(48,40): error TS18048: 'startMinute' is possibly 'undefined'.
src/app/schedule/[semesterAndyear]/config/_components/TimeslotPreviewGrid.tsx(144,10): error TS2532: Object is possibly 'undefined'.
src/app/schedule/[semesterAndyear]/config/component/CloneTimetableDataModal.tsx(147,23): error TS2322: Type '{ Semester: semester; createdAt: Date; updatedAt: Date; status: SemesterStatus; isPinned: boolean; configCompleteness: number; lastAccessedAt: Date; publishedAt: Date | null; AcademicYear: number; ConfigID: string; Config: JsonValue; }[] | undefined' is not assignable to type 'unknown[]'.
  Type 'undefined' is not assignable to type 'unknown[]'.
src/app/schedule/[semesterAndyear]/config/component/CloneTimetableDataModal.tsx(148,23): error TS2322: Type '({ data }: { data: TableConfigItem; }) => JSX.Element' is not assignable to type 'ComponentType<{ data: unknown; }>'.
  Type '({ data }: { data: TableConfigItem; }) => JSX.Element' is not assignable to type 'FunctionComponent<{ data: unknown; }>'.
    Types of parameters '__0' and 'props' are incompatible.
      Type '{ data: unknown; }' is not assignable to type '{ data: TableConfigItem; }'.
        Types of property 'data' are incompatible.
          Type 'unknown' is not assignable to type 'TableConfigItem'.
src/app/schedule/[semesterAndyear]/config/component/CloneTimetableDataModal.tsx(149,25): error TS2322: Type 'false | Element' is not assignable to type 'Element'.
  Type 'boolean' is not assignable to type 'ReactElement<any, any>'.
src/app/schedule/[semesterAndyear]/config/component/CloneTimetableDataModal.tsx(154,23): error TS2322: Type '(value: TableConfigItem) => void' is not assignable to type '(item: unknown, index: number) => void'.
  Types of parameters 'value' and 'item' are incompatible.
    Type 'unknown' is not assignable to type 'TableConfigItem'.
src/app/schedule/[semesterAndyear]/config/page.tsx(108,21): error TS2345: Argument of type 'number[]' is not assignable to parameter of type 'SetStateAction<never[]>'.
  Type 'number[]' is not assignable to type 'never[]'.
    Type 'number' is not assignable to type 'never'.
src/app/schedule/[semesterAndyear]/config/page.tsx(346,19): error TS2322: Type '(currentValue: number) => void' is not assignable to type '(item: unknown, index: number) => void'.
  Types of parameters 'currentValue' and 'item' are incompatible.
    Type 'unknown' is not assignable to type 'number'.
src/app/schedule/[semesterAndyear]/config/page.tsx(404,19): error TS2322: Type '(currentValue: number) => void' is not assignable to type '(item: unknown, index: number) => void'.
  Types of parameters 'currentValue' and 'item' are incompatible.
    Type 'unknown' is not assignable to type 'number'.
src/app/schedule/[semesterAndyear]/config/page.tsx(425,19): error TS2322: Type '(currentValue: number) => void' is not assignable to type '(item: unknown, index: number) => void'.
  Types of parameters 'currentValue' and 'item' are incompatible.
    Type 'unknown' is not assignable to type 'number'.
src/app/schedule/[semesterAndyear]/lock/component/AddLockScheduleModal.tsx(171,15): error TS2322: Type 'null' is not assignable to type '((teachers: { Email: string; TeacherID: number; Prefix: string; Firstname: string; Lastname: string; Department: string; Role: string; }[]) => void) | undefined'.
src/app/schedule/[semesterAndyear]/lock/component/LockCalendarView.tsx(130,9): error TS18047: 'lock.SubjectName' is possibly 'null'.
src/app/schedule/[semesterAndyear]/lock/component/LockCalendarView.tsx(163,38): error TS2769: No overload matches this call.
  Overload 1 of 2, '(o: {}): string[]', gave the following error.
    Argument of type 'Record<number, { Semester: semester; AcademicYear: number; TimeslotID: string; StartTime: Date; EndTime: Date; Breaktime: breaktime; DayOfWeek: day_of_week; }> | undefined' is not assignable to parameter of type '{}'.
      Type 'undefined' is not assignable to type '{}'.
  Overload 2 of 2, '(o: object): string[]', gave the following error.
    Argument of type 'Record<number, { Semester: semester; AcademicYear: number; TimeslotID: string; StartTime: Date; EndTime: Date; Breaktime: breaktime; DayOfWeek: day_of_week; }> | undefined' is not assignable to parameter of type 'object'.
      Type 'undefined' is not assignable to type 'object'.
src/app/schedule/[semesterAndyear]/lock/component/LockCalendarView.tsx(252,34): error TS2532: Object is possibly 'undefined'.
src/app/schedule/[semesterAndyear]/lock/component/LockCalendarView.tsx(325,30): error TS18047: 'lock.room' is possibly 'null'.
src/app/schedule/[semesterAndyear]/lock/component/LockCalendarView.tsx(400,32): error TS18047: 'selectedLock.room' is possibly 'null'.
src/app/schedule/[semesterAndyear]/lock/component/LockSchedule.tsx(204,31): error TS2345: Argument of type 'GroupedLockedSchedule | undefined' is not assignable to parameter of type 'SetStateAction<GroupedLockedSchedule | null>'.
  Type 'undefined' is not assignable to type 'SetStateAction<GroupedLockedSchedule | null>'.
src/app/schedule/[semesterAndyear]/lock/component/LockSchedule.tsx(238,30): error TS18047: 'item.room' is possibly 'null'.
src/app/schedule/[semesterAndyear]/lock/component/LockSchedule.tsx(253,40): error TS2532: Object is possibly 'undefined'.
src/app/schedule/[semesterAndyear]/lock/component/LockSchedule.tsx(314,31): error TS18047: 'teacher.Department' is possibly 'null'.
src/app/schedule/[semesterAndyear]/lock/component/LockSchedule.tsx(315,38): error TS18047: 'teacher.Department' is possibly 'null'.
src/app/schedule/[semesterAndyear]/lock/component/LockSchedule.tsx(326,56): error TS2345: Argument of type 'number' is not assignable to parameter of type 'SetStateAction<null>'.
src/app/schedule/[semesterAndyear]/lock/component/LockSchedule.tsx(341,58): error TS2345: Argument of type 'number' is not assignable to parameter of type 'SetStateAction<null>'.
src/app/schedule/[semesterAndyear]/lock/component/LockSchedule.tsx(352,42): error TS18047: 'item.Department' is possibly 'null'.
src/app/schedule/[semesterAndyear]/lock/component/LockSchedule.tsx(353,48): error TS18047: 'item.Department' is possibly 'null'.
src/app/schedule/[semesterAndyear]/lock/component/LockSchedule.tsx(387,9): error TS2322: Type '{ open: boolean; onClose: () => void; configId: string; onSuccess: () => void; }' is not assignable to type 'IntrinsicAttributes & BulkLockModalProps'.
  Property 'configId' does not exist on type 'IntrinsicAttributes & BulkLockModalProps'. Did you mean '_configId'?
src/app/schedule/[semesterAndyear]/lock/component/LockScheduleForm.tsx(339,15): error TS2322: Type 'SubjectWithResponsibilities | null' is not assignable to type '{ SubjectCode: string; SubjectName: string; Credit: subject_credit; Category: SubjectCategory; LearningArea: LearningArea | null; ActivityType: ActivityType | null; IsGraded: boolean; Description: string | null; } | undefined'.
  Type 'null' is not assignable to type '{ SubjectCode: string; SubjectName: string; Credit: subject_credit; Category: SubjectCategory; LearningArea: LearningArea | null; ActivityType: ActivityType | null; IsGraded: boolean; Description: string | null; } | undefined'.
src/app/schedule/[semesterAndyear]/lock/component/LockScheduleForm.tsx(349,15): error TS2322: Type 'SubjectWithResponsibilities | null' is not assignable to type '{ SubjectCode: string; SubjectName: string; Credit: subject_credit; Category: SubjectCategory; LearningArea: LearningArea | null; ActivityType: ActivityType | null; IsGraded: boolean; Description: string | null; } | undefined'.
  Type 'null' is not assignable to type '{ SubjectCode: string; SubjectName: string; Credit: subject_credit; Category: SubjectCategory; LearningArea: LearningArea | null; ActivityType: ActivityType | null; IsGraded: boolean; Description: string | null; } | undefined'.
src/app/schedule/[semesterAndyear]/lock/component/LockScheduleForm.tsx(356,25): error TS18047: 'lockScheduleData.room' is possibly 'null'.
src/app/schedule/[semesterAndyear]/lock/component/LockScheduleForm.tsx(362,15): error TS2322: Type 'SubjectWithResponsibilities | null' is not assignable to type '{ SubjectCode: string; SubjectName: string; Credit: subject_credit; Category: SubjectCategory; LearningArea: LearningArea | null; ActivityType: ActivityType | null; IsGraded: boolean; Description: string | null; } | undefined'.
  Type 'null' is not assignable to type '{ SubjectCode: string; SubjectName: string; Credit: subject_credit; Category: SubjectCategory; LearningArea: LearningArea | null; ActivityType: ActivityType | null; IsGraded: boolean; Description: string | null; } | undefined'.
src/app/schedule/[semesterAndyear]/lock/component/SelectDayOfWeek.tsx(29,11): error TS2322: Type '({ data }: { data: string; }) => JSX.Element' is not assignable to type 'ComponentType<{ data: unknown; }>'.
  Type '({ data }: { data: string; }) => JSX.Element' is not assignable to type 'FunctionComponent<{ data: unknown; }>'.
    Types of parameters '__0' and 'props' are incompatible.
      Type '{ data: unknown; }' is not assignable to type '{ data: string; }'.
        Types of property 'data' are incompatible.
          Type 'unknown' is not assignable to type 'string'.
src/app/schedule/[semesterAndyear]/lock/component/SelectDayOfWeek.tsx(36,11): error TS2322: Type '(value: string) => void' is not assignable to type '(item: unknown, index: number) => void'.
  Types of parameters 'value' and 'item' are incompatible.
    Type 'unknown' is not assignable to type 'string'.
src/app/schedule/[semesterAndyear]/lock/component/SelectedClassRoom.tsx(24,22): error TS18048: 'props.teachers' is possibly 'undefined'.
src/app/schedule/[semesterAndyear]/lock/component/SelectedClassRoom.tsx(101,19): error TS2532: Object is possibly 'undefined'.
src/app/schedule/[semesterAndyear]/lock/component/SelectMultipleTimeSlot.tsx(25,14): error TS2345: Argument of type 'string | undefined' is not assignable to parameter of type 'string'.
  Type 'undefined' is not assignable to type 'string'.
src/app/schedule/[semesterAndyear]/lock/component/SelectMultipleTimeSlot.tsx(26,14): error TS2345: Argument of type 'string | undefined' is not assignable to parameter of type 'string'.
  Type 'undefined' is not assignable to type 'string'.
src/app/schedule/[semesterAndyear]/lock/component/SelectMultipleTimeSlot.tsx(31,19): error TS2345: Argument of type '() => string[]' is not assignable to parameter of type 'SetStateAction<never[]>'.
  Type '() => string[]' is not assignable to type '(prevState: never[]) => never[]'.
    Type 'string[]' is not assignable to type 'never[]'.
      Type 'string' is not assignable to type 'never'.
src/app/schedule/[semesterAndyear]/lock/component/SelectMultipleTimeSlot.tsx(40,30): error TS7006: Parameter 'index' implicitly has an 'any' type.
src/app/schedule/[semesterAndyear]/lock/component/SelectMultipleTimeSlot.tsx(41,28): error TS2532: Object is possibly 'undefined'.
src/app/schedule/[semesterAndyear]/lock/component/SelectMultipleTimeSlot.tsx(41,48): error TS18048: 'props.subject' is possibly 'undefined'.
src/app/schedule/[semesterAndyear]/lock/component/SelectMultipleTimeSlot.tsx(43,24): error TS2345: Argument of type 'number' is not assignable to parameter of type 'never'.
src/app/schedule/[semesterAndyear]/lock/component/SelectRoomName.tsx(41,11): error TS2322: Type '({ data }: { data: room; }) => JSX.Element' is not assignable to type 'ComponentType<{ data: unknown; }>'.
  Type '({ data }: { data: room; }) => JSX.Element' is not assignable to type 'FunctionComponent<{ data: unknown; }>'.
    Types of parameters '__0' and 'props' are incompatible.
      Type '{ data: unknown; }' is not assignable to type '{ data: { RoomID: number; RoomName: string; Building: string; Floor: string; }; }'.
        Types of property 'data' are incompatible.
          Type 'unknown' is not assignable to type '{ RoomID: number; RoomName: string; Building: string; Floor: string; }'.
src/app/schedule/[semesterAndyear]/lock/component/SelectRoomName.tsx(46,11): error TS2322: Type 'string | null' is not assignable to type 'string | undefined'.
  Type 'null' is not assignable to type 'string | undefined'.
src/app/schedule/[semesterAndyear]/lock/component/SelectRoomName.tsx(48,11): error TS2322: Type '(value: { RoomID: number; RoomName: string; Building: string; Floor: string; }) => void' is not assignable to type '(item: unknown, index: number) => void'.
  Types of parameters 'value' and 'item' are incompatible.
    Type 'unknown' is not assignable to type '{ RoomID: number; RoomName: string; Building: string; Floor: string; }'.
src/app/schedule/[semesterAndyear]/lock/component/SelectSubject.tsx(77,13): error TS2322: Type '({ data }: { data: SubjectWithResponsibilities; }) => JSX.Element' is not assignable to type 'ComponentType<{ data: unknown; }>'.
  Type '({ data }: { data: SubjectWithResponsibilities; }) => JSX.Element' is not assignable to type 'FunctionComponent<{ data: unknown; }>'.
    Types of parameters '__0' and 'props' are incompatible.
      Type '{ data: unknown; }' is not assignable to type '{ data: SubjectWithResponsibilities; }'.
        Types of property 'data' are incompatible.
          Type 'unknown' is not assignable to type 'SubjectWithResponsibilities'.
            Type 'unknown' is not assignable to type '{ SubjectCode: string; SubjectName: string; Credit: subject_credit; Category: SubjectCategory; LearningArea: LearningArea | null; ActivityType: ActivityType | null; IsGraded: boolean; Description: string | null; }'.
src/app/schedule/[semesterAndyear]/lock/component/SelectSubject.tsx(86,13): error TS2322: Type '(value: SubjectWithResponsibilities) => void' is not assignable to type '(item: unknown, index: number) => void'.
  Types of parameters 'value' and 'item' are incompatible.
    Type 'unknown' is not assignable to type 'SubjectWithResponsibilities'.
      Type 'unknown' is not assignable to type '{ SubjectCode: string; SubjectName: string; Credit: subject_credit; Category: SubjectCategory; LearningArea: LearningArea | null; ActivityType: ActivityType | null; IsGraded: boolean; Description: string | null; }'.
src/app/schedule/[semesterAndyear]/lock/component/SelectTeacher.tsx(41,16): error TS18048: 'props.teachers' is possibly 'undefined'.
src/components/tables/EditableTable.tsx(167,27): error TS2538: Type 'undefined' cannot be used as an index type.
src/components/tables/EditableTable.tsx(171,30): error TS2345: Argument of type 'string | undefined' is not assignable to parameter of type 'string | number'.
  Type 'undefined' is not assignable to type 'string | number'.
src/components/tables/EditableTable.tsx(173,31): error TS2464: A computed property name must be of type 'string', 'number', 'symbol', or 'any'.
src/components/tables/EditableTable.tsx(304,37): error TS2345: Argument of type '(Partial<T> | undefined)[]' is not assignable to parameter of type 'Partial<T>[]'.
  Type 'Partial<T> | undefined' is not assignable to type 'Partial<T>'.
    Type 'undefined' is not assignable to type 'Partial<T>'.
src/components/tables/EditableTable.tsx(351,21): error TS2345: Argument of type '(d: Record<string | number, Partial<T>>) => { [x: string]: Partial<T> | { [x: string]: any; }; }' is not assignable to parameter of type 'SetStateAction<Record<string | number, Partial<T>>>'.
  Type '(d: Record<string | number, Partial<T>>) => { [x: string]: Partial<T> | { [x: string]: any; }; }' is not assignable to type '(prevState: Record<string | number, Partial<T>>) => Record<string | number, Partial<T>>'.
    Type '{ [x: string]: Partial<T> | { [x: string]: any; }; }' is not assignable to type 'Record<string | number, Partial<T>>'.
      'string' index signatures are incompatible.
        Type 'Partial<T> | { [x: string]: any; }' is not assignable to type 'Partial<T>'.
          Type '{ [x: string]: any; }' is not assignable to type 'Partial<T>'.
src/components/tables/EditableTable.tsx(364,25): error TS2345: Argument of type '(d: Record<string | number, Partial<T>>) => { [x: string]: Partial<T> | { [x: string]: any; }; }' is not assignable to parameter of type 'SetStateAction<Record<string | number, Partial<T>>>'.
  Type '(d: Record<string | number, Partial<T>>) => { [x: string]: Partial<T> | { [x: string]: any; }; }' is not assignable to type '(prevState: Record<string | number, Partial<T>>) => Record<string | number, Partial<T>>'.
    Type '{ [x: string]: Partial<T> | { [x: string]: any; }; }' is not assignable to type 'Record<string | number, Partial<T>>'.
      'string' index signatures are incompatible.
        Type 'Partial<T> | { [x: string]: any; }' is not assignable to type 'Partial<T>'.
          Type '{ [x: string]: any; }' is not assignable to type 'Partial<T>'.
src/components/tables/EditableTable.tsx(387,21): error TS2345: Argument of type '(d: Record<string | number, Partial<T>>) => { [x: string]: Partial<T> | { [x: string]: string | number | T[string] | undefined; }; }' is not assignable to parameter of type 'SetStateAction<Record<string | number, Partial<T>>>'.
  Type '(d: Record<string | number, Partial<T>>) => { [x: string]: Partial<T> | { [x: string]: string | number | T[string] | undefined; }; }' is not assignable to type '(prevState: Record<string | number, Partial<T>>) => Record<string | number, Partial<T>>'.
    Type '{ [x: string]: Partial<T> | { [x: string]: string | number | T[string] | undefined; }; }' is not assignable to type 'Record<string | number, Partial<T>>'.
      'string' index signatures are incompatible.
        Type 'Partial<T> | { [x: string]: string | number | T[string] | undefined; }' is not assignable to type 'Partial<T>'.
          Type '{ [x: string]: string | number | T[string] | undefined; }' is not assignable to type 'Partial<T>'.
src/features/analytics/domain/services/aggregation.service.ts(273,3): error TS2322: Type 'number | undefined' is not assignable to type 'number'.
  Type 'undefined' is not assignable to type 'number'.
src/features/analytics/domain/services/calculation.service.ts(37,33): error TS2345: Argument of type 'string | undefined' is not assignable to parameter of type 'string'.
  Type 'undefined' is not assignable to type 'string'.
src/features/analytics/domain/services/calculation.service.ts(229,27): error TS2345: Argument of type 'string | undefined' is not assignable to parameter of type 'string'.
  Type 'undefined' is not assignable to type 'string'.
src/features/analytics/domain/services/calculation.service.ts(242,3): error TS2322: Type 'string | undefined' is not assignable to type 'string | null'.
  Type 'undefined' is not assignable to type 'string | null'.
src/features/analytics/infrastructure/repositories/room.repository.ts(80,18): error TS2345: Argument of type 'string | null' is not assignable to parameter of type 'string'.
  Type 'null' is not assignable to type 'string'.
src/features/analytics/infrastructure/repositories/room.repository.ts(80,35): error TS2345: Argument of type 'string | null' is not assignable to parameter of type 'string'.
  Type 'null' is not assignable to type 'string'.
src/features/analytics/infrastructure/repositories/room.repository.ts(125,16): error TS2345: Argument of type 'number | null' is not assignable to parameter of type 'number'.
  Type 'null' is not assignable to type 'number'.
src/features/analytics/infrastructure/repositories/time.repository.ts(68,22): error TS2345: Argument of type 'number | null' is not assignable to parameter of type 'number'.
  Type 'null' is not assignable to type 'number'.
src/features/analytics/infrastructure/repositories/time.repository.ts(68,48): error TS2345: Argument of type 'number | null' is not assignable to parameter of type 'number'.
  Type 'null' is not assignable to type 'number'.
src/features/analytics/infrastructure/repositories/time.repository.ts(133,19): error TS2345: Argument of type 'string | null' is not assignable to parameter of type 'string'.
  Type 'null' is not assignable to type 'string'.
src/features/analytics/infrastructure/repositories/time.repository.ts(133,39): error TS2345: Argument of type 'string | null' is not assignable to parameter of type 'string'.
  Type 'null' is not assignable to type 'string'.
src/features/arrange/domain/services/arrange-validation.service.ts(107,12): error TS2532: Object is possibly 'undefined'.
src/features/assign/infrastructure/repositories/assign.repository.ts(108,33): error TS2345: Argument of type '(item: { SubjectCode: string; }) => string' is not assignable to parameter of type '(value: {}, index: number, array: {}[]) => string'.
  Types of parameters 'item' and 'value' are incompatible.
    Property 'SubjectCode' is missing in type '{}' but required in type '{ SubjectCode: string; }'.
src/features/config/application/actions/config-lifecycle.actions.ts(59,7): error TS2345: Argument of type 'Date | null' is not assignable to parameter of type 'Date | undefined'.
  Type 'null' is not assignable to type 'Date | undefined'.
src/features/config/application/actions/config.actions.ts(40,3): error TS2345: Argument of type 'undefined' is not assignable to parameter of type 'GenericSchema<unknown>'.
src/features/config/application/actions/config.actions.ts(207,38): error TS7006: Parameter 'slot' implicitly has an 'any' type.
src/features/config/application/actions/config.actions.ts(235,38): error TS7006: Parameter 'resp' implicitly has an 'any' type.
src/features/config/application/actions/config.actions.ts(288,58): error TS7006: Parameter 'lock' implicitly has an 'any' type.
src/features/config/application/actions/config.actions.ts(358,68): error TS7006: Parameter 'schedule' implicitly has an 'any' type.
src/features/config/application/actions/config.actions.ts(418,3): error TS2345: Argument of type 'undefined' is not assignable to parameter of type 'GenericSchema<unknown>'.
src/features/config/domain/services/config-validation.service.ts(42,33): error TS2345: Argument of type 'string | undefined' is not assignable to parameter of type 'string'.
  Type 'undefined' is not assignable to type 'string'.
src/features/config/domain/services/config-validation.service.ts(48,12): error TS2322: Type 'string | undefined' is not assignable to type 'string'.
  Type 'undefined' is not assignable to type 'string'.
src/features/config/infrastructure/repositories/config.repository.ts(69,7): error TS2322: Type 'JsonValue' is not assignable to type 'Exact<InputJsonValue | JsonNull, InputJsonValue | JsonNull>'.
  Type 'null' is not assignable to type 'Exact<InputJsonValue | JsonNull, InputJsonValue | JsonNull>'.
src/features/config/infrastructure/repositories/config.repository.ts(85,5): error TS2322: Type '{ Config?: Prisma.JsonValue | undefined; Semester?: $Enums.semester | undefined; AcademicYear?: number | undefined; }' is not assignable to type 'Exact<(Without<table_configUpdateInput, table_configUncheckedUpdateInput> & table_configUncheckedUpdateInput) | (Without<...> & table_configUpdateInput), (Without<...> & table_configUncheckedUpdateInput) | (Without<...> & table_configUpdateInput)>'.
  Type '{ Config?: Prisma.JsonValue | undefined; Semester?: $Enums.semester | undefined; AcademicYear?: number | undefined; }' is not assignable to type '{ ConfigID?: Exact<string | StringFieldUpdateOperationsInput | undefined, string | StringFieldUpdateOperationsInput | undefined>; ... 9 more ...; updatedAt?: Exact<...>; }'.
    Types of property 'Config' are incompatible.
      Type 'JsonValue | undefined' is not assignable to type 'Exact<InputJsonValue | JsonNull | undefined, InputJsonValue | JsonNull | undefined>'.
        Type 'null' is not assignable to type 'Exact<InputJsonValue | JsonNull | undefined, InputJsonValue | JsonNull | undefined>'.
src/features/conflict/infrastructure/repositories/conflict.repository.ts(275,32): error TS2532: Object is possibly 'undefined'.
src/features/conflict/infrastructure/repositories/conflict.repository.ts(289,20): error TS2532: Object is possibly 'undefined'.
src/features/conflict/infrastructure/repositories/conflict.repository.ts(319,24): error TS2532: Object is possibly 'undefined'.
src/features/conflict/infrastructure/repositories/conflict.repository.ts(330,20): error TS2532: Object is possibly 'undefined'.
src/features/conflict/infrastructure/repositories/conflict.repository.ts(371,27): error TS2532: Object is possibly 'undefined'.
src/features/conflict/infrastructure/repositories/conflict.repository.ts(371,64): error TS2532: Object is possibly 'undefined'.
src/features/conflict/infrastructure/repositories/conflict.repository.ts(373,18): error TS2532: Object is possibly 'undefined'.
src/features/gradelevel/domain/services/gradelevel-validation.service.ts(52,13): error TS2339: Property 'Year' does not exist on type '{ Year: number; Number: number; StudentCount?: number | undefined; ProgramID?: number | null | undefined; } | undefined'.
src/features/gradelevel/domain/services/gradelevel-validation.service.ts(52,19): error TS2339: Property 'Number' does not exist on type '{ Year: number; Number: number; StudentCount?: number | undefined; ProgramID?: number | null | undefined; } | undefined'.
src/features/gradelevel/domain/services/gradelevel-validation.service.ts(66,13): error TS2339: Property 'Year' does not exist on type '{ Year: number; Number: number; StudentCount?: number | undefined; ProgramID?: number | null | undefined; } | undefined'.
src/features/gradelevel/domain/services/gradelevel-validation.service.ts(66,19): error TS2339: Property 'Number' does not exist on type '{ Year: number; Number: number; StudentCount?: number | undefined; ProgramID?: number | null | undefined; } | undefined'.
src/features/lock/domain/services/lock-template.service.ts(112,18): error TS2532: Object is possibly 'undefined'.
src/features/lock/domain/services/lock-template.service.ts(113,66): error TS2532: Object is possibly 'undefined'.
src/features/lock/domain/services/lock-template.service.ts(137,16): error TS2532: Object is possibly 'undefined'.
src/features/program/infrastructure/repositories/program.repository.ts(352,7): error TS2532: Object is possibly 'undefined'.
src/features/schedule-arrangement/application/actions/schedule-arrangement.actions.test.ts(42,7): error TS2322: Type 'Mock<Promise<never[]>, [], unknown>' is not assignable to type 'MockInstance<AcceleratePromise<{}[]>, [args?: { [x: string]: any; } | undefined], unknown> & (<This, FormalArgs extends _prisma_client_runtime_library.Args<This, "findMany"> & PrismaCacheStrategy, const ActualArgs extends FormalArgs>(this: This, args?: ({ [key in keyof ActualArgs]: key extends keyof FormalArgs ? Act...'.
  Type 'Mock<Promise<never[]>, [], unknown>' is not assignable to type 'MockInstance<AcceleratePromise<{}[]>, [args?: { [x: string]: any; } | undefined], unknown>'.
    Types of property 'mock' are incompatible.
      Type 'MockContext<Promise<never[]>, [], unknown>' is not assignable to type 'MockContext<AcceleratePromise<{}[]>, [args?: { [x: string]: any; } | undefined], unknown>'.
        Property 'withAccelerateInfo' is missing in type 'Promise<never[]>' but required in type 'AcceleratePromise<{}[]>'.
src/features/schedule-arrangement/application/actions/schedule-arrangement.actions.test.ts(43,7): error TS2322: Type 'Mock<Promise<{ RespID: number; TeacherID: number; GradeID: string; SubjectCode: string; AcademicYear: number; Semester: string; TeachHour: number; }[]>, [], unknown>' is not assignable to type 'MockInstance<AcceleratePromise<{}[]>, [args?: { [x: string]: any; } | undefined], unknown> & (<This, FormalArgs extends _prisma_client_runtime_library.Args<This, "findMany"> & PrismaCacheStrategy, const ActualArgs extends FormalArgs>(this: This, args?: ({ [key in keyof ActualArgs]: key extends keyof FormalArgs ? Act...'.
  Type 'Mock<Promise<{ RespID: number; TeacherID: number; GradeID: string; SubjectCode: string; AcademicYear: number; Semester: string; TeachHour: number; }[]>, [], unknown>' is not assignable to type 'MockInstance<AcceleratePromise<{}[]>, [args?: { [x: string]: any; } | undefined], unknown>'.
    Types of property 'mock' are incompatible.
      Type 'MockContext<Promise<{ RespID: number; TeacherID: number; GradeID: string; SubjectCode: string; AcademicYear: number; Semester: string; TeachHour: number; }[]>, [], unknown>' is not assignable to type 'MockContext<AcceleratePromise<{}[]>, [args?: { [x: string]: any; } | undefined], unknown>'.
        Property 'withAccelerateInfo' is missing in type 'Promise<{ RespID: number; TeacherID: number; GradeID: string; SubjectCode: string; AcademicYear: number; Semester: string; TeachHour: number; }[]>' but required in type 'AcceleratePromise<{}[]>'.
src/features/schedule-arrangement/application/actions/schedule-arrangement.actions.test.ts(54,7): error TS2322: Type 'Mock<Promise<null>, [], unknown>' is not assignable to type 'MockInstance<AcceleratePromise<{} | null>, [args: { [x: string]: any; }], unknown> & (<This, FormalArgs extends _prisma_client_runtime_library.Args<This, "findUnique"> & PrismaCacheStrategy, const ActualArgs extends FormalArgs>(this: This, args: { [key in keyof ActualArgs]: key extends keyof FormalArgs ? ActualArgs[...'.
  Type 'Mock<Promise<null>, [], unknown>' is not assignable to type 'MockInstance<AcceleratePromise<{} | null>, [args: { [x: string]: any; }], unknown>'.
    Types of property 'mock' are incompatible.
      Type 'MockContext<Promise<null>, [], unknown>' is not assignable to type 'MockContext<AcceleratePromise<{} | null>, [args: { [x: string]: any; }], unknown>'.
        Property 'withAccelerateInfo' is missing in type 'Promise<null>' but required in type 'AcceleratePromise<{} | null>'.
src/features/schedule-arrangement/application/actions/schedule-arrangement.actions.test.ts(55,7): error TS2322: Type 'Mock<Promise<any>, [], unknown>' is not assignable to type 'MockInstance<DynamicModelExtensionFluentApi<TypeMap<InternalArgs & { result: {}; model: { $allModels: { aggregate: () => <This, FormalArgs extends _prisma_client_runtime_library.Args<This, "aggregate"> & PrismaCacheStrategy, const ActualArgs extends FormalArgs>(this: This, args: { [key in keyof ActualArgs]: key exte...'.
  Type 'Mock<Promise<any>, [], unknown>' is not assignable to type 'MockInstance<DynamicModelExtensionFluentApi<TypeMap<InternalArgs & { result: {}; model: { $allModels: { aggregate: () => <This, FormalArgs extends _prisma_client_runtime_library.Args<This, "aggregate"> & PrismaCacheStrategy, const ActualArgs extends FormalArgs>(this: This, args: { [key in keyof ActualArgs]: key exte...'.
    Types of property 'mock' are incompatible.
      Type 'MockContext<Promise<any>, [], unknown>' is not assignable to type 'MockContext<DynamicModelExtensionFluentApi<TypeMap<InternalArgs & { result: {}; model: { $allModels: { aggregate: () => <This, FormalArgs extends _prisma_client_runtime_library.Args<This, "aggregate"> & PrismaCacheStrategy, const ActualArgs extends FormalArgs>(this: This, args: { [key in keyof ActualArgs]: key exten...'.
        Type 'Promise<any>' is not assignable to type 'DynamicModelExtensionFluentApi<TypeMap<InternalArgs & { result: {}; model: { $allModels: { aggregate: () => <This, FormalArgs extends _prisma_client_runtime_library.Args<This, "aggregate"> & PrismaCacheStrategy, const ActualArgs extends FormalArgs>(this: This, args: { [key in keyof ActualArgs]: key extends keyof For...'.
          Type 'Promise<any>' is missing the following properties from type 'DynamicModelExtensionFluentApi<TypeMap<InternalArgs & { result: {}; model: { $allModels: { aggregate: () => <This, FormalArgs extends _prisma_client_runtime_library.Args<This, "aggregate"> & PrismaCacheStrategy, const ActualArgs extends FormalArgs>(this: This, args: { [key in keyof ActualArgs]: key extends keyof For...': gradelevel, room, subject, timeslot, teachers_responsibility
src/features/schedule-arrangement/application/actions/schedule-arrangement.actions.test.ts(56,7): error TS2322: Type 'Mock<Promise<any>, [], unknown>' is not assignable to type 'MockInstance<DynamicModelExtensionFluentApi<TypeMap<InternalArgs & { result: {}; model: { $allModels: { aggregate: () => <This, FormalArgs extends _prisma_client_runtime_library.Args<This, "aggregate"> & PrismaCacheStrategy, const ActualArgs extends FormalArgs>(this: This, args: { [key in keyof ActualArgs]: key exte...'.
  Type 'Mock<Promise<any>, [], unknown>' is not assignable to type 'MockInstance<DynamicModelExtensionFluentApi<TypeMap<InternalArgs & { result: {}; model: { $allModels: { aggregate: () => <This, FormalArgs extends _prisma_client_runtime_library.Args<This, "aggregate"> & PrismaCacheStrategy, const ActualArgs extends FormalArgs>(this: This, args: { [key in keyof ActualArgs]: key exte...'.
    Types of property 'mock' are incompatible.
      Type 'MockContext<Promise<any>, [], unknown>' is not assignable to type 'MockContext<DynamicModelExtensionFluentApi<TypeMap<InternalArgs & { result: {}; model: { $allModels: { aggregate: () => <This, FormalArgs extends _prisma_client_runtime_library.Args<This, "aggregate"> & PrismaCacheStrategy, const ActualArgs extends FormalArgs>(this: This, args: { [key in keyof ActualArgs]: key exten...'.
        Type 'Promise<any>' is not assignable to type 'DynamicModelExtensionFluentApi<TypeMap<InternalArgs & { result: {}; model: { $allModels: { aggregate: () => <This, FormalArgs extends _prisma_client_runtime_library.Args<This, "aggregate"> & PrismaCacheStrategy, const ActualArgs extends FormalArgs>(this: This, args: { [key in keyof ActualArgs]: key extends keyof For...'.
          Type 'Promise<any>' is missing the following properties from type 'DynamicModelExtensionFluentApi<TypeMap<InternalArgs & { result: {}; model: { $allModels: { aggregate: () => <This, FormalArgs extends _prisma_client_runtime_library.Args<This, "aggregate"> & PrismaCacheStrategy, const ActualArgs extends FormalArgs>(this: This, args: { [key in keyof ActualArgs]: key extends keyof For...': gradelevel, subject, teacher, class_schedule
src/features/schedule-arrangement/application/actions/schedule-arrangement.actions.test.ts(78,7): error TS2322: Type 'Mock<Promise<any>, [], unknown>' is not assignable to type 'MockInstance<AcceleratePromise<{}[]>, [args?: { [x: string]: any; } | undefined], unknown> & (<This, FormalArgs extends _prisma_client_runtime_library.Args<This, "findMany"> & PrismaCacheStrategy, const ActualArgs extends FormalArgs>(this: This, args?: ({ [key in keyof ActualArgs]: key extends keyof FormalArgs ? Act...'.
  Type 'Mock<Promise<any>, [], unknown>' is not assignable to type 'MockInstance<AcceleratePromise<{}[]>, [args?: { [x: string]: any; } | undefined], unknown>'.
    Types of property 'mock' are incompatible.
      Type 'MockContext<Promise<any>, [], unknown>' is not assignable to type 'MockContext<AcceleratePromise<{}[]>, [args?: { [x: string]: any; } | undefined], unknown>'.
        Property 'withAccelerateInfo' is missing in type 'Promise<any>' but required in type 'AcceleratePromise<{}[]>'.
src/features/schedule-arrangement/application/actions/schedule-arrangement.actions.test.ts(106,7): error TS2322: Type 'Mock<Promise<any>, [], unknown>' is not assignable to type 'MockInstance<AcceleratePromise<{}[]>, [args?: { [x: string]: any; } | undefined], unknown> & (<This, FormalArgs extends _prisma_client_runtime_library.Args<This, "findMany"> & PrismaCacheStrategy, const ActualArgs extends FormalArgs>(this: This, args?: ({ [key in keyof ActualArgs]: key extends keyof FormalArgs ? Act...'.
  Type 'Mock<Promise<any>, [], unknown>' is not assignable to type 'MockInstance<AcceleratePromise<{}[]>, [args?: { [x: string]: any; } | undefined], unknown>'.
    Types of property 'mock' are incompatible.
      Type 'MockContext<Promise<any>, [], unknown>' is not assignable to type 'MockContext<AcceleratePromise<{}[]>, [args?: { [x: string]: any; } | undefined], unknown>'.
        Property 'withAccelerateInfo' is missing in type 'Promise<any>' but required in type 'AcceleratePromise<{}[]>'.
src/features/schedule-arrangement/application/actions/schedule-arrangement.actions.test.ts(147,7): error TS2322: Type 'Mock<Promise<any>, [], unknown>' is not assignable to type 'MockInstance<AcceleratePromise<{} | null>, [args: { [x: string]: any; }], unknown> & (<This, FormalArgs extends _prisma_client_runtime_library.Args<This, "findUnique"> & PrismaCacheStrategy, const ActualArgs extends FormalArgs>(this: This, args: { [key in keyof ActualArgs]: key extends keyof FormalArgs ? ActualArgs[...'.
  Type 'Mock<Promise<any>, [], unknown>' is not assignable to type 'MockInstance<AcceleratePromise<{} | null>, [args: { [x: string]: any; }], unknown>'.
    Types of property 'mock' are incompatible.
      Type 'MockContext<Promise<any>, [], unknown>' is not assignable to type 'MockContext<AcceleratePromise<{} | null>, [args: { [x: string]: any; }], unknown>'.
        Property 'withAccelerateInfo' is missing in type 'Promise<any>' but required in type 'AcceleratePromise<{} | null>'.
src/features/schedule-arrangement/application/actions/schedule-arrangement.actions.test.ts(151,7): error TS2322: Type 'Mock<Promise<any>, [], unknown>' is not assignable to type 'MockInstance<DynamicModelExtensionFluentApi<TypeMap<InternalArgs & { result: {}; model: { $allModels: { aggregate: () => <This, FormalArgs extends _prisma_client_runtime_library.Args<This, "aggregate"> & PrismaCacheStrategy, const ActualArgs extends FormalArgs>(this: This, args: { [key in keyof ActualArgs]: key exte...'.
  Type 'Mock<Promise<any>, [], unknown>' is not assignable to type 'MockInstance<DynamicModelExtensionFluentApi<TypeMap<InternalArgs & { result: {}; model: { $allModels: { aggregate: () => <This, FormalArgs extends _prisma_client_runtime_library.Args<This, "aggregate"> & PrismaCacheStrategy, const ActualArgs extends FormalArgs>(this: This, args: { [key in keyof ActualArgs]: key exte...'.
    Types of property 'mock' are incompatible.
      Type 'MockContext<Promise<any>, [], unknown>' is not assignable to type 'MockContext<DynamicModelExtensionFluentApi<TypeMap<InternalArgs & { result: {}; model: { $allModels: { aggregate: () => <This, FormalArgs extends _prisma_client_runtime_library.Args<This, "aggregate"> & PrismaCacheStrategy, const ActualArgs extends FormalArgs>(this: This, args: { [key in keyof ActualArgs]: key exten...'.
        Type 'Promise<any>' is not assignable to type 'DynamicModelExtensionFluentApi<TypeMap<InternalArgs & { result: {}; model: { $allModels: { aggregate: () => <This, FormalArgs extends _prisma_client_runtime_library.Args<This, "aggregate"> & PrismaCacheStrategy, const ActualArgs extends FormalArgs>(this: This, args: { [key in keyof ActualArgs]: key extends keyof For...'.
          Type 'Promise<any>' is missing the following properties from type 'DynamicModelExtensionFluentApi<TypeMap<InternalArgs & { result: {}; model: { $allModels: { aggregate: () => <This, FormalArgs extends _prisma_client_runtime_library.Args<This, "aggregate"> & PrismaCacheStrategy, const ActualArgs extends FormalArgs>(this: This, args: { [key in keyof ActualArgs]: key extends keyof For...': gradelevel, room, subject, timeslot, teachers_responsibility
src/features/schedule-arrangement/application/actions/schedule-arrangement.actions.test.ts(162,7): error TS2322: Type 'Mock<Promise<any>, [], unknown>' is not assignable to type 'MockInstance<AcceleratePromise<{} | null>, [args: { [x: string]: any; }], unknown> & (<This, FormalArgs extends _prisma_client_runtime_library.Args<This, "findUnique"> & PrismaCacheStrategy, const ActualArgs extends FormalArgs>(this: This, args: { [key in keyof ActualArgs]: key extends keyof FormalArgs ? ActualArgs[...'.
  Type 'Mock<Promise<any>, [], unknown>' is not assignable to type 'MockInstance<AcceleratePromise<{} | null>, [args: { [x: string]: any; }], unknown>'.
    Types of property 'mock' are incompatible.
      Type 'MockContext<Promise<any>, [], unknown>' is not assignable to type 'MockContext<AcceleratePromise<{} | null>, [args: { [x: string]: any; }], unknown>'.
        Property 'withAccelerateInfo' is missing in type 'Promise<any>' but required in type 'AcceleratePromise<{} | null>'.
src/features/schedule-arrangement/application/actions/schedule-arrangement.actions.test.ts(176,7): error TS2322: Type 'Mock<Promise<null>, [], unknown>' is not assignable to type 'MockInstance<AcceleratePromise<{} | null>, [args: { [x: string]: any; }], unknown> & (<This, FormalArgs extends _prisma_client_runtime_library.Args<This, "findUnique"> & PrismaCacheStrategy, const ActualArgs extends FormalArgs>(this: This, args: { [key in keyof ActualArgs]: key extends keyof FormalArgs ? ActualArgs[...'.
  Type 'Mock<Promise<null>, [], unknown>' is not assignable to type 'MockInstance<AcceleratePromise<{} | null>, [args: { [x: string]: any; }], unknown>'.
    Types of property 'mock' are incompatible.
      Type 'MockContext<Promise<null>, [], unknown>' is not assignable to type 'MockContext<AcceleratePromise<{} | null>, [args: { [x: string]: any; }], unknown>'.
        Property 'withAccelerateInfo' is missing in type 'Promise<null>' but required in type 'AcceleratePromise<{} | null>'.
src/features/schedule-arrangement/application/actions/schedule-arrangement.actions.test.ts(192,7): error TS2322: Type 'Mock<Promise<any>, [], unknown>' is not assignable to type 'MockInstance<AcceleratePromise<{}[]>, [args?: { [x: string]: any; } | undefined], unknown> & (<This, FormalArgs extends _prisma_client_runtime_library.Args<This, "findMany"> & PrismaCacheStrategy, const ActualArgs extends FormalArgs>(this: This, args?: ({ [key in keyof ActualArgs]: key extends keyof FormalArgs ? Act...'.
  Type 'Mock<Promise<any>, [], unknown>' is not assignable to type 'MockInstance<AcceleratePromise<{}[]>, [args?: { [x: string]: any; } | undefined], unknown>'.
    Types of property 'mock' are incompatible.
      Type 'MockContext<Promise<any>, [], unknown>' is not assignable to type 'MockContext<AcceleratePromise<{}[]>, [args?: { [x: string]: any; } | undefined], unknown>'.
        Property 'withAccelerateInfo' is missing in type 'Promise<any>' but required in type 'AcceleratePromise<{}[]>'.
src/features/schedule-arrangement/application/actions/schedule-arrangement.actions.test.ts(233,7): error TS2322: Type 'Mock<Promise<never[]>, [], unknown>' is not assignable to type 'MockInstance<AcceleratePromise<{}[]>, [args?: { [x: string]: any; } | undefined], unknown> & (<This, FormalArgs extends _prisma_client_runtime_library.Args<This, "findMany"> & PrismaCacheStrategy, const ActualArgs extends FormalArgs>(this: This, args?: ({ [key in keyof ActualArgs]: key extends keyof FormalArgs ? Act...'.
  Type 'Mock<Promise<never[]>, [], unknown>' is not assignable to type 'MockInstance<AcceleratePromise<{}[]>, [args?: { [x: string]: any; } | undefined], unknown>'.
    Types of property 'mock' are incompatible.
      Type 'MockContext<Promise<never[]>, [], unknown>' is not assignable to type 'MockContext<AcceleratePromise<{}[]>, [args?: { [x: string]: any; } | undefined], unknown>'.
        Property 'withAccelerateInfo' is missing in type 'Promise<never[]>' but required in type 'AcceleratePromise<{}[]>'.
src/features/schedule-arrangement/application/actions/schedule-arrangement.actions.test.ts(249,7): error TS2322: Type 'Mock<Promise<any>, [], unknown>' is not assignable to type 'MockInstance<AcceleratePromise<{} | null>, [args: { [x: string]: any; }], unknown> & (<This, FormalArgs extends _prisma_client_runtime_library.Args<This, "findUnique"> & PrismaCacheStrategy, const ActualArgs extends FormalArgs>(this: This, args: { [key in keyof ActualArgs]: key extends keyof FormalArgs ? ActualArgs[...'.
  Type 'Mock<Promise<any>, [], unknown>' is not assignable to type 'MockInstance<AcceleratePromise<{} | null>, [args: { [x: string]: any; }], unknown>'.
    Types of property 'mock' are incompatible.
      Type 'MockContext<Promise<any>, [], unknown>' is not assignable to type 'MockContext<AcceleratePromise<{} | null>, [args: { [x: string]: any; }], unknown>'.
        Property 'withAccelerateInfo' is missing in type 'Promise<any>' but required in type 'AcceleratePromise<{} | null>'.
src/features/schedule-arrangement/application/actions/schedule-arrangement.actions.test.ts(253,7): error TS2322: Type 'Mock<Promise<any>, [], unknown>' is not assignable to type 'MockInstance<DynamicModelExtensionFluentApi<TypeMap<InternalArgs & { result: {}; model: { $allModels: { aggregate: () => <This, FormalArgs extends _prisma_client_runtime_library.Args<This, "aggregate"> & PrismaCacheStrategy, const ActualArgs extends FormalArgs>(this: This, args: { [key in keyof ActualArgs]: key exte...'.
  Type 'Mock<Promise<any>, [], unknown>' is not assignable to type 'MockInstance<DynamicModelExtensionFluentApi<TypeMap<InternalArgs & { result: {}; model: { $allModels: { aggregate: () => <This, FormalArgs extends _prisma_client_runtime_library.Args<This, "aggregate"> & PrismaCacheStrategy, const ActualArgs extends FormalArgs>(this: This, args: { [key in keyof ActualArgs]: key exte...'.
    Types of property 'mock' are incompatible.
      Type 'MockContext<Promise<any>, [], unknown>' is not assignable to type 'MockContext<DynamicModelExtensionFluentApi<TypeMap<InternalArgs & { result: {}; model: { $allModels: { aggregate: () => <This, FormalArgs extends _prisma_client_runtime_library.Args<This, "aggregate"> & PrismaCacheStrategy, const ActualArgs extends FormalArgs>(this: This, args: { [key in keyof ActualArgs]: key exten...'.
        Type 'Promise<any>' is not assignable to type 'DynamicModelExtensionFluentApi<TypeMap<InternalArgs & { result: {}; model: { $allModels: { aggregate: () => <This, FormalArgs extends _prisma_client_runtime_library.Args<This, "aggregate"> & PrismaCacheStrategy, const ActualArgs extends FormalArgs>(this: This, args: { [key in keyof ActualArgs]: key extends keyof For...'.
          Type 'Promise<any>' is missing the following properties from type 'DynamicModelExtensionFluentApi<TypeMap<InternalArgs & { result: {}; model: { $allModels: { aggregate: () => <This, FormalArgs extends _prisma_client_runtime_library.Args<This, "aggregate"> & PrismaCacheStrategy, const ActualArgs extends FormalArgs>(this: This, args: { [key in keyof ActualArgs]: key extends keyof For...': gradelevel, room, subject, timeslot, teachers_responsibility
src/features/schedule-arrangement/application/actions/schedule-arrangement.actions.test.ts(267,7): error TS2322: Type 'Mock<Promise<any>, [], unknown>' is not assignable to type 'MockInstance<AcceleratePromise<{} | null>, [args: { [x: string]: any; }], unknown> & (<This, FormalArgs extends _prisma_client_runtime_library.Args<This, "findUnique"> & PrismaCacheStrategy, const ActualArgs extends FormalArgs>(this: This, args: { [key in keyof ActualArgs]: key extends keyof FormalArgs ? ActualArgs[...'.
  Type 'Mock<Promise<any>, [], unknown>' is not assignable to type 'MockInstance<AcceleratePromise<{} | null>, [args: { [x: string]: any; }], unknown>'.
    Types of property 'mock' are incompatible.
      Type 'MockContext<Promise<any>, [], unknown>' is not assignable to type 'MockContext<AcceleratePromise<{} | null>, [args: { [x: string]: any; }], unknown>'.
        Property 'withAccelerateInfo' is missing in type 'Promise<any>' but required in type 'AcceleratePromise<{} | null>'.
src/features/schedule-arrangement/application/actions/schedule-arrangement.actions.test.ts(271,7): error TS2322: Type 'Mock<Promise<any>, [], unknown>' is not assignable to type 'MockInstance<DynamicModelExtensionFluentApi<TypeMap<InternalArgs & { result: {}; model: { $allModels: { aggregate: () => <This, FormalArgs extends _prisma_client_runtime_library.Args<This, "aggregate"> & PrismaCacheStrategy, const ActualArgs extends FormalArgs>(this: This, args: { [key in keyof ActualArgs]: key exte...'.
  Type 'Mock<Promise<any>, [], unknown>' is not assignable to type 'MockInstance<DynamicModelExtensionFluentApi<TypeMap<InternalArgs & { result: {}; model: { $allModels: { aggregate: () => <This, FormalArgs extends _prisma_client_runtime_library.Args<This, "aggregate"> & PrismaCacheStrategy, const ActualArgs extends FormalArgs>(this: This, args: { [key in keyof ActualArgs]: key exte...'.
    Types of property 'mock' are incompatible.
      Type 'MockContext<Promise<any>, [], unknown>' is not assignable to type 'MockContext<DynamicModelExtensionFluentApi<TypeMap<InternalArgs & { result: {}; model: { $allModels: { aggregate: () => <This, FormalArgs extends _prisma_client_runtime_library.Args<This, "aggregate"> & PrismaCacheStrategy, const ActualArgs extends FormalArgs>(this: This, args: { [key in keyof ActualArgs]: key exten...'.
        Type 'Promise<any>' is not assignable to type 'DynamicModelExtensionFluentApi<TypeMap<InternalArgs & { result: {}; model: { $allModels: { aggregate: () => <This, FormalArgs extends _prisma_client_runtime_library.Args<This, "aggregate"> & PrismaCacheStrategy, const ActualArgs extends FormalArgs>(this: This, args: { [key in keyof ActualArgs]: key extends keyof For...'.
          Type 'Promise<any>' is missing the following properties from type 'DynamicModelExtensionFluentApi<TypeMap<InternalArgs & { result: {}; model: { $allModels: { aggregate: () => <This, FormalArgs extends _prisma_client_runtime_library.Args<This, "aggregate"> & PrismaCacheStrategy, const ActualArgs extends FormalArgs>(this: This, args: { [key in keyof ActualArgs]: key extends keyof For...': gradelevel, room, subject, timeslot, teachers_responsibility
src/features/schedule-arrangement/application/actions/schedule-arrangement.actions.test.ts(285,7): error TS2322: Type 'Mock<Promise<null>, [], unknown>' is not assignable to type 'MockInstance<AcceleratePromise<{} | null>, [args: { [x: string]: any; }], unknown> & (<This, FormalArgs extends _prisma_client_runtime_library.Args<This, "findUnique"> & PrismaCacheStrategy, const ActualArgs extends FormalArgs>(this: This, args: { [key in keyof ActualArgs]: key extends keyof FormalArgs ? ActualArgs[...'.
  Type 'Mock<Promise<null>, [], unknown>' is not assignable to type 'MockInstance<AcceleratePromise<{} | null>, [args: { [x: string]: any; }], unknown>'.
    Types of property 'mock' are incompatible.
      Type 'MockContext<Promise<null>, [], unknown>' is not assignable to type 'MockContext<AcceleratePromise<{} | null>, [args: { [x: string]: any; }], unknown>'.
        Property 'withAccelerateInfo' is missing in type 'Promise<null>' but required in type 'AcceleratePromise<{} | null>'.
src/features/schedule-arrangement/application/actions/schedule-arrangement.actions.ts(63,3): error TS2345: Argument of type 'ObjectSchema<{ readonly classId: SchemaWithPipe<readonly [StringSchema<"Class ID must be a string">, NonEmptyAction<string, "Class ID is required">, MaxLengthAction<string, 255, "Class ID must not exceed 255 characters">]>; ... 7 more ...; readonly isLocked: OptionalSchema<...>; }, undefined>' is not assignable to parameter of type 'GenericSchema<{ classId: string; timeslotId: string; subjectCode: string; roomId: number | null; gradeId: string; teacherId?: number | undefined; academicYear: number; semester: "SEMESTER_1" | "SEMESTER_2"; isLocked: boolean; }>'.
  Types of property ''~standard'' are incompatible.
    Type 'StandardProps<{ classId: string; timeslotId: string; subjectCode: string; roomId: number | null; gradeId: string; teacherId?: number | undefined; academicYear: number; semester: string; isLocked?: boolean | undefined; }, { ...; }>' is not assignable to type 'StandardProps<{ classId: string; timeslotId: string; subjectCode: string; roomId: number | null; gradeId: string; teacherId?: number | undefined; academicYear: number; semester: "SEMESTER_1" | "SEMESTER_2"; isLocked: boolean; }, { ...; }>'.
      Type '{ classId: string; timeslotId: string; subjectCode: string; roomId: number | null; gradeId: string; teacherId?: number | undefined; academicYear: number; semester: string; isLocked?: boolean | undefined; }' is not assignable to type '{ classId: string; timeslotId: string; subjectCode: string; roomId: number | null; gradeId: string; teacherId?: number | undefined; academicYear: number; semester: "SEMESTER_1" | "SEMESTER_2"; isLocked: boolean; }'.
        Types of property 'semester' are incompatible.
          Type 'string' is not assignable to type '"SEMESTER_1" | "SEMESTER_2"'.
src/features/schedule-arrangement/application/actions/schedule-arrangement.actions.ts(209,3): error TS2345: Argument of type 'ObjectSchema<{ readonly academicYear: SchemaWithPipe<readonly [NumberSchema<"Academic year must be a number">, MinValueAction<number, 2500, "Year must be 2500 or later">, MaxValueAction<number, 2700, "Year must be 2700 or earlier">]>; readonly semester: SchemaWithPipe<...>; }, undefined>' is not assignable to parameter of type 'GenericSchema<{ academicYear: number; semester: "SEMESTER_1" | "SEMESTER_2"; }>'.
  Types of property ''~standard'' are incompatible.
    Type 'StandardProps<{ academicYear: number; semester: string; }, { academicYear: number; semester: "SEMESTER_1" | "SEMESTER_2"; }>' is not assignable to type 'StandardProps<{ academicYear: number; semester: "SEMESTER_1" | "SEMESTER_2"; }, { academicYear: number; semester: "SEMESTER_1" | "SEMESTER_2"; }>'.
      Type '{ academicYear: number; semester: string; }' is not assignable to type '{ academicYear: number; semester: "SEMESTER_1" | "SEMESTER_2"; }'.
        Types of property 'semester' are incompatible.
          Type 'string' is not assignable to type '"SEMESTER_1" | "SEMESTER_2"'.
src/features/schedule-arrangement/domain/services/conflict-detector.service.ts(177,9): error TS2322: Type 'number | null' is not assignable to type 'number | undefined'.
  Type 'null' is not assignable to type 'number | undefined'.
src/features/schedule-arrangement/infrastructure/repositories/schedule.repository.test.ts(54,7): error TS2322: Type 'Mock<Promise<any>, [], unknown>' is not assignable to type 'MockInstance<AcceleratePromise<{}[]>, [args?: { [x: string]: any; } | undefined], unknown> & (<This, FormalArgs extends _prisma_client_runtime_library.Args<This, "findMany"> & PrismaCacheStrategy, const ActualArgs extends FormalArgs>(this: This, args?: ({ [key in keyof ActualArgs]: key extends keyof FormalArgs ? Act...'.
  Type 'Mock<Promise<any>, [], unknown>' is not assignable to type 'MockInstance<AcceleratePromise<{}[]>, [args?: { [x: string]: any; } | undefined], unknown>'.
    Types of property 'mock' are incompatible.
      Type 'MockContext<Promise<any>, [], unknown>' is not assignable to type 'MockContext<AcceleratePromise<{}[]>, [args?: { [x: string]: any; } | undefined], unknown>'.
        Property 'withAccelerateInfo' is missing in type 'Promise<any>' but required in type 'AcceleratePromise<{}[]>'.
src/features/schedule-arrangement/infrastructure/repositories/schedule.repository.test.ts(100,7): error TS2322: Type 'Mock<Promise<{ ClassID: string; TimeslotID: string; SubjectCode: string; RoomID: null; GradeID: string; IsLocked: boolean; subject: { SubjectName: string; }; room: null; gradelevel: { GradeID: string; }; timeslot: { ...; }; teachers_responsibility: never[]; }[]>, [], unknown>' is not assignable to type 'MockInstance<AcceleratePromise<{}[]>, [args?: { [x: string]: any; } | undefined], unknown> & (<This, FormalArgs extends _prisma_client_runtime_library.Args<This, "findMany"> & PrismaCacheStrategy, const ActualArgs extends FormalArgs>(this: This, args?: ({ [key in keyof ActualArgs]: key extends keyof FormalArgs ? Act...'.
  Type 'Mock<Promise<{ ClassID: string; TimeslotID: string; SubjectCode: string; RoomID: null; GradeID: string; IsLocked: boolean; subject: { SubjectName: string; }; room: null; gradelevel: { GradeID: string; }; timeslot: { ...; }; teachers_responsibility: never[]; }[]>, [], unknown>' is not assignable to type 'MockInstance<AcceleratePromise<{}[]>, [args?: { [x: string]: any; } | undefined], unknown>'.
    Types of property 'mock' are incompatible.
      Type 'MockContext<Promise<{ ClassID: string; TimeslotID: string; SubjectCode: string; RoomID: null; GradeID: string; IsLocked: boolean; subject: { SubjectName: string; }; room: null; gradelevel: { GradeID: string; }; timeslot: { ...; }; teachers_responsibility: never[]; }[]>, [], unknown>' is not assignable to type 'MockContext<AcceleratePromise<{}[]>, [args?: { [x: string]: any; } | undefined], unknown>'.
        Property 'withAccelerateInfo' is missing in type 'Promise<{ ClassID: string; TimeslotID: string; SubjectCode: string; RoomID: null; GradeID: string; IsLocked: boolean; subject: { SubjectName: string; }; room: null; gradelevel: { GradeID: string; }; timeslot: { ...; }; teachers_responsibility: never[]; }[]>' but required in type 'AcceleratePromise<{}[]>'.
src/features/schedule-arrangement/infrastructure/repositories/schedule.repository.test.ts(104,14): error TS2532: Object is possibly 'undefined'.
src/features/schedule-arrangement/infrastructure/repositories/schedule.repository.test.ts(105,14): error TS2532: Object is possibly 'undefined'.
src/features/schedule-arrangement/infrastructure/repositories/schedule.repository.test.ts(106,14): error TS2532: Object is possibly 'undefined'.
src/features/schedule-arrangement/infrastructure/repositories/schedule.repository.test.ts(107,14): error TS2532: Object is possibly 'undefined'.
src/features/schedule-arrangement/infrastructure/repositories/schedule.repository.test.ts(125,7): error TS2322: Type 'Mock<Promise<{ RespID: number; TeacherID: number; GradeID: string; SubjectCode: string; AcademicYear: number; Semester: "SEMESTER_1"; TeachHour: number; }[]>, [], unknown>' is not assignable to type 'MockInstance<AcceleratePromise<{}[]>, [args?: { [x: string]: any; } | undefined], unknown> & (<This, FormalArgs extends _prisma_client_runtime_library.Args<This, "findMany"> & PrismaCacheStrategy, const ActualArgs extends FormalArgs>(this: This, args?: ({ [key in keyof ActualArgs]: key extends keyof FormalArgs ? Act...'.
  Type 'Mock<Promise<{ RespID: number; TeacherID: number; GradeID: string; SubjectCode: string; AcademicYear: number; Semester: "SEMESTER_1"; TeachHour: number; }[]>, [], unknown>' is not assignable to type 'MockInstance<AcceleratePromise<{}[]>, [args?: { [x: string]: any; } | undefined], unknown>'.
    Types of property 'mock' are incompatible.
      Type 'MockContext<Promise<{ RespID: number; TeacherID: number; GradeID: string; SubjectCode: string; AcademicYear: number; Semester: "SEMESTER_1"; TeachHour: number; }[]>, [], unknown>' is not assignable to type 'MockContext<AcceleratePromise<{}[]>, [args?: { [x: string]: any; } | undefined], unknown>'.
        Property 'withAccelerateInfo' is missing in type 'Promise<{ RespID: number; TeacherID: number; GradeID: string; SubjectCode: string; AcademicYear: number; Semester: "SEMESTER_1"; TeachHour: number; }[]>' but required in type 'AcceleratePromise<{}[]>'.
src/features/schedule-arrangement/infrastructure/repositories/schedule.repository.test.ts(164,7): error TS2322: Type 'Mock<Promise<{ ClassID: string; TimeslotID: string; SubjectCode: string; RoomID: number; GradeID: string; IsLocked: boolean; subject: { SubjectName: string; }; room: { RoomName: string; }; gradelevel: {}; timeslot: {}; }>, [], unknown>' is not assignable to type 'MockInstance<DynamicModelExtensionFluentApi<TypeMap<InternalArgs & { result: {}; model: { $allModels: { aggregate: () => <This, FormalArgs extends _prisma_client_runtime_library.Args<This, "aggregate"> & PrismaCacheStrategy, const ActualArgs extends FormalArgs>(this: This, args: { [key in keyof ActualArgs]: key exte...'.
  Type 'Mock<Promise<{ ClassID: string; TimeslotID: string; SubjectCode: string; RoomID: number; GradeID: string; IsLocked: boolean; subject: { SubjectName: string; }; room: { RoomName: string; }; gradelevel: {}; timeslot: {}; }>, [], unknown>' is not assignable to type 'MockInstance<DynamicModelExtensionFluentApi<TypeMap<InternalArgs & { result: {}; model: { $allModels: { aggregate: () => <This, FormalArgs extends _prisma_client_runtime_library.Args<This, "aggregate"> & PrismaCacheStrategy, const ActualArgs extends FormalArgs>(this: This, args: { [key in keyof ActualArgs]: key exte...'.
    Types of property 'mock' are incompatible.
      Type 'MockContext<Promise<{ ClassID: string; TimeslotID: string; SubjectCode: string; RoomID: number; GradeID: string; IsLocked: boolean; subject: { SubjectName: string; }; room: { RoomName: string; }; gradelevel: {}; timeslot: {}; }>, [], unknown>' is not assignable to type 'MockContext<DynamicModelExtensionFluentApi<TypeMap<InternalArgs & { result: {}; model: { $allModels: { aggregate: () => <This, FormalArgs extends _prisma_client_runtime_library.Args<This, "aggregate"> & PrismaCacheStrategy, const ActualArgs extends FormalArgs>(this: This, args: { [key in keyof ActualArgs]: key exten...'.
        Type 'Promise<{ ClassID: string; TimeslotID: string; SubjectCode: string; RoomID: number; GradeID: string; IsLocked: boolean; subject: { SubjectName: string; }; room: { RoomName: string; }; gradelevel: {}; timeslot: {}; }>' is not assignable to type 'DynamicModelExtensionFluentApi<TypeMap<InternalArgs & { result: {}; model: { $allModels: { aggregate: () => <This, FormalArgs extends _prisma_client_runtime_library.Args<This, "aggregate"> & PrismaCacheStrategy, const ActualArgs extends FormalArgs>(this: This, args: { [key in keyof ActualArgs]: key extends keyof For...'.
          Type 'Promise<{ ClassID: string; TimeslotID: string; SubjectCode: string; RoomID: number; GradeID: string; IsLocked: boolean; subject: { SubjectName: string; }; room: { RoomName: string; }; gradelevel: {}; timeslot: {}; }>' is missing the following properties from type 'DynamicModelExtensionFluentApi<TypeMap<InternalArgs & { result: {}; model: { $allModels: { aggregate: () => <This, FormalArgs extends _prisma_client_runtime_library.Args<This, "aggregate"> & PrismaCacheStrategy, const ActualArgs extends FormalArgs>(this: This, args: { [key in keyof ActualArgs]: key extends keyof For...': gradelevel, room, subject, timeslot, teachers_responsibility
src/features/schedule-arrangement/infrastructure/repositories/schedule.repository.test.ts(192,7): error TS2322: Type 'Mock<Promise<{ ClassID: string; RoomID: number; IsLocked: boolean; }>, [], unknown>' is not assignable to type 'MockInstance<DynamicModelExtensionFluentApi<TypeMap<InternalArgs & { result: {}; model: { $allModels: { aggregate: () => <This, FormalArgs extends _prisma_client_runtime_library.Args<This, "aggregate"> & PrismaCacheStrategy, const ActualArgs extends FormalArgs>(this: This, args: { [key in keyof ActualArgs]: key exte...'.
  Type 'Mock<Promise<{ ClassID: string; RoomID: number; IsLocked: boolean; }>, [], unknown>' is not assignable to type 'MockInstance<DynamicModelExtensionFluentApi<TypeMap<InternalArgs & { result: {}; model: { $allModels: { aggregate: () => <This, FormalArgs extends _prisma_client_runtime_library.Args<This, "aggregate"> & PrismaCacheStrategy, const ActualArgs extends FormalArgs>(this: This, args: { [key in keyof ActualArgs]: key exte...'.
    Types of property 'mock' are incompatible.
      Type 'MockContext<Promise<{ ClassID: string; RoomID: number; IsLocked: boolean; }>, [], unknown>' is not assignable to type 'MockContext<DynamicModelExtensionFluentApi<TypeMap<InternalArgs & { result: {}; model: { $allModels: { aggregate: () => <This, FormalArgs extends _prisma_client_runtime_library.Args<This, "aggregate"> & PrismaCacheStrategy, const ActualArgs extends FormalArgs>(this: This, args: { [key in keyof ActualArgs]: key exten...'.
        Type 'Promise<{ ClassID: string; RoomID: number; IsLocked: boolean; }>' is not assignable to type 'DynamicModelExtensionFluentApi<TypeMap<InternalArgs & { result: {}; model: { $allModels: { aggregate: () => <This, FormalArgs extends _prisma_client_runtime_library.Args<This, "aggregate"> & PrismaCacheStrategy, const ActualArgs extends FormalArgs>(this: This, args: { [key in keyof ActualArgs]: key extends keyof For...'.
          Type 'Promise<{ ClassID: string; RoomID: number; IsLocked: boolean; }>' is missing the following properties from type 'DynamicModelExtensionFluentApi<TypeMap<InternalArgs & { result: {}; model: { $allModels: { aggregate: () => <This, FormalArgs extends _prisma_client_runtime_library.Args<This, "aggregate"> & PrismaCacheStrategy, const ActualArgs extends FormalArgs>(this: This, args: { [key in keyof ActualArgs]: key extends keyof For...': gradelevel, room, subject, timeslot, teachers_responsibility
src/features/schedule-arrangement/infrastructure/repositories/schedule.repository.test.ts(213,7): error TS2322: Type 'Mock<Promise<{ ClassID: string; }>, [], unknown>' is not assignable to type 'MockInstance<DynamicModelExtensionFluentApi<TypeMap<InternalArgs & { result: {}; model: { $allModels: { aggregate: () => <This, FormalArgs extends _prisma_client_runtime_library.Args<This, "aggregate"> & PrismaCacheStrategy, const ActualArgs extends FormalArgs>(this: This, args: { [key in keyof ActualArgs]: key exte...'.
  Type 'Mock<Promise<{ ClassID: string; }>, [], unknown>' is not assignable to type 'MockInstance<DynamicModelExtensionFluentApi<TypeMap<InternalArgs & { result: {}; model: { $allModels: { aggregate: () => <This, FormalArgs extends _prisma_client_runtime_library.Args<This, "aggregate"> & PrismaCacheStrategy, const ActualArgs extends FormalArgs>(this: This, args: { [key in keyof ActualArgs]: key exte...'.
    Types of property 'mock' are incompatible.
      Type 'MockContext<Promise<{ ClassID: string; }>, [], unknown>' is not assignable to type 'MockContext<DynamicModelExtensionFluentApi<TypeMap<InternalArgs & { result: {}; model: { $allModels: { aggregate: () => <This, FormalArgs extends _prisma_client_runtime_library.Args<This, "aggregate"> & PrismaCacheStrategy, const ActualArgs extends FormalArgs>(this: This, args: { [key in keyof ActualArgs]: key exten...'.
        Type 'Promise<{ ClassID: string; }>' is not assignable to type 'DynamicModelExtensionFluentApi<TypeMap<InternalArgs & { result: {}; model: { $allModels: { aggregate: () => <This, FormalArgs extends _prisma_client_runtime_library.Args<This, "aggregate"> & PrismaCacheStrategy, const ActualArgs extends FormalArgs>(this: This, args: { [key in keyof ActualArgs]: key extends keyof For...'.
          Type 'Promise<{ ClassID: string; }>' is missing the following properties from type 'DynamicModelExtensionFluentApi<TypeMap<InternalArgs & { result: {}; model: { $allModels: { aggregate: () => <This, FormalArgs extends _prisma_client_runtime_library.Args<This, "aggregate"> & PrismaCacheStrategy, const ActualArgs extends FormalArgs>(this: This, args: { [key in keyof ActualArgs]: key extends keyof For...': gradelevel, room, subject, timeslot, teachers_responsibility
src/features/schedule-arrangement/infrastructure/repositories/schedule.repository.test.ts(235,7): error TS2322: Type 'Mock<Promise<{ ClassID: string; TimeslotID: string; subject: {}; room: {}; gradelevel: {}; timeslot: {}; teachers_responsibility: never[]; }>, [], unknown>' is not assignable to type 'MockInstance<AcceleratePromise<{} | null>, [args: { [x: string]: any; }], unknown> & (<This, FormalArgs extends _prisma_client_runtime_library.Args<This, "findUnique"> & PrismaCacheStrategy, const ActualArgs extends FormalArgs>(this: This, args: { [key in keyof ActualArgs]: key extends keyof FormalArgs ? ActualArgs[...'.
  Type 'Mock<Promise<{ ClassID: string; TimeslotID: string; subject: {}; room: {}; gradelevel: {}; timeslot: {}; teachers_responsibility: never[]; }>, [], unknown>' is not assignable to type 'MockInstance<AcceleratePromise<{} | null>, [args: { [x: string]: any; }], unknown>'.
    Types of property 'mock' are incompatible.
      Type 'MockContext<Promise<{ ClassID: string; TimeslotID: string; subject: {}; room: {}; gradelevel: {}; timeslot: {}; teachers_responsibility: never[]; }>, [], unknown>' is not assignable to type 'MockContext<AcceleratePromise<{} | null>, [args: { [x: string]: any; }], unknown>'.
        Property 'withAccelerateInfo' is missing in type 'Promise<{ ClassID: string; TimeslotID: string; subject: {}; room: {}; gradelevel: {}; timeslot: {}; teachers_responsibility: never[]; }>' but required in type 'AcceleratePromise<{} | null>'.
src/features/schedule-arrangement/infrastructure/repositories/schedule.repository.test.ts(248,7): error TS2322: Type 'Mock<Promise<null>, [], unknown>' is not assignable to type 'MockInstance<AcceleratePromise<{} | null>, [args: { [x: string]: any; }], unknown> & (<This, FormalArgs extends _prisma_client_runtime_library.Args<This, "findUnique"> & PrismaCacheStrategy, const ActualArgs extends FormalArgs>(this: This, args: { [key in keyof ActualArgs]: key extends keyof FormalArgs ? ActualArgs[...'.
  Type 'Mock<Promise<null>, [], unknown>' is not assignable to type 'MockInstance<AcceleratePromise<{} | null>, [args: { [x: string]: any; }], unknown>'.
    Types of property 'mock' are incompatible.
      Type 'MockContext<Promise<null>, [], unknown>' is not assignable to type 'MockContext<AcceleratePromise<{} | null>, [args: { [x: string]: any; }], unknown>'.
        Property 'withAccelerateInfo' is missing in type 'Promise<null>' but required in type 'AcceleratePromise<{} | null>'.
src/features/schedule-arrangement/infrastructure/repositories/schedule.repository.test.ts(260,7): error TS2322: Type 'Mock<Promise<{ RespID: number; }>, [], unknown>' is not assignable to type 'MockInstance<DynamicModelExtensionFluentApi<TypeMap<InternalArgs & { result: {}; model: { $allModels: { aggregate: () => <This, FormalArgs extends _prisma_client_runtime_library.Args<This, "aggregate"> & PrismaCacheStrategy, const ActualArgs extends FormalArgs>(this: This, args: { [key in keyof ActualArgs]: key exte...'.
  Type 'Mock<Promise<{ RespID: number; }>, [], unknown>' is not assignable to type 'MockInstance<DynamicModelExtensionFluentApi<TypeMap<InternalArgs & { result: {}; model: { $allModels: { aggregate: () => <This, FormalArgs extends _prisma_client_runtime_library.Args<This, "aggregate"> & PrismaCacheStrategy, const ActualArgs extends FormalArgs>(this: This, args: { [key in keyof ActualArgs]: key exte...'.
    Types of property 'mock' are incompatible.
      Type 'MockContext<Promise<{ RespID: number; }>, [], unknown>' is not assignable to type 'MockContext<DynamicModelExtensionFluentApi<TypeMap<InternalArgs & { result: {}; model: { $allModels: { aggregate: () => <This, FormalArgs extends _prisma_client_runtime_library.Args<This, "aggregate"> & PrismaCacheStrategy, const ActualArgs extends FormalArgs>(this: This, args: { [key in keyof ActualArgs]: key exten...'.
        Type 'Promise<{ RespID: number; }>' is not assignable to type 'DynamicModelExtensionFluentApi<TypeMap<InternalArgs & { result: {}; model: { $allModels: { aggregate: () => <This, FormalArgs extends _prisma_client_runtime_library.Args<This, "aggregate"> & PrismaCacheStrategy, const ActualArgs extends FormalArgs>(this: This, args: { [key in keyof ActualArgs]: key extends keyof For...'.
          Type 'Promise<{ RespID: number; }>' is missing the following properties from type 'DynamicModelExtensionFluentApi<TypeMap<InternalArgs & { result: {}; model: { $allModels: { aggregate: () => <This, FormalArgs extends _prisma_client_runtime_library.Args<This, "aggregate"> & PrismaCacheStrategy, const ActualArgs extends FormalArgs>(this: This, args: { [key in keyof ActualArgs]: key extends keyof For...': gradelevel, subject, teacher, class_schedule
src/features/schedule-arrangement/infrastructure/repositories/schedule.repository.test.ts(279,7): error TS2322: Type 'Mock<Promise<{ RespID: number; }>, [], unknown>' is not assignable to type 'MockInstance<DynamicModelExtensionFluentApi<TypeMap<InternalArgs & { result: {}; model: { $allModels: { aggregate: () => <This, FormalArgs extends _prisma_client_runtime_library.Args<This, "aggregate"> & PrismaCacheStrategy, const ActualArgs extends FormalArgs>(this: This, args: { [key in keyof ActualArgs]: key exte...'.
  Type 'Mock<Promise<{ RespID: number; }>, [], unknown>' is not assignable to type 'MockInstance<DynamicModelExtensionFluentApi<TypeMap<InternalArgs & { result: {}; model: { $allModels: { aggregate: () => <This, FormalArgs extends _prisma_client_runtime_library.Args<This, "aggregate"> & PrismaCacheStrategy, const ActualArgs extends FormalArgs>(this: This, args: { [key in keyof ActualArgs]: key exte...'.
    Types of property 'mock' are incompatible.
      Type 'MockContext<Promise<{ RespID: number; }>, [], unknown>' is not assignable to type 'MockContext<DynamicModelExtensionFluentApi<TypeMap<InternalArgs & { result: {}; model: { $allModels: { aggregate: () => <This, FormalArgs extends _prisma_client_runtime_library.Args<This, "aggregate"> & PrismaCacheStrategy, const ActualArgs extends FormalArgs>(this: This, args: { [key in keyof ActualArgs]: key exten...'.
        Type 'Promise<{ RespID: number; }>' is not assignable to type 'DynamicModelExtensionFluentApi<TypeMap<InternalArgs & { result: {}; model: { $allModels: { aggregate: () => <This, FormalArgs extends _prisma_client_runtime_library.Args<This, "aggregate"> & PrismaCacheStrategy, const ActualArgs extends FormalArgs>(this: This, args: { [key in keyof ActualArgs]: key extends keyof For...'.
          Type 'Promise<{ RespID: number; }>' is missing the following properties from type 'DynamicModelExtensionFluentApi<TypeMap<InternalArgs & { result: {}; model: { $allModels: { aggregate: () => <This, FormalArgs extends _prisma_client_runtime_library.Args<This, "aggregate"> & PrismaCacheStrategy, const ActualArgs extends FormalArgs>(this: This, args: { [key in keyof ActualArgs]: key extends keyof For...': gradelevel, subject, teacher, class_schedule
src/features/schedule-arrangement/presentation/components/examples/DraggableSubjectCard.tsx(272,20): error TS18048: 'subject.remainingHours' is possibly 'undefined'.
src/features/schedule-arrangement/presentation/hooks/useArrangeSchedule.ts(112,39): error TS2345: Argument of type 'null' is not assignable to parameter of type 'SubjectData'.
src/features/schedule-arrangement/presentation/hooks/useArrangeSchedule.ts(139,37): error TS2345: Argument of type 'SubjectData | null' is not assignable to parameter of type 'SubjectData'.
  Type 'null' is not assignable to type 'SubjectData'.
src/features/schedule-arrangement/presentation/hooks/useArrangeSchedule.ts(160,22): error TS2345: Argument of type 'SubjectData | null' is not assignable to parameter of type 'SubjectData'.
  Type 'null' is not assignable to type 'SubjectData'.
src/features/schedule-arrangement/presentation/hooks/useArrangeSchedule.ts(176,56): error TS2345: Argument of type 'null' is not assignable to parameter of type 'SubjectData'.
src/features/schedule-arrangement/presentation/stores/arrangement-ui.store.ts(434,11): error TS2769: No overload matches this call.
  Overload 1 of 2, '(partial: ArrangementUIStore | Partial<ArrangementUIStore> | ((state: ArrangementUIStore) => ArrangementUIStore | Partial<...>), replace?: false | undefined, action?: Action | undefined): void', gave the following error.
    Argument of type '(state: ArrangementUIStore) => ArrangementUIStore | { history: { past: SubjectData[][]; present: SubjectData[] | undefined; future: SubjectData[][]; }; scheduledSubjects: SubjectData[] | undefined; }' is not assignable to parameter of type 'ArrangementUIStore | Partial<ArrangementUIStore> | ((state: ArrangementUIStore) => ArrangementUIStore | Partial<...>)'.
      Type '(state: ArrangementUIStore) => ArrangementUIStore | { history: { past: SubjectData[][]; present: SubjectData[] | undefined; future: SubjectData[][]; }; scheduledSubjects: SubjectData[] | undefined; }' is not assignable to type '(state: ArrangementUIStore) => ArrangementUIStore | Partial<ArrangementUIStore>'.
        Type 'ArrangementUIStore | { history: { past: SubjectData[][]; present: SubjectData[] | undefined; future: SubjectData[][]; }; scheduledSubjects: SubjectData[] | undefined; }' is not assignable to type 'ArrangementUIStore | Partial<ArrangementUIStore>'.
          Type '{ history: { past: SubjectData[][]; present: SubjectData[] | undefined; future: SubjectData[][]; }; scheduledSubjects: SubjectData[] | undefined; }' is not assignable to type 'ArrangementUIStore | Partial<ArrangementUIStore>'.
            Type '{ history: { past: SubjectData[][]; present: SubjectData[] | undefined; future: SubjectData[][]; }; scheduledSubjects: SubjectData[] | undefined; }' is not assignable to type 'Partial<ArrangementUIStore>'.
              The types of 'history.present' are incompatible between these types.
                Type 'SubjectData[] | undefined' is not assignable to type 'SubjectData[]'.
                  Type 'undefined' is not assignable to type 'SubjectData[]'.
  Overload 2 of 2, '(state: ArrangementUIStore | ((state: ArrangementUIStore) => ArrangementUIStore), replace: true, action?: Action | undefined): void', gave the following error.
    Argument of type '(state: ArrangementUIStore) => ArrangementUIStore | { history: { past: SubjectData[][]; present: SubjectData[] | undefined; future: SubjectData[][]; }; scheduledSubjects: SubjectData[] | undefined; }' is not assignable to parameter of type 'ArrangementUIStore | ((state: ArrangementUIStore) => ArrangementUIStore)'.
      Type '(state: ArrangementUIStore) => ArrangementUIStore | { history: { past: SubjectData[][]; present: SubjectData[] | undefined; future: SubjectData[][]; }; scheduledSubjects: SubjectData[] | undefined; }' is not assignable to type '(state: ArrangementUIStore) => ArrangementUIStore'.
        Type 'ArrangementUIStore | { history: { past: SubjectData[][]; present: SubjectData[] | undefined; future: SubjectData[][]; }; scheduledSubjects: SubjectData[] | undefined; }' is not assignable to type 'ArrangementUIStore'.
          Type '{ history: { past: SubjectData[][]; present: SubjectData[] | undefined; future: SubjectData[][]; }; scheduledSubjects: SubjectData[] | undefined; }' is not assignable to type 'ArrangementUIStore'.
            Type '{ history: { past: SubjectData[][]; present: SubjectData[] | undefined; future: SubjectData[][]; }; scheduledSubjects: SubjectData[] | undefined; }' is missing the following properties from type 'ArrangementUIState': currentTeacherID, teacherData, selectedSubject, draggedSubject, and 14 more.
src/features/schedule-arrangement/presentation/stores/arrangement-ui.store.ts(456,11): error TS2769: No overload matches this call.
  Overload 1 of 2, '(partial: ArrangementUIStore | Partial<ArrangementUIStore> | ((state: ArrangementUIStore) => ArrangementUIStore | Partial<...>), replace?: false | undefined, action?: Action | undefined): void', gave the following error.
    Argument of type '(state: ArrangementUIStore) => ArrangementUIStore | { history: { past: SubjectData[][]; present: SubjectData[] | undefined; future: SubjectData[][]; }; scheduledSubjects: SubjectData[] | undefined; }' is not assignable to parameter of type 'ArrangementUIStore | Partial<ArrangementUIStore> | ((state: ArrangementUIStore) => ArrangementUIStore | Partial<...>)'.
      Type '(state: ArrangementUIStore) => ArrangementUIStore | { history: { past: SubjectData[][]; present: SubjectData[] | undefined; future: SubjectData[][]; }; scheduledSubjects: SubjectData[] | undefined; }' is not assignable to type '(state: ArrangementUIStore) => ArrangementUIStore | Partial<ArrangementUIStore>'.
        Type 'ArrangementUIStore | { history: { past: SubjectData[][]; present: SubjectData[] | undefined; future: SubjectData[][]; }; scheduledSubjects: SubjectData[] | undefined; }' is not assignable to type 'ArrangementUIStore | Partial<ArrangementUIStore>'.
          Type '{ history: { past: SubjectData[][]; present: SubjectData[] | undefined; future: SubjectData[][]; }; scheduledSubjects: SubjectData[] | undefined; }' is not assignable to type 'ArrangementUIStore | Partial<ArrangementUIStore>'.
            Type '{ history: { past: SubjectData[][]; present: SubjectData[] | undefined; future: SubjectData[][]; }; scheduledSubjects: SubjectData[] | undefined; }' is not assignable to type 'Partial<ArrangementUIStore>'.
              The types of 'history.present' are incompatible between these types.
                Type 'SubjectData[] | undefined' is not assignable to type 'SubjectData[]'.
                  Type 'undefined' is not assignable to type 'SubjectData[]'.
  Overload 2 of 2, '(state: ArrangementUIStore | ((state: ArrangementUIStore) => ArrangementUIStore), replace: true, action?: Action | undefined): void', gave the following error.
    Argument of type '(state: ArrangementUIStore) => ArrangementUIStore | { history: { past: SubjectData[][]; present: SubjectData[] | undefined; future: SubjectData[][]; }; scheduledSubjects: SubjectData[] | undefined; }' is not assignable to parameter of type 'ArrangementUIStore | ((state: ArrangementUIStore) => ArrangementUIStore)'.
      Type '(state: ArrangementUIStore) => ArrangementUIStore | { history: { past: SubjectData[][]; present: SubjectData[] | undefined; future: SubjectData[][]; }; scheduledSubjects: SubjectData[] | undefined; }' is not assignable to type '(state: ArrangementUIStore) => ArrangementUIStore'.
        Type 'ArrangementUIStore | { history: { past: SubjectData[][]; present: SubjectData[] | undefined; future: SubjectData[][]; }; scheduledSubjects: SubjectData[] | undefined; }' is not assignable to type 'ArrangementUIStore'.
          Type '{ history: { past: SubjectData[][]; present: SubjectData[] | undefined; future: SubjectData[][]; }; scheduledSubjects: SubjectData[] | undefined; }' is not assignable to type 'ArrangementUIStore'.
            Type '{ history: { past: SubjectData[][]; present: SubjectData[] | undefined; future: SubjectData[][]; }; scheduledSubjects: SubjectData[] | undefined; }' is missing the following properties from type 'ArrangementUIState': currentTeacherID, teacherData, selectedSubject, draggedSubject, and 14 more.
src/features/schedule-arrangement/presentation/stores/teacher-arrange.store.ts(383,29): error TS2769: No overload matches this call.
  Overload 1 of 4, '(target: {}, source: Partial<SubjectData>): Partial<SubjectData>', gave the following error.
    Argument of type 'WritableDraft<SubjectData> | undefined' is not assignable to parameter of type '{}'.
      Type 'undefined' is not assignable to type '{}'.
  Overload 2 of 4, '(target: object, ...sources: any[]): any', gave the following error.
    Argument of type 'WritableDraft<SubjectData> | undefined' is not assignable to parameter of type 'object'.
      Type 'undefined' is not assignable to type 'object'.
src/features/schedule-arrangement/presentation/stores/teacher-arrange.store.ts(720,3): error TS2484: Export declaration conflicts with exported declaration of 'TimeSlotContainer'.
src/features/schedule-arrangement/presentation/stores/teacher-arrange.store.ts(721,3): error TS2484: Export declaration conflicts with exported declaration of 'HistoryStack'.
src/features/schedule-arrangement/presentation/stores/teacher-arrange.store.ts(722,3): error TS2484: Export declaration conflicts with exported declaration of 'FilterPreferences'.
src/features/schedule-arrangement/presentation/stores/teacher-arrange.store.ts(723,3): error TS2484: Export declaration conflicts with exported declaration of 'ErrorState'.
src/features/semester/application/actions/semester.actions.ts(184,9): error TS2322: Type 'JsonValue' is not assignable to type '{}'.
  Type 'null' is not assignable to type '{}'.
src/features/semester/application/actions/semester.actions.ts(378,36): error TS7006: Parameter 'ts' implicitly has an 'any' type.
src/features/semester/application/actions/semester.actions.ts(522,7): error TS2322: Type 'JsonValue' is not assignable to type 'InputJsonValue | undefined'.
  Type 'null' is not assignable to type 'InputJsonValue | undefined'.
src/features/semester/infrastructure/repositories/semester.repository.ts(273,50): error TS2304: Cannot find name 'semester'.
src/features/semester/infrastructure/repositories/semester.repository.ts(287,16): error TS2304: Cannot find name 'semester'.
src/features/semester/infrastructure/repositories/semester.repository.ts(289,16): error TS2304: Cannot find name 'semester'.
src/features/semester/infrastructure/repositories/semester.repository.ts(325,17): error TS2304: Cannot find name 'semester'.
src/features/semester/infrastructure/repositories/semester.repository.ts(333,7): error TS2322: Type '{ TimeslotID: string; AcademicYear: number; Semester: semester; StartTime: string; EndTime: string; Breaktime: number; DayOfWeek: string; }[]' is not assignable to type 'Exact<timeslotCreateManyInput | timeslotCreateManyInput[], timeslotCreateManyInput | timeslotCreateManyInput[]>'.
  Type '{ TimeslotID: string; AcademicYear: number; Semester: semester; StartTime: string; EndTime: string; Breaktime: number; DayOfWeek: string; }[]' is not assignable to type 'timeslotCreateManyInput[]'.
    Type '{ TimeslotID: string; AcademicYear: number; Semester: semester; StartTime: string; EndTime: string; Breaktime: number; DayOfWeek: string; }' is not assignable to type 'timeslotCreateManyInput'.
      Types of property 'Breaktime' are incompatible.
        Type 'number' is not assignable to type 'breaktime'.
src/features/semester/infrastructure/repositories/semester.repository.ts(345,15): error TS2304: Cannot find name 'semester'.
src/features/semester/infrastructure/repositories/semester.repository.ts(350,17): error TS2304: Cannot find name 'semester'.
src/features/semester/infrastructure/repositories/semester.repository.ts(374,11): error TS2322: Type '{ TimeslotID: string; AcademicYear: number; Semester: semester; StartTime: string; EndTime: string; Breaktime: number; DayOfWeek: string; }[]' is not assignable to type 'Exact<timeslotCreateManyInput | timeslotCreateManyInput[], timeslotCreateManyInput | timeslotCreateManyInput[]>'.
  Type '{ TimeslotID: string; AcademicYear: number; Semester: semester; StartTime: string; EndTime: string; Breaktime: number; DayOfWeek: string; }[]' is not assignable to type 'timeslotCreateManyInput[]'.
    Type '{ TimeslotID: string; AcademicYear: number; Semester: semester; StartTime: string; EndTime: string; Breaktime: number; DayOfWeek: string; }' is not assignable to type 'timeslotCreateManyInput'.
      Types of property 'Breaktime' are incompatible.
        Type 'number' is not assignable to type 'breaktime'.
src/features/subject/domain/services/subject-validation.service.ts(80,41): error TS18048: 'subject' is possibly 'undefined'.
src/features/subject/domain/services/subject-validation.service.ts(98,23): error TS18048: 'subject' is possibly 'undefined'.
src/features/subject/domain/services/subject-validation.service.ts(100,70): error TS18048: 'subject' is possibly 'undefined'.
src/features/subject/domain/services/subject-validation.service.ts(100,100): error TS18048: 'subject' is possibly 'undefined'.
src/features/subject/domain/services/subject-validation.service.ts(103,21): error TS18048: 'subject' is possibly 'undefined'.
src/features/subject/domain/services/subject-validation.service.ts(106,62): error TS18048: 'subject' is possibly 'undefined'.
src/features/subject/domain/services/subject-validation.service.ts(127,53): error TS18048: 'subject' is possibly 'undefined'.
src/features/timeslot/domain/services/timeslot.service.ts(18,18): error TS2322: Type 'string | undefined' is not assignable to type 'string'.
  Type 'undefined' is not assignable to type 'string'.
src/features/timeslot/domain/services/timeslot.service.ts(120,28): error TS2532: Object is possibly 'undefined'.
src/features/timeslot/domain/services/timeslot.service.ts(121,28): error TS2532: Object is possibly 'undefined'.
src/features/timeslot/infrastructure/repositories/timeslot.repository.ts(18,18): error TS2322: Type 'string | undefined' is not assignable to type 'string'.
  Type 'undefined' is not assignable to type 'string'.
src/functions/componentFunctions.ts(39,17): error TS2345: Argument of type 'string | undefined' is not assignable to parameter of type 'string'.
  Type 'undefined' is not assignable to type 'string'.
src/functions/componentFunctions.ts(40,17): error TS2345: Argument of type 'string | undefined' is not assignable to parameter of type 'string'.
  Type 'undefined' is not assignable to type 'string'.
src/functions/componentFunctions.ts(41,17): error TS2345: Argument of type 'string | undefined' is not assignable to parameter of type 'string'.
  Type 'undefined' is not assignable to type 'string'.
src/hooks/use-locked-schedules.ts(20,5): error TS2769: No overload matches this call.
  The last overload gave the following error.
    Type '() => Promise<GroupedLockedSchedule[] | undefined>' has no properties in common with type 'SWRConfiguration<GroupedLockedSchedule[], any, BareFetcher<GroupedLockedSchedule[]>>'.
src/hooks/use-timeslots.ts(20,5): error TS2769: No overload matches this call.
  The last overload gave the following error.
    Type '() => Promise<{ Semester: semester; AcademicYear: number; TimeslotID: string; StartTime: Date; EndTime: Date; Breaktime: breaktime; DayOfWeek: day_of_week; }[] | undefined>' has no properties in common with type 'SWRConfiguration<{ Semester: semester; AcademicYear: number; TimeslotID: string; StartTime: Date; EndTime: Date; Breaktime: breaktime; DayOfWeek: day_of_week; }[], any, BareFetcher<...>>'.
src/hooks/useSemesterSync.ts(41,5): error TS2322: Type 'string | undefined' is not assignable to type 'string'.
  Type 'undefined' is not assignable to type 'string'.
src/hooks/useSemesterSync.ts(42,5): error TS2322: Type 'string | undefined' is not assignable to type 'string'.
  Type 'undefined' is not assignable to type 'string'.
src/lib/feature-flags.ts(146,5): error TS2322: Type 'Record<string, FlagConfig> | undefined' is not assignable to type 'Record<string, FlagConfig> | null'.
  Type 'undefined' is not assignable to type 'Record<string, FlagConfig> | null'.
src/lib/public/classes.ts(95,15): error TS2538: Type 'null' cannot be used as an index type.
src/lib/public/classes.ts(95,32): error TS2538: Type 'null' cannot be used as an index type.
src/lib/thai-year-format.ts(71,25): error TS2345: Argument of type 'string | undefined' is not assignable to parameter of type 'string'.
  Type 'undefined' is not assignable to type 'string'.
src/lib/thai-year-format.ts(112,25): error TS2345: Argument of type 'string | undefined' is not assignable to parameter of type 'string'.
  Type 'undefined' is not assignable to type 'string'.
src/lib/thai-year-format.ts(113,28): error TS2345: Argument of type 'string | undefined' is not assignable to parameter of type 'string'.
  Type 'undefined' is not assignable to type 'string'.
src/shared/lib/action-wrapper.ts(106,59): error TS2345: Argument of type 'string | undefined' is not assignable to parameter of type 'string'.
  Type 'undefined' is not assignable to type 'string'.
src/utils/export.utils.ts(15,28): error TS2769: No overload matches this call.
  Overload 1 of 2, '(o: {}): string[]', gave the following error.
    Argument of type 'T | undefined' is not assignable to parameter of type '{}'.
      Type 'undefined' is not assignable to type '{}'.
  Overload 2 of 2, '(o: object): string[]', gave the following error.
    Argument of type 'T | undefined' is not assignable to parameter of type 'object'.
      Type 'undefined' is not assignable to type 'object'.
src/utils/export.utils.ts(139,28): error TS2769: No overload matches this call.
  Overload 1 of 2, '(o: {}): string[]', gave the following error.
    Argument of type 'T | undefined' is not assignable to parameter of type '{}'.
      Type 'undefined' is not assignable to type '{}'.
  Overload 2 of 2, '(o: object): string[]', gave the following error.
    Argument of type 'T | undefined' is not assignable to parameter of type 'object'.
      Type 'undefined' is not assignable to type 'object'.
ELIFECYCLE Command failed with exit code 1.
