
> school-timetable@2.0.0 typecheck B:\Dev\school-timetable-senior-project
> tsc -p tsconfig.typecheck.json

src/app/(public)/teachers/[id]/page.tsx(100,46): error TS7006: Parameter 'schedule' implicitly has an 'any' type.
src/app/schedule/[semesterAndyear]/arrange/teacher-arrange/page.tsx(882,11): error TS2322: Type 'SubjectData | null' is not assignable to type 'SubjectData'.
  Type 'null' is not assignable to type 'SubjectData'.
src/app/schedule/[semesterAndyear]/arrange/teacher-arrange/page.tsx(1306,11): error TS2322: Type '(subject: SubjectData, timeSlotID: string) => void' is not assignable to type '(subject: SubjectData | null, timeSlotID: string) => void'.
  Types of parameters 'subject' and 'subject' are incompatible.
    Type 'SubjectData | null' is not assignable to type 'SubjectData'.
      Type 'null' is not assignable to type 'SubjectData'.
src/app/schedule/[semesterAndyear]/arrange/teacher-arrange/page.tsx(1307,11): error TS2322: Type 'SubjectPayload | null' is not assignable to type 'SubjectPayload'.
  Type 'null' is not assignable to type 'SubjectPayload'.
src/app/schedule/[semesterAndyear]/assign/component/ShowTeacherData.tsx(122,7): error TS2769: No overload matches this call.
  Overload 1 of 2, '(props: { component: ElementType<any, keyof IntrinsicElements>; } & BoxOwnProps<Theme> & Omit<any, keyof BoxOwnProps<Theme>>): Element | null', gave the following error.
    Type 'unknown' is not assignable to type 'ReactNode'.
  Overload 2 of 2, '(props: DefaultComponentProps<BoxTypeMap<{}, "div", Theme>>): Element | null', gave the following error.
    Type 'unknown' is not assignable to type 'ReactNode'.
src/app/schedule/[semesterAndyear]/assign/teacher_responsibility/page.tsx(200,17): error TS2532: Object is possibly 'undefined'.
src/app/schedule/[semesterAndyear]/assign/teacher_responsibility/page.tsx(287,11): error TS2322: Type '(rooms: [], year: number) => void' is not assignable to type '(selectedClasses: ClassRoomItem[], year: number) => void'.
  Types of parameters 'rooms' and 'selectedClasses' are incompatible.
    Type 'ClassRoomItem[]' is not assignable to type '[]'.
      Target allows only 0 element(s) but source may have more.
src/app/schedule/[semesterAndyear]/assign/teacher_responsibility/page.tsx(290,11): error TS2322: Type 'number | null' is not assignable to type 'number'.
  Type 'null' is not assignable to type 'number'.
src/app/schedule/[semesterAndyear]/assign/teacher_responsibility/page.tsx(467,38): error TS2532: Object is possibly 'undefined'.
src/app/schedule/[semesterAndyear]/config/_components/BreakSlotSelect.tsx(63,9): error TS2322: Type '(event: SelectChangeEvent<unknown>) => void' is not assignable to type '(event: ChangeEvent<Omit<HTMLInputElement, "value"> & { value: number; }> | (Event & { target: { value: number; name: string; }; }), child: ReactNode) => void'.
  Types of parameters 'event' and 'event' are incompatible.
    Type 'ChangeEvent<Omit<HTMLInputElement, "value"> & { value: number; }> | (Event & { target: { value: number; name: string; }; })' is not assignable to type 'ChangeEvent<HTMLInputElement> | (Event & { target: { value: unknown; name: string; }; })'.
      Type 'ChangeEvent<Omit<HTMLInputElement, "value"> & { value: number; }>' is not assignable to type 'ChangeEvent<HTMLInputElement> | (Event & { target: { value: unknown; name: string; }; })'.
        Type 'ChangeEvent<Omit<HTMLInputElement, "value"> & { value: number; }>' is not assignable to type 'ChangeEvent<HTMLInputElement>'.
          Type 'Omit<HTMLInputElement, "value"> & { value: number; }' is not assignable to type 'HTMLInputElement'.
            Types of property 'value' are incompatible.
              Type 'number' is not assignable to type 'string'.
src/app/schedule/[semesterAndyear]/lock/component/AddLockScheduleModal.tsx(171,15): error TS2322: Type 'null' is not assignable to type '((teachers: { Email: string; TeacherID: number; Prefix: string; Firstname: string; Lastname: string; Department: string; Role: string; }[]) => void) | undefined'.
src/app/schedule/[semesterAndyear]/lock/component/LockCalendarView.tsx(163,38): error TS2769: No overload matches this call.
  Overload 1 of 2, '(o: {}): string[]', gave the following error.
    Argument of type 'Record<number, { Semester: semester; AcademicYear: number; TimeslotID: string; StartTime: Date; EndTime: Date; Breaktime: breaktime; DayOfWeek: day_of_week; }> | undefined' is not assignable to parameter of type '{}'.
      Type 'undefined' is not assignable to type '{}'.
  Overload 2 of 2, '(o: object): string[]', gave the following error.
    Argument of type 'Record<number, { Semester: semester; AcademicYear: number; TimeslotID: string; StartTime: Date; EndTime: Date; Breaktime: breaktime; DayOfWeek: day_of_week; }> | undefined' is not assignable to parameter of type 'object'.
      Type 'undefined' is not assignable to type 'object'.
src/app/schedule/[semesterAndyear]/lock/component/LockCalendarView.tsx(252,34): error TS2532: Object is possibly 'undefined'.
src/app/schedule/[semesterAndyear]/lock/component/LockSchedule.tsx(204,31): error TS2345: Argument of type 'GroupedLockedSchedule | undefined' is not assignable to parameter of type 'SetStateAction<GroupedLockedSchedule | null>'.
  Type 'undefined' is not assignable to type 'SetStateAction<GroupedLockedSchedule | null>'.
src/app/schedule/[semesterAndyear]/lock/component/LockSchedule.tsx(238,30): error TS18047: 'item.room' is possibly 'null'.
src/app/schedule/[semesterAndyear]/lock/component/LockSchedule.tsx(253,40): error TS2532: Object is possibly 'undefined'.
src/app/schedule/[semesterAndyear]/lock/component/LockSchedule.tsx(314,31): error TS18047: 'teacher.Department' is possibly 'null'.
src/app/schedule/[semesterAndyear]/lock/component/LockSchedule.tsx(315,38): error TS18047: 'teacher.Department' is possibly 'null'.
src/app/schedule/[semesterAndyear]/lock/component/LockSchedule.tsx(326,56): error TS2345: Argument of type 'number' is not assignable to parameter of type 'SetStateAction<null>'.
src/app/schedule/[semesterAndyear]/lock/component/LockSchedule.tsx(341,58): error TS2345: Argument of type 'number' is not assignable to parameter of type 'SetStateAction<null>'.
src/app/schedule/[semesterAndyear]/lock/component/LockSchedule.tsx(352,42): error TS18047: 'item.Department' is possibly 'null'.
src/app/schedule/[semesterAndyear]/lock/component/LockSchedule.tsx(353,48): error TS18047: 'item.Department' is possibly 'null'.
src/app/schedule/[semesterAndyear]/lock/component/LockSchedule.tsx(387,9): error TS2322: Type '{ open: boolean; onClose: () => void; configId: string; onSuccess: () => void; }' is not assignable to type 'IntrinsicAttributes & BulkLockModalProps'.
  Property 'configId' does not exist on type 'IntrinsicAttributes & BulkLockModalProps'. Did you mean '_configId'?
src/app/schedule/[semesterAndyear]/lock/component/SelectDayOfWeek.tsx(29,11): error TS2322: Type '({ data }: { data: string; }) => JSX.Element' is not assignable to type 'ComponentType<{ data: unknown; }>'.
  Type '({ data }: { data: string; }) => JSX.Element' is not assignable to type 'FunctionComponent<{ data: unknown; }>'.
    Types of parameters '__0' and 'props' are incompatible.
      Type '{ data: unknown; }' is not assignable to type '{ data: string; }'.
        Types of property 'data' are incompatible.
          Type 'unknown' is not assignable to type 'string'.
src/app/schedule/[semesterAndyear]/lock/component/SelectDayOfWeek.tsx(36,11): error TS2322: Type '(value: string) => void' is not assignable to type '(item: unknown, index: number) => void'.
  Types of parameters 'value' and 'item' are incompatible.
    Type 'unknown' is not assignable to type 'string'.
src/app/schedule/[semesterAndyear]/lock/component/SelectedClassRoom.tsx(24,22): error TS18048: 'props.teachers' is possibly 'undefined'.
src/app/schedule/[semesterAndyear]/lock/component/SelectedClassRoom.tsx(101,19): error TS2532: Object is possibly 'undefined'.
src/app/schedule/[semesterAndyear]/lock/component/SelectMultipleTimeSlot.tsx(25,14): error TS2345: Argument of type 'string | undefined' is not assignable to parameter of type 'string'.
  Type 'undefined' is not assignable to type 'string'.
src/app/schedule/[semesterAndyear]/lock/component/SelectMultipleTimeSlot.tsx(26,14): error TS2345: Argument of type 'string | undefined' is not assignable to parameter of type 'string'.
  Type 'undefined' is not assignable to type 'string'.
src/app/schedule/[semesterAndyear]/lock/component/SelectMultipleTimeSlot.tsx(31,19): error TS2345: Argument of type '() => string[]' is not assignable to parameter of type 'SetStateAction<never[]>'.
  Type '() => string[]' is not assignable to type '(prevState: never[]) => never[]'.
    Type 'string[]' is not assignable to type 'never[]'.
      Type 'string' is not assignable to type 'never'.
src/app/schedule/[semesterAndyear]/lock/component/SelectMultipleTimeSlot.tsx(40,30): error TS7006: Parameter 'index' implicitly has an 'any' type.
src/app/schedule/[semesterAndyear]/lock/component/SelectMultipleTimeSlot.tsx(41,28): error TS2532: Object is possibly 'undefined'.
src/app/schedule/[semesterAndyear]/lock/component/SelectMultipleTimeSlot.tsx(41,48): error TS18048: 'props.subject' is possibly 'undefined'.
src/app/schedule/[semesterAndyear]/lock/component/SelectMultipleTimeSlot.tsx(43,24): error TS2345: Argument of type 'number' is not assignable to parameter of type 'never'.
src/app/schedule/[semesterAndyear]/lock/component/SelectRoomName.tsx(41,11): error TS2322: Type '({ data }: { data: room; }) => JSX.Element' is not assignable to type 'ComponentType<{ data: unknown; }>'.
  Type '({ data }: { data: room; }) => JSX.Element' is not assignable to type 'FunctionComponent<{ data: unknown; }>'.
    Types of parameters '__0' and 'props' are incompatible.
      Type '{ data: unknown; }' is not assignable to type '{ data: { RoomID: number; RoomName: string; Building: string; Floor: string; }; }'.
        Types of property 'data' are incompatible.
          Type 'unknown' is not assignable to type '{ RoomID: number; RoomName: string; Building: string; Floor: string; }'.
src/app/schedule/[semesterAndyear]/lock/component/SelectRoomName.tsx(46,11): error TS2322: Type 'string | null' is not assignable to type 'string | undefined'.
  Type 'null' is not assignable to type 'string | undefined'.
src/app/schedule/[semesterAndyear]/lock/component/SelectRoomName.tsx(48,11): error TS2322: Type '(value: { RoomID: number; RoomName: string; Building: string; Floor: string; }) => void' is not assignable to type '(item: unknown, index: number) => void'.
  Types of parameters 'value' and 'item' are incompatible.
    Type 'unknown' is not assignable to type '{ RoomID: number; RoomName: string; Building: string; Floor: string; }'.
src/app/schedule/[semesterAndyear]/lock/component/SelectSubject.tsx(77,13): error TS2322: Type '({ data }: { data: SubjectWithResponsibilities; }) => JSX.Element' is not assignable to type 'ComponentType<{ data: unknown; }>'.
  Type '({ data }: { data: SubjectWithResponsibilities; }) => JSX.Element' is not assignable to type 'FunctionComponent<{ data: unknown; }>'.
    Types of parameters '__0' and 'props' are incompatible.
      Type '{ data: unknown; }' is not assignable to type '{ data: SubjectWithResponsibilities; }'.
        Types of property 'data' are incompatible.
          Type 'unknown' is not assignable to type 'SubjectWithResponsibilities'.
            Type 'unknown' is not assignable to type '{ SubjectCode: string; Description: string | null; Category: SubjectCategory; SubjectName: string; Credit: subject_credit; LearningArea: LearningArea | null; ActivityType: ActivityType | null; IsGraded: boolean; }'.
src/app/schedule/[semesterAndyear]/lock/component/SelectSubject.tsx(86,13): error TS2322: Type '(value: SubjectWithResponsibilities) => void' is not assignable to type '(item: unknown, index: number) => void'.
  Types of parameters 'value' and 'item' are incompatible.
    Type 'unknown' is not assignable to type 'SubjectWithResponsibilities'.
      Type 'unknown' is not assignable to type '{ SubjectCode: string; Description: string | null; Category: SubjectCategory; SubjectName: string; Credit: subject_credit; LearningArea: LearningArea | null; ActivityType: ActivityType | null; IsGraded: boolean; }'.
src/app/schedule/[semesterAndyear]/lock/component/SelectTeacher.tsx(41,16): error TS18048: 'props.teachers' is possibly 'undefined'.
src/components/templates/DashboardMenubar.tsx(4,35): error TS7016: Could not find a declaration file for module '@/raw-data/menubar-data'. 'B:/Dev/school-timetable-senior-project/public/raw-data/menubar-data.js' implicitly has an 'any' type.
src/components/templates/DashboardMenubar.tsx(62,37): error TS7006: Parameter 'item' implicitly has an 'any' type.
src/components/templates/DashboardMenubar.tsx(62,43): error TS7006: Parameter 'index' implicitly has an 'any' type.
src/components/templates/Menubar.tsx(8,8): error TS7016: Could not find a declaration file for module '@/raw-data/menubar-data'. 'B:/Dev/school-timetable-senior-project/public/raw-data/menubar-data.js' implicitly has an 'any' type.
src/components/templates/Menubar.tsx(26,34): error TS7006: Parameter 'item' implicitly has an 'any' type.
src/components/templates/Menubar.tsx(26,40): error TS7006: Parameter 'index' implicitly has an 'any' type.
src/components/templates/Menubar.tsx(65,32): error TS7006: Parameter 'item' implicitly has an 'any' type.
src/components/templates/Menubar.tsx(65,38): error TS7006: Parameter 'index' implicitly has an 'any' type.
src/features/analytics/domain/services/aggregation.service.ts(273,3): error TS2322: Type 'number | undefined' is not assignable to type 'number'.
  Type 'undefined' is not assignable to type 'number'.
src/features/analytics/domain/services/calculation.service.ts(37,33): error TS2345: Argument of type 'string | undefined' is not assignable to parameter of type 'string'.
  Type 'undefined' is not assignable to type 'string'.
src/features/analytics/domain/services/calculation.service.ts(229,27): error TS2345: Argument of type 'string | undefined' is not assignable to parameter of type 'string'.
  Type 'undefined' is not assignable to type 'string'.
src/features/analytics/domain/services/calculation.service.ts(242,3): error TS2322: Type 'string | undefined' is not assignable to type 'string | null'.
  Type 'undefined' is not assignable to type 'string | null'.
src/features/analytics/infrastructure/repositories/room.repository.ts(80,18): error TS2345: Argument of type 'string | null' is not assignable to parameter of type 'string'.
  Type 'null' is not assignable to type 'string'.
src/features/analytics/infrastructure/repositories/room.repository.ts(80,35): error TS2345: Argument of type 'string | null' is not assignable to parameter of type 'string'.
  Type 'null' is not assignable to type 'string'.
src/features/analytics/infrastructure/repositories/room.repository.ts(125,16): error TS2345: Argument of type 'number | null' is not assignable to parameter of type 'number'.
  Type 'null' is not assignable to type 'number'.
src/features/arrange/domain/services/arrange-validation.service.ts(107,12): error TS2532: Object is possibly 'undefined'.
src/features/assign/infrastructure/repositories/assign.repository.ts(108,33): error TS2345: Argument of type '(item: { SubjectCode: string; }) => string' is not assignable to parameter of type '(value: {}, index: number, array: {}[]) => string'.
  Types of parameters 'item' and 'value' are incompatible.
    Property 'SubjectCode' is missing in type '{}' but required in type '{ SubjectCode: string; }'.
src/features/config/application/actions/config-lifecycle.actions.ts(59,7): error TS2345: Argument of type 'Date | null' is not assignable to parameter of type 'Date | undefined'.
  Type 'null' is not assignable to type 'Date | undefined'.
src/features/config/domain/services/config-validation.service.ts(42,33): error TS2345: Argument of type 'string | undefined' is not assignable to parameter of type 'string'.
  Type 'undefined' is not assignable to type 'string'.
src/features/config/domain/services/config-validation.service.ts(48,12): error TS2322: Type 'string | undefined' is not assignable to type 'string'.
  Type 'undefined' is not assignable to type 'string'.
src/features/config/infrastructure/repositories/config.repository.ts(69,7): error TS2322: Type 'JsonValue' is not assignable to type 'Exact<JsonNull | InputJsonValue, JsonNull | InputJsonValue>'.
  Type 'null' is not assignable to type 'Exact<JsonNull | InputJsonValue, JsonNull | InputJsonValue>'.
src/features/config/infrastructure/repositories/config.repository.ts(85,5): error TS2322: Type '{ Config?: Prisma.JsonValue | undefined; Semester?: $Enums.semester | undefined; AcademicYear?: number | undefined; }' is not assignable to type 'Exact<(Without<table_configUpdateInput, table_configUncheckedUpdateInput> & table_configUncheckedUpdateInput) | (Without<...> & table_configUpdateInput), (Without<...> & table_configUncheckedUpdateInput) | (Without<...> & table_configUpdateInput)>'.
  Type '{ Config?: Prisma.JsonValue | undefined; Semester?: $Enums.semester | undefined; AcademicYear?: number | undefined; }' is not assignable to type '{ ConfigID?: Exact<string | StringFieldUpdateOperationsInput | undefined, string | StringFieldUpdateOperationsInput | undefined>; ... 9 more ...; updatedAt?: Exact<...>; }'.
    Types of property 'Config' are incompatible.
      Type 'JsonValue | undefined' is not assignable to type 'Exact<JsonNull | InputJsonValue | undefined, JsonNull | InputJsonValue | undefined>'.
        Type 'null' is not assignable to type 'Exact<JsonNull | InputJsonValue | undefined, JsonNull | InputJsonValue | undefined>'.
src/features/conflict/infrastructure/repositories/conflict.repository.ts(275,32): error TS2532: Object is possibly 'undefined'.
src/features/conflict/infrastructure/repositories/conflict.repository.ts(289,20): error TS2532: Object is possibly 'undefined'.
src/features/conflict/infrastructure/repositories/conflict.repository.ts(319,24): error TS2532: Object is possibly 'undefined'.
src/features/conflict/infrastructure/repositories/conflict.repository.ts(330,20): error TS2532: Object is possibly 'undefined'.
src/features/conflict/infrastructure/repositories/conflict.repository.ts(371,27): error TS2532: Object is possibly 'undefined'.
src/features/conflict/infrastructure/repositories/conflict.repository.ts(371,64): error TS2532: Object is possibly 'undefined'.
src/features/conflict/infrastructure/repositories/conflict.repository.ts(373,18): error TS2532: Object is possibly 'undefined'.
src/features/lock/domain/services/lock-template.service.ts(112,18): error TS2532: Object is possibly 'undefined'.
src/features/lock/domain/services/lock-template.service.ts(113,66): error TS2532: Object is possibly 'undefined'.
src/features/lock/domain/services/lock-template.service.ts(137,16): error TS2532: Object is possibly 'undefined'.
src/features/program/infrastructure/repositories/program.repository.ts(352,7): error TS2532: Object is possibly 'undefined'.
src/features/schedule-arrangement/application/actions/schedule-arrangement.actions.ts(63,3): error TS2345: Argument of type 'ObjectSchema<{ readonly classId: SchemaWithPipe<readonly [StringSchema<"Class ID must be a string">, NonEmptyAction<string, "Class ID is required">, MaxLengthAction<string, 255, "Class ID must not exceed 255 characters">]>; ... 7 more ...; readonly isLocked: OptionalSchema<...>; }, undefined>' is not assignable to parameter of type 'GenericSchema<{ classId: string; timeslotId: string; subjectCode: string; roomId: number | null; gradeId: string; teacherId?: number | undefined; academicYear: number; semester: "SEMESTER_1" | "SEMESTER_2"; isLocked: boolean; }>'.
  Types of property ''~standard'' are incompatible.
    Type 'StandardProps<{ classId: string; timeslotId: string; subjectCode: string; roomId: number | null; gradeId: string; teacherId?: number | undefined; academicYear: number; semester: string; isLocked?: boolean | undefined; }, { ...; }>' is not assignable to type 'StandardProps<{ classId: string; timeslotId: string; subjectCode: string; roomId: number | null; gradeId: string; teacherId?: number | undefined; academicYear: number; semester: "SEMESTER_1" | "SEMESTER_2"; isLocked: boolean; }, { ...; }>'.
      Type '{ classId: string; timeslotId: string; subjectCode: string; roomId: number | null; gradeId: string; teacherId?: number | undefined; academicYear: number; semester: string; isLocked?: boolean | undefined; }' is not assignable to type '{ classId: string; timeslotId: string; subjectCode: string; roomId: number | null; gradeId: string; teacherId?: number | undefined; academicYear: number; semester: "SEMESTER_1" | "SEMESTER_2"; isLocked: boolean; }'.
        Types of property 'semester' are incompatible.
          Type 'string' is not assignable to type '"SEMESTER_1" | "SEMESTER_2"'.
src/features/schedule-arrangement/application/actions/schedule-arrangement.actions.ts(209,3): error TS2345: Argument of type 'ObjectSchema<{ readonly academicYear: SchemaWithPipe<readonly [NumberSchema<"Academic year must be a number">, MinValueAction<number, 2500, "Year must be 2500 or later">, MaxValueAction<number, 2700, "Year must be 2700 or earlier">]>; readonly semester: SchemaWithPipe<...>; }, undefined>' is not assignable to parameter of type 'GenericSchema<{ academicYear: number; semester: "SEMESTER_1" | "SEMESTER_2"; }>'.
  Types of property ''~standard'' are incompatible.
    Type 'StandardProps<{ academicYear: number; semester: string; }, { academicYear: number; semester: "SEMESTER_1" | "SEMESTER_2"; }>' is not assignable to type 'StandardProps<{ academicYear: number; semester: "SEMESTER_1" | "SEMESTER_2"; }, { academicYear: number; semester: "SEMESTER_1" | "SEMESTER_2"; }>'.
      Type '{ academicYear: number; semester: string; }' is not assignable to type '{ academicYear: number; semester: "SEMESTER_1" | "SEMESTER_2"; }'.
        Types of property 'semester' are incompatible.
          Type 'string' is not assignable to type '"SEMESTER_1" | "SEMESTER_2"'.
src/features/schedule-arrangement/domain/services/conflict-detector.service.ts(177,9): error TS2322: Type 'number | null' is not assignable to type 'number | undefined'.
  Type 'null' is not assignable to type 'number | undefined'.
src/features/schedule-arrangement/presentation/components/examples/DraggableSubjectCard.tsx(272,20): error TS18048: 'subject.remainingHours' is possibly 'undefined'.
src/features/schedule-arrangement/presentation/hooks/useArrangeSchedule.ts(112,39): error TS2345: Argument of type 'null' is not assignable to parameter of type 'SubjectData'.
src/features/schedule-arrangement/presentation/hooks/useArrangeSchedule.ts(139,37): error TS2345: Argument of type 'SubjectData | null' is not assignable to parameter of type 'SubjectData'.
  Type 'null' is not assignable to type 'SubjectData'.
src/features/schedule-arrangement/presentation/hooks/useArrangeSchedule.ts(160,22): error TS2345: Argument of type 'SubjectData | null' is not assignable to parameter of type 'SubjectData'.
  Type 'null' is not assignable to type 'SubjectData'.
src/features/schedule-arrangement/presentation/hooks/useArrangeSchedule.ts(176,56): error TS2345: Argument of type 'null' is not assignable to parameter of type 'SubjectData'.
src/features/schedule-arrangement/presentation/stores/arrangement-ui.store.ts(434,11): error TS2769: No overload matches this call.
  Overload 1 of 2, '(partial: ArrangementUIStore | Partial<ArrangementUIStore> | ((state: ArrangementUIStore) => ArrangementUIStore | Partial<...>), replace?: false | undefined, action?: Action | undefined): void', gave the following error.
    Argument of type '(state: ArrangementUIStore) => ArrangementUIStore | { history: { past: SubjectData[][]; present: SubjectData[] | undefined; future: SubjectData[][]; }; scheduledSubjects: SubjectData[] | undefined; }' is not assignable to parameter of type 'ArrangementUIStore | Partial<ArrangementUIStore> | ((state: ArrangementUIStore) => ArrangementUIStore | Partial<...>)'.
      Type '(state: ArrangementUIStore) => ArrangementUIStore | { history: { past: SubjectData[][]; present: SubjectData[] | undefined; future: SubjectData[][]; }; scheduledSubjects: SubjectData[] | undefined; }' is not assignable to type '(state: ArrangementUIStore) => ArrangementUIStore | Partial<ArrangementUIStore>'.
        Type 'ArrangementUIStore | { history: { past: SubjectData[][]; present: SubjectData[] | undefined; future: SubjectData[][]; }; scheduledSubjects: SubjectData[] | undefined; }' is not assignable to type 'ArrangementUIStore | Partial<ArrangementUIStore>'.
          Type '{ history: { past: SubjectData[][]; present: SubjectData[] | undefined; future: SubjectData[][]; }; scheduledSubjects: SubjectData[] | undefined; }' is not assignable to type 'ArrangementUIStore | Partial<ArrangementUIStore>'.
            Type '{ history: { past: SubjectData[][]; present: SubjectData[] | undefined; future: SubjectData[][]; }; scheduledSubjects: SubjectData[] | undefined; }' is not assignable to type 'Partial<ArrangementUIStore>'.
              The types of 'history.present' are incompatible between these types.
                Type 'SubjectData[] | undefined' is not assignable to type 'SubjectData[]'.
                  Type 'undefined' is not assignable to type 'SubjectData[]'.
  Overload 2 of 2, '(state: ArrangementUIStore | ((state: ArrangementUIStore) => ArrangementUIStore), replace: true, action?: Action | undefined): void', gave the following error.
    Argument of type '(state: ArrangementUIStore) => ArrangementUIStore | { history: { past: SubjectData[][]; present: SubjectData[] | undefined; future: SubjectData[][]; }; scheduledSubjects: SubjectData[] | undefined; }' is not assignable to parameter of type 'ArrangementUIStore | ((state: ArrangementUIStore) => ArrangementUIStore)'.
      Type '(state: ArrangementUIStore) => ArrangementUIStore | { history: { past: SubjectData[][]; present: SubjectData[] | undefined; future: SubjectData[][]; }; scheduledSubjects: SubjectData[] | undefined; }' is not assignable to type '(state: ArrangementUIStore) => ArrangementUIStore'.
        Type 'ArrangementUIStore | { history: { past: SubjectData[][]; present: SubjectData[] | undefined; future: SubjectData[][]; }; scheduledSubjects: SubjectData[] | undefined; }' is not assignable to type 'ArrangementUIStore'.
          Type '{ history: { past: SubjectData[][]; present: SubjectData[] | undefined; future: SubjectData[][]; }; scheduledSubjects: SubjectData[] | undefined; }' is not assignable to type 'ArrangementUIStore'.
            Type '{ history: { past: SubjectData[][]; present: SubjectData[] | undefined; future: SubjectData[][]; }; scheduledSubjects: SubjectData[] | undefined; }' is missing the following properties from type 'ArrangementUIState': currentTeacherID, teacherData, selectedSubject, draggedSubject, and 14 more.
src/features/schedule-arrangement/presentation/stores/arrangement-ui.store.ts(456,11): error TS2769: No overload matches this call.
  Overload 1 of 2, '(partial: ArrangementUIStore | Partial<ArrangementUIStore> | ((state: ArrangementUIStore) => ArrangementUIStore | Partial<...>), replace?: false | undefined, action?: Action | undefined): void', gave the following error.
    Argument of type '(state: ArrangementUIStore) => ArrangementUIStore | { history: { past: SubjectData[][]; present: SubjectData[] | undefined; future: SubjectData[][]; }; scheduledSubjects: SubjectData[] | undefined; }' is not assignable to parameter of type 'ArrangementUIStore | Partial<ArrangementUIStore> | ((state: ArrangementUIStore) => ArrangementUIStore | Partial<...>)'.
      Type '(state: ArrangementUIStore) => ArrangementUIStore | { history: { past: SubjectData[][]; present: SubjectData[] | undefined; future: SubjectData[][]; }; scheduledSubjects: SubjectData[] | undefined; }' is not assignable to type '(state: ArrangementUIStore) => ArrangementUIStore | Partial<ArrangementUIStore>'.
        Type 'ArrangementUIStore | { history: { past: SubjectData[][]; present: SubjectData[] | undefined; future: SubjectData[][]; }; scheduledSubjects: SubjectData[] | undefined; }' is not assignable to type 'ArrangementUIStore | Partial<ArrangementUIStore>'.
          Type '{ history: { past: SubjectData[][]; present: SubjectData[] | undefined; future: SubjectData[][]; }; scheduledSubjects: SubjectData[] | undefined; }' is not assignable to type 'ArrangementUIStore | Partial<ArrangementUIStore>'.
            Type '{ history: { past: SubjectData[][]; present: SubjectData[] | undefined; future: SubjectData[][]; }; scheduledSubjects: SubjectData[] | undefined; }' is not assignable to type 'Partial<ArrangementUIStore>'.
              The types of 'history.present' are incompatible between these types.
                Type 'SubjectData[] | undefined' is not assignable to type 'SubjectData[]'.
                  Type 'undefined' is not assignable to type 'SubjectData[]'.
  Overload 2 of 2, '(state: ArrangementUIStore | ((state: ArrangementUIStore) => ArrangementUIStore), replace: true, action?: Action | undefined): void', gave the following error.
    Argument of type '(state: ArrangementUIStore) => ArrangementUIStore | { history: { past: SubjectData[][]; present: SubjectData[] | undefined; future: SubjectData[][]; }; scheduledSubjects: SubjectData[] | undefined; }' is not assignable to parameter of type 'ArrangementUIStore | ((state: ArrangementUIStore) => ArrangementUIStore)'.
      Type '(state: ArrangementUIStore) => ArrangementUIStore | { history: { past: SubjectData[][]; present: SubjectData[] | undefined; future: SubjectData[][]; }; scheduledSubjects: SubjectData[] | undefined; }' is not assignable to type '(state: ArrangementUIStore) => ArrangementUIStore'.
        Type 'ArrangementUIStore | { history: { past: SubjectData[][]; present: SubjectData[] | undefined; future: SubjectData[][]; }; scheduledSubjects: SubjectData[] | undefined; }' is not assignable to type 'ArrangementUIStore'.
          Type '{ history: { past: SubjectData[][]; present: SubjectData[] | undefined; future: SubjectData[][]; }; scheduledSubjects: SubjectData[] | undefined; }' is not assignable to type 'ArrangementUIStore'.
            Type '{ history: { past: SubjectData[][]; present: SubjectData[] | undefined; future: SubjectData[][]; }; scheduledSubjects: SubjectData[] | undefined; }' is missing the following properties from type 'ArrangementUIState': currentTeacherID, teacherData, selectedSubject, draggedSubject, and 14 more.
src/features/schedule-arrangement/presentation/stores/teacher-arrange.store.ts(383,29): error TS2769: No overload matches this call.
  Overload 1 of 4, '(target: {}, source: Partial<SubjectData>): Partial<SubjectData>', gave the following error.
    Argument of type 'WritableDraft<SubjectData> | undefined' is not assignable to parameter of type '{}'.
      Type 'undefined' is not assignable to type '{}'.
  Overload 2 of 4, '(target: object, ...sources: any[]): any', gave the following error.
    Argument of type 'WritableDraft<SubjectData> | undefined' is not assignable to parameter of type 'object'.
      Type 'undefined' is not assignable to type 'object'.
src/features/schedule-arrangement/presentation/stores/teacher-arrange.store.ts(720,3): error TS2484: Export declaration conflicts with exported declaration of 'TimeSlotContainer'.
src/features/schedule-arrangement/presentation/stores/teacher-arrange.store.ts(721,3): error TS2484: Export declaration conflicts with exported declaration of 'HistoryStack'.
src/features/schedule-arrangement/presentation/stores/teacher-arrange.store.ts(722,3): error TS2484: Export declaration conflicts with exported declaration of 'FilterPreferences'.
src/features/schedule-arrangement/presentation/stores/teacher-arrange.store.ts(723,3): error TS2484: Export declaration conflicts with exported declaration of 'ErrorState'.
src/features/semester/application/actions/semester.actions.ts(184,9): error TS2322: Type 'JsonValue' is not assignable to type '{}'.
  Type 'null' is not assignable to type '{}'.
src/features/semester/application/actions/semester.actions.ts(307,11): error TS2322: Type 'JsonValue' is not assignable to type '{}'.
  Type 'null' is not assignable to type '{}'.
src/features/semester/application/actions/semester.actions.ts(522,7): error TS2322: Type 'JsonValue' is not assignable to type 'InputJsonValue | undefined'.
  Type 'null' is not assignable to type 'InputJsonValue | undefined'.
src/features/semester/infrastructure/repositories/semester.repository.ts(376,5): error TS2322: Type 'any[]' is not assignable to type 'T'.
  'T' could be instantiated with an arbitrary type which could be unrelated to 'any[]'.
src/features/semester/infrastructure/repositories/semester.repository.ts(376,38): error TS2769: No overload matches this call.
  Overload 1 of 2, '(arg: PrismaPromise<any>[], options?: { isolationLevel?: TransactionIsolationLevel | undefined; } | undefined): Promise<any[]>', gave the following error.
    Argument of type '(tx: TransactionClient) => Promise<T>' is not assignable to parameter of type 'PrismaPromise<any>[]'.
  Overload 2 of 2, '(fn: (client: Omit<DynamicClientExtensionThis<TypeMap<InternalArgs & { result: {}; model: { $allModels: { aggregate: () => <This, FormalArgs extends _prisma_client_runtime_library.Args<This, "aggregate"> & PrismaCacheStrategy, const ActualArgs extends FormalArgs>(this: This, args: { [key in keyof ActualArgs]: key extends keyof FormalArgs ? ActualArgs[key] : never; }) => AcceleratePromise<...>; ... 6 more ...; groupBy: () => <This, FormalArgs extends _prisma_client_runtime_library.Args<This, "groupBy"> & PrismaCacheStrategy, const ActualArgs extends FormalArgs>(this: This, args: { [key in keyof ActualArgs]: key extends keyof FormalArgs ? ActualArgs[key] : never; }) => AcceleratePromise<...>; }; ... 13 more ...; verificationToken: { ...; }; }; query: {}; client: { ...; }; }, {}>, TypeMapCb<...>, { ...; }>, "$extends" | ... 3 more ... | "$on">) => Promise<...>, options?: { ...; } | undefined): Promise<...>', gave the following error.
    Argument of type '(tx: TransactionClient) => Promise<T>' is not assignable to parameter of type '(client: Omit<DynamicClientExtensionThis<TypeMap<InternalArgs & { result: {}; model: { $allModels: { aggregate: () => <This, FormalArgs extends _prisma_client_runtime_library.Args<This, "aggregate"> & PrismaCacheStrategy, const ActualArgs extends FormalArgs>(this: This, args: { [key in keyof ActualArgs]: key extends...'.
      Types of parameters 'tx' and 'client' are incompatible.
        Type 'Omit<DynamicClientExtensionThis<TypeMap<InternalArgs & { result: {}; model: { $allModels: { aggregate: () => <This, FormalArgs extends _prisma_client_runtime_library.Args<This, "aggregate"> & PrismaCacheStrategy, const ActualArgs extends FormalArgs>(this: This, args: { [key in keyof ActualArgs]: key extends keyof Fo...' is not assignable to type 'TransactionClient'.
          The types of 'class_schedule.findUnique' are incompatible between these types.
            Type '<This, FormalArgs extends _prisma_client_runtime_library.Args<This, "findUnique"> & PrismaCacheStrategy, const ActualArgs extends FormalArgs>(this: This, args: { [key in keyof ActualArgs]: key extends keyof FormalArgs ? ActualArgs[key] : never; } & (ActualArgs extends { ...; } ? "Please either choose `select` or `in...' is not assignable to type '<T extends class_scheduleFindUniqueArgs>(args: SelectSubset<T, class_scheduleFindUniqueArgs<DefaultArgs>>) => Prisma__class_scheduleClient<GetFindResult<...> | null, null, DefaultArgs, PrismaClientOptions>'.
              Types of parameters 'args' and 'args' are incompatible.
                Type 'SelectSubset<T, class_scheduleFindUniqueArgs<DefaultArgs>>' is not assignable to type '{ omit: any; select: any; include: any; where: any; } & "Please either choose `select` or `include`."'.
                  Type 'SelectSubset<T, class_scheduleFindUniqueArgs<DefaultArgs>>' is not assignable to type '{ omit: any; select: any; include: any; where: any; }'.
                    Property 'omit' is optional in type '{ [key in keyof T]: key extends keyof class_scheduleFindUniqueArgs<DefaultArgs> ? T[key] : never; }' but required in type '{ omit: any; select: any; include: any; where: any; }'.
src/features/subject/domain/services/subject-validation.service.ts(80,41): error TS18048: 'subject' is possibly 'undefined'.
src/features/subject/domain/services/subject-validation.service.ts(98,23): error TS18048: 'subject' is possibly 'undefined'.
src/features/subject/domain/services/subject-validation.service.ts(100,70): error TS18048: 'subject' is possibly 'undefined'.
src/features/subject/domain/services/subject-validation.service.ts(100,100): error TS18048: 'subject' is possibly 'undefined'.
src/features/subject/domain/services/subject-validation.service.ts(103,21): error TS18048: 'subject' is possibly 'undefined'.
src/features/subject/domain/services/subject-validation.service.ts(106,62): error TS18048: 'subject' is possibly 'undefined'.
src/features/subject/domain/services/subject-validation.service.ts(127,53): error TS18048: 'subject' is possibly 'undefined'.
src/features/timeslot/domain/services/timeslot.service.ts(18,18): error TS2322: Type 'string | undefined' is not assignable to type 'string'.
  Type 'undefined' is not assignable to type 'string'.
src/features/timeslot/domain/services/timeslot.service.ts(120,28): error TS2532: Object is possibly 'undefined'.
src/features/timeslot/domain/services/timeslot.service.ts(121,28): error TS2532: Object is possibly 'undefined'.
src/features/timeslot/infrastructure/repositories/timeslot.repository.ts(18,18): error TS2322: Type 'string | undefined' is not assignable to type 'string'.
  Type 'undefined' is not assignable to type 'string'.
src/functions/componentFunctions.ts(39,17): error TS2345: Argument of type 'string | undefined' is not assignable to parameter of type 'string'.
  Type 'undefined' is not assignable to type 'string'.
src/functions/componentFunctions.ts(40,17): error TS2345: Argument of type 'string | undefined' is not assignable to parameter of type 'string'.
  Type 'undefined' is not assignable to type 'string'.
src/functions/componentFunctions.ts(41,17): error TS2345: Argument of type 'string | undefined' is not assignable to parameter of type 'string'.
  Type 'undefined' is not assignable to type 'string'.
src/hooks/use-locked-schedules.ts(20,5): error TS2769: No overload matches this call.
  The last overload gave the following error.
    Type '() => Promise<GroupedLockedSchedule[] | undefined>' has no properties in common with type 'SWRConfiguration<GroupedLockedSchedule[], any, BareFetcher<GroupedLockedSchedule[]>>'.
src/hooks/use-timeslots.ts(20,5): error TS2769: No overload matches this call.
  The last overload gave the following error.
    Type '() => Promise<{ Semester: semester; AcademicYear: number; TimeslotID: string; StartTime: Date; EndTime: Date; Breaktime: breaktime; DayOfWeek: day_of_week; }[] | undefined>' has no properties in common with type 'SWRConfiguration<{ Semester: semester; AcademicYear: number; TimeslotID: string; StartTime: Date; EndTime: Date; Breaktime: breaktime; DayOfWeek: day_of_week; }[], any, BareFetcher<...>>'.
src/hooks/useSemesterSync.ts(41,5): error TS2322: Type 'string | undefined' is not assignable to type 'string'.
  Type 'undefined' is not assignable to type 'string'.
src/hooks/useSemesterSync.ts(42,5): error TS2322: Type 'string | undefined' is not assignable to type 'string'.
  Type 'undefined' is not assignable to type 'string'.
src/lib/feature-flags.ts(146,5): error TS2322: Type 'Record<string, FlagConfig> | undefined' is not assignable to type 'Record<string, FlagConfig> | null'.
  Type 'undefined' is not assignable to type 'Record<string, FlagConfig> | null'.
src/lib/public/teachers.ts(214,63): error TS2339: Property 'class_schedule' does not exist on type '{ GradeID: string; SubjectCode: string; TeacherID: number; AcademicYear: number; RespID: number; Semester: semester; TeachHour: number; }'.
src/lib/thai-year-format.ts(71,25): error TS2345: Argument of type 'string | undefined' is not assignable to parameter of type 'string'.
  Type 'undefined' is not assignable to type 'string'.
src/lib/thai-year-format.ts(112,25): error TS2345: Argument of type 'string | undefined' is not assignable to parameter of type 'string'.
  Type 'undefined' is not assignable to type 'string'.
src/lib/thai-year-format.ts(113,28): error TS2345: Argument of type 'string | undefined' is not assignable to parameter of type 'string'.
  Type 'undefined' is not assignable to type 'string'.
src/shared/lib/action-wrapper.ts(106,59): error TS2345: Argument of type 'string | undefined' is not assignable to parameter of type 'string'.
  Type 'undefined' is not assignable to type 'string'.
src/utils/export.utils.ts(15,28): error TS2769: No overload matches this call.
  Overload 1 of 2, '(o: {}): string[]', gave the following error.
    Argument of type 'T | undefined' is not assignable to parameter of type '{}'.
      Type 'undefined' is not assignable to type '{}'.
  Overload 2 of 2, '(o: object): string[]', gave the following error.
    Argument of type 'T | undefined' is not assignable to parameter of type 'object'.
      Type 'undefined' is not assignable to type 'object'.
src/utils/export.utils.ts(139,28): error TS2769: No overload matches this call.
  Overload 1 of 2, '(o: {}): string[]', gave the following error.
    Argument of type 'T | undefined' is not assignable to parameter of type '{}'.
      Type 'undefined' is not assignable to type '{}'.
  Overload 2 of 2, '(o: object): string[]', gave the following error.
    Argument of type 'T | undefined' is not assignable to parameter of type 'object'.
      Type 'undefined' is not assignable to type 'object'.
โ€ELIFECYCLEโ€ Command failed with exit code 1.
